[0.671s] DEBUG:colcon:Command line arguments: ['/usr/bin/colcon', 'build']
[0.671s] DEBUG:colcon:Parsed command line arguments: Namespace(log_base=None, log_level=None, verb_name='build', build_base='build', install_base='install', merge_install=False, symlink_install=False, test_result_base=None, continue_on_error=False, executor='parallel', parallel_workers=4, event_handlers=None, ignore_user_meta=False, metas=['./colcon.meta'], base_paths=['.'], packages_ignore=None, packages_ignore_regex=None, paths=None, packages_up_to=None, packages_up_to_regex=None, packages_above=None, packages_above_and_dependencies=None, packages_above_depth=None, packages_select_by_dep=None, packages_skip_by_dep=None, packages_skip_up_to=None, packages_select_build_failed=False, packages_skip_build_finished=False, packages_select_test_failures=False, packages_skip_test_passed=False, packages_select=None, packages_skip=None, packages_select_regex=None, packages_skip_regex=None, packages_start=None, packages_end=None, allow_overriding=[], cmake_args=None, cmake_target=None, cmake_target_skip_unavailable=False, cmake_clean_cache=False, cmake_clean_first=False, cmake_force_configure=False, ament_cmake_args=None, catkin_cmake_args=None, catkin_skip_building_tests=False, verb_parser=<colcon_defaults.argument_parser.defaults.DefaultArgumentsDecorator object at 0xffff85b23970>, verb_extension=<colcon_core.verb.build.BuildVerb object at 0xffff85a64520>, main=<bound method BuildVerb.main of <colcon_core.verb.build.BuildVerb object at 0xffff85a64520>>)
[1.745s] Level 1:colcon.colcon_core.package_discovery:discover_packages(colcon_meta) check parameters
[1.745s] Level 1:colcon.colcon_core.package_discovery:discover_packages(recursive) check parameters
[1.746s] Level 1:colcon.colcon_core.package_discovery:discover_packages(ignore) check parameters
[1.746s] Level 1:colcon.colcon_core.package_discovery:discover_packages(path) check parameters
[1.746s] Level 1:colcon.colcon_core.package_discovery:discover_packages(colcon_meta) discover
[1.746s] Level 1:colcon.colcon_core.package_discovery:discover_packages(recursive) discover
[1.746s] INFO:colcon.colcon_core.package_discovery:Crawling recursively for packages in '/home/an/bao_ws'
[1.747s] Level 1:colcon.colcon_core.package_identification:_identify(.) by extensions ['ignore', 'ignore_ament_install']
[1.748s] Level 1:colcon.colcon_core.package_identification:_identify(.) by extension 'ignore'
[1.748s] Level 1:colcon.colcon_core.package_identification:_identify(.) by extension 'ignore_ament_install'
[1.748s] Level 1:colcon.colcon_core.package_identification:_identify(.) by extensions ['colcon_pkg']
[1.749s] Level 1:colcon.colcon_core.package_identification:_identify(.) by extension 'colcon_pkg'
[1.749s] Level 1:colcon.colcon_core.package_identification:_identify(.) by extensions ['colcon_meta']
[1.749s] Level 1:colcon.colcon_core.package_identification:_identify(.) by extension 'colcon_meta'
[1.749s] Level 1:colcon.colcon_core.package_identification:_identify(.) by extensions ['ros']
[1.749s] Level 1:colcon.colcon_core.package_identification:_identify(.) by extension 'ros'
[1.823s] Level 1:colcon.colcon_core.package_identification:_identify(.) by extensions ['cmake', 'python']
[1.823s] Level 1:colcon.colcon_core.package_identification:_identify(.) by extension 'cmake'
[1.823s] Level 1:colcon.colcon_core.package_identification:_identify(.) by extension 'python'
[1.823s] Level 1:colcon.colcon_core.package_identification:_identify(.) by extensions ['python_setup_py']
[1.824s] Level 1:colcon.colcon_core.package_identification:_identify(.) by extension 'python_setup_py'
[1.824s] Level 1:colcon.colcon_core.package_identification:_identify(build) by extensions ['ignore', 'ignore_ament_install']
[1.824s] Level 1:colcon.colcon_core.package_identification:_identify(build) by extension 'ignore'
[1.825s] Level 1:colcon.colcon_core.package_identification:_identify(build) ignored
[1.825s] Level 1:colcon.colcon_core.package_identification:_identify(install) by extensions ['ignore', 'ignore_ament_install']
[1.826s] Level 1:colcon.colcon_core.package_identification:_identify(install) by extension 'ignore'
[1.826s] Level 1:colcon.colcon_core.package_identification:_identify(install) ignored
[1.826s] Level 1:colcon.colcon_core.package_identification:_identify(log) by extensions ['ignore', 'ignore_ament_install']
[1.826s] Level 1:colcon.colcon_core.package_identification:_identify(log) by extension 'ignore'
[1.827s] Level 1:colcon.colcon_core.package_identification:_identify(log) ignored
[1.827s] Level 1:colcon.colcon_core.package_identification:_identify(src) by extensions ['ignore', 'ignore_ament_install']
[1.827s] Level 1:colcon.colcon_core.package_identification:_identify(src) by extension 'ignore'
[1.828s] Level 1:colcon.colcon_core.package_identification:_identify(src) by extension 'ignore_ament_install'
[1.828s] Level 1:colcon.colcon_core.package_identification:_identify(src) by extensions ['colcon_pkg']
[1.828s] Level 1:colcon.colcon_core.package_identification:_identify(src) by extension 'colcon_pkg'
[1.828s] Level 1:colcon.colcon_core.package_identification:_identify(src) by extensions ['colcon_meta']
[1.828s] Level 1:colcon.colcon_core.package_identification:_identify(src) by extension 'colcon_meta'
[1.828s] Level 1:colcon.colcon_core.package_identification:_identify(src) by extensions ['ros']
[1.828s] Level 1:colcon.colcon_core.package_identification:_identify(src) by extension 'ros'
[1.829s] Level 1:colcon.colcon_core.package_identification:_identify(src) by extensions ['cmake', 'python']
[1.829s] Level 1:colcon.colcon_core.package_identification:_identify(src) by extension 'cmake'
[1.829s] Level 1:colcon.colcon_core.package_identification:_identify(src) by extension 'python'
[1.829s] Level 1:colcon.colcon_core.package_identification:_identify(src) by extensions ['python_setup_py']
[1.829s] Level 1:colcon.colcon_core.package_identification:_identify(src) by extension 'python_setup_py'
[1.830s] Level 1:colcon.colcon_core.package_identification:_identify(src/diffdrive_esp) by extensions ['ignore', 'ignore_ament_install']
[1.830s] Level 1:colcon.colcon_core.package_identification:_identify(src/diffdrive_esp) by extension 'ignore'
[1.830s] Level 1:colcon.colcon_core.package_identification:_identify(src/diffdrive_esp) by extension 'ignore_ament_install'
[1.830s] Level 1:colcon.colcon_core.package_identification:_identify(src/diffdrive_esp) by extensions ['colcon_pkg']
[1.831s] Level 1:colcon.colcon_core.package_identification:_identify(src/diffdrive_esp) by extension 'colcon_pkg'
[1.831s] Level 1:colcon.colcon_core.package_identification:_identify(src/diffdrive_esp) by extensions ['colcon_meta']
[1.831s] Level 1:colcon.colcon_core.package_identification:_identify(src/diffdrive_esp) by extension 'colcon_meta'
[1.831s] Level 1:colcon.colcon_core.package_identification:_identify(src/diffdrive_esp) by extensions ['ros']
[1.831s] Level 1:colcon.colcon_core.package_identification:_identify(src/diffdrive_esp) by extension 'ros'
[1.852s] DEBUG:colcon.colcon_core.package_identification:Package 'src/diffdrive_esp' with type 'ros.ament_cmake' and name 'diffdrive_esp'
[1.852s] Level 1:colcon.colcon_core.package_identification:_identify(src/tb3_controller) by extensions ['ignore', 'ignore_ament_install']
[1.853s] Level 1:colcon.colcon_core.package_identification:_identify(src/tb3_controller) by extension 'ignore'
[1.853s] Level 1:colcon.colcon_core.package_identification:_identify(src/tb3_controller) by extension 'ignore_ament_install'
[1.853s] Level 1:colcon.colcon_core.package_identification:_identify(src/tb3_controller) by extensions ['colcon_pkg']
[1.854s] Level 1:colcon.colcon_core.package_identification:_identify(src/tb3_controller) by extension 'colcon_pkg'
[1.854s] Level 1:colcon.colcon_core.package_identification:_identify(src/tb3_controller) by extensions ['colcon_meta']
[1.854s] Level 1:colcon.colcon_core.package_identification:_identify(src/tb3_controller) by extension 'colcon_meta'
[1.854s] Level 1:colcon.colcon_core.package_identification:_identify(src/tb3_controller) by extensions ['ros']
[1.854s] Level 1:colcon.colcon_core.package_identification:_identify(src/tb3_controller) by extension 'ros'
[1.861s] DEBUG:colcon.colcon_core.package_identification:Package 'src/tb3_controller' with type 'ros.ament_cmake' and name 'tb3_controller'
[1.863s] Level 1:colcon.colcon_core.package_identification:_identify(src/tb3_description) by extensions ['ignore', 'ignore_ament_install']
[1.863s] Level 1:colcon.colcon_core.package_identification:_identify(src/tb3_description) by extension 'ignore'
[1.863s] Level 1:colcon.colcon_core.package_identification:_identify(src/tb3_description) by extension 'ignore_ament_install'
[1.864s] Level 1:colcon.colcon_core.package_identification:_identify(src/tb3_description) by extensions ['colcon_pkg']
[1.864s] Level 1:colcon.colcon_core.package_identification:_identify(src/tb3_description) by extension 'colcon_pkg'
[1.864s] Level 1:colcon.colcon_core.package_identification:_identify(src/tb3_description) by extensions ['colcon_meta']
[1.864s] Level 1:colcon.colcon_core.package_identification:_identify(src/tb3_description) by extension 'colcon_meta'
[1.864s] Level 1:colcon.colcon_core.package_identification:_identify(src/tb3_description) by extensions ['ros']
[1.864s] Level 1:colcon.colcon_core.package_identification:_identify(src/tb3_description) by extension 'ros'
[1.867s] DEBUG:colcon.colcon_core.package_identification:Package 'src/tb3_description' with type 'ros.ament_cmake' and name 'tb3_description'
[1.868s] Level 1:colcon.colcon_core.package_discovery:discover_packages(recursive) using defaults
[1.868s] Level 1:colcon.colcon_core.package_discovery:discover_packages(ignore) discover
[1.868s] Level 1:colcon.colcon_core.package_discovery:discover_packages(ignore) using defaults
[1.868s] Level 1:colcon.colcon_core.package_discovery:discover_packages(path) discover
[1.868s] Level 1:colcon.colcon_core.package_discovery:discover_packages(path) using defaults
[1.982s] Level 1:colcon.colcon_core.package_discovery:discover_packages(prefix_path) check parameters
[1.982s] Level 1:colcon.colcon_core.package_discovery:discover_packages(prefix_path) discover
[1.999s] DEBUG:colcon.colcon_installed_package_information.package_discovery:Found 3 installed packages in /home/an/bao_ws/install
[2.002s] DEBUG:colcon.colcon_installed_package_information.package_discovery:Found 1 installed packages in /home/an/ros2_ws/install
[2.005s] DEBUG:colcon.colcon_installed_package_information.package_discovery:Found 5 installed packages in /home/an/an_ws/install
[2.013s] DEBUG:colcon.colcon_installed_package_information.package_discovery:Found 229 installed packages in /opt/ros/humble
[2.019s] Level 1:colcon.colcon_core.package_discovery:discover_packages(prefix_path) using defaults
[2.217s] Level 5:colcon.colcon_core.verb:set package 'diffdrive_esp' build argument 'cmake_args' from command line to 'None'
[2.217s] Level 5:colcon.colcon_core.verb:set package 'diffdrive_esp' build argument 'cmake_target' from command line to 'None'
[2.218s] Level 5:colcon.colcon_core.verb:set package 'diffdrive_esp' build argument 'cmake_target_skip_unavailable' from command line to 'False'
[2.218s] Level 5:colcon.colcon_core.verb:set package 'diffdrive_esp' build argument 'cmake_clean_cache' from command line to 'False'
[2.218s] Level 5:colcon.colcon_core.verb:set package 'diffdrive_esp' build argument 'cmake_clean_first' from command line to 'False'
[2.218s] Level 5:colcon.colcon_core.verb:set package 'diffdrive_esp' build argument 'cmake_force_configure' from command line to 'False'
[2.218s] Level 5:colcon.colcon_core.verb:set package 'diffdrive_esp' build argument 'ament_cmake_args' from command line to 'None'
[2.218s] Level 5:colcon.colcon_core.verb:set package 'diffdrive_esp' build argument 'catkin_cmake_args' from command line to 'None'
[2.218s] Level 5:colcon.colcon_core.verb:set package 'diffdrive_esp' build argument 'catkin_skip_building_tests' from command line to 'False'
[2.218s] DEBUG:colcon.colcon_core.verb:Building package 'diffdrive_esp' with the following arguments: {'ament_cmake_args': None, 'build_base': '/home/an/bao_ws/build/diffdrive_esp', 'catkin_cmake_args': None, 'catkin_skip_building_tests': False, 'cmake_args': None, 'cmake_clean_cache': False, 'cmake_clean_first': False, 'cmake_force_configure': False, 'cmake_target': None, 'cmake_target_skip_unavailable': False, 'install_base': '/home/an/bao_ws/install/diffdrive_esp', 'merge_install': False, 'path': '/home/an/bao_ws/src/diffdrive_esp', 'symlink_install': False, 'test_result_base': None}
[2.220s] Level 5:colcon.colcon_core.verb:set package 'tb3_controller' build argument 'cmake_args' from command line to 'None'
[2.220s] Level 5:colcon.colcon_core.verb:set package 'tb3_controller' build argument 'cmake_target' from command line to 'None'
[2.220s] Level 5:colcon.colcon_core.verb:set package 'tb3_controller' build argument 'cmake_target_skip_unavailable' from command line to 'False'
[2.220s] Level 5:colcon.colcon_core.verb:set package 'tb3_controller' build argument 'cmake_clean_cache' from command line to 'False'
[2.220s] Level 5:colcon.colcon_core.verb:set package 'tb3_controller' build argument 'cmake_clean_first' from command line to 'False'
[2.220s] Level 5:colcon.colcon_core.verb:set package 'tb3_controller' build argument 'cmake_force_configure' from command line to 'False'
[2.220s] Level 5:colcon.colcon_core.verb:set package 'tb3_controller' build argument 'ament_cmake_args' from command line to 'None'
[2.221s] Level 5:colcon.colcon_core.verb:set package 'tb3_controller' build argument 'catkin_cmake_args' from command line to 'None'
[2.221s] Level 5:colcon.colcon_core.verb:set package 'tb3_controller' build argument 'catkin_skip_building_tests' from command line to 'False'
[2.221s] DEBUG:colcon.colcon_core.verb:Building package 'tb3_controller' with the following arguments: {'ament_cmake_args': None, 'build_base': '/home/an/bao_ws/build/tb3_controller', 'catkin_cmake_args': None, 'catkin_skip_building_tests': False, 'cmake_args': None, 'cmake_clean_cache': False, 'cmake_clean_first': False, 'cmake_force_configure': False, 'cmake_target': None, 'cmake_target_skip_unavailable': False, 'install_base': '/home/an/bao_ws/install/tb3_controller', 'merge_install': False, 'path': '/home/an/bao_ws/src/tb3_controller', 'symlink_install': False, 'test_result_base': None}
[2.222s] Level 5:colcon.colcon_core.verb:set package 'tb3_description' build argument 'cmake_args' from command line to 'None'
[2.222s] Level 5:colcon.colcon_core.verb:set package 'tb3_description' build argument 'cmake_target' from command line to 'None'
[2.222s] Level 5:colcon.colcon_core.verb:set package 'tb3_description' build argument 'cmake_target_skip_unavailable' from command line to 'False'
[2.222s] Level 5:colcon.colcon_core.verb:set package 'tb3_description' build argument 'cmake_clean_cache' from command line to 'False'
[2.223s] Level 5:colcon.colcon_core.verb:set package 'tb3_description' build argument 'cmake_clean_first' from command line to 'False'
[2.223s] Level 5:colcon.colcon_core.verb:set package 'tb3_description' build argument 'cmake_force_configure' from command line to 'False'
[2.223s] Level 5:colcon.colcon_core.verb:set package 'tb3_description' build argument 'ament_cmake_args' from command line to 'None'
[2.223s] Level 5:colcon.colcon_core.verb:set package 'tb3_description' build argument 'catkin_cmake_args' from command line to 'None'
[2.223s] Level 5:colcon.colcon_core.verb:set package 'tb3_description' build argument 'catkin_skip_building_tests' from command line to 'False'
[2.223s] DEBUG:colcon.colcon_core.verb:Building package 'tb3_description' with the following arguments: {'ament_cmake_args': None, 'build_base': '/home/an/bao_ws/build/tb3_description', 'catkin_cmake_args': None, 'catkin_skip_building_tests': False, 'cmake_args': None, 'cmake_clean_cache': False, 'cmake_clean_first': False, 'cmake_force_configure': False, 'cmake_target': None, 'cmake_target_skip_unavailable': False, 'install_base': '/home/an/bao_ws/install/tb3_description', 'merge_install': False, 'path': '/home/an/bao_ws/src/tb3_description', 'symlink_install': False, 'test_result_base': None}
[2.224s] INFO:colcon.colcon_core.executor:Executing jobs using 'parallel' executor
[2.227s] DEBUG:colcon.colcon_parallel_executor.executor.parallel:run_until_complete
[2.228s] INFO:colcon.colcon_ros.task.ament_cmake.build:Building ROS package in '/home/an/bao_ws/src/diffdrive_esp' with build type 'ament_cmake'
[2.228s] INFO:colcon.colcon_cmake.task.cmake.build:Building CMake package in '/home/an/bao_ws/src/diffdrive_esp'
[2.250s] INFO:colcon.colcon_core.plugin_system:Skipping extension 'colcon_core.shell.bat': Not used on non-Windows systems
[2.251s] INFO:colcon.colcon_core.shell:Skip shell extension 'powershell' for command environment: Not usable outside of PowerShell
[2.251s] DEBUG:colcon.colcon_core.shell:Skip shell extension 'dsv' for command environment
[2.280s] INFO:colcon.colcon_ros.task.ament_cmake.build:Building ROS package in '/home/an/bao_ws/src/tb3_controller' with build type 'ament_cmake'
[2.281s] INFO:colcon.colcon_cmake.task.cmake.build:Building CMake package in '/home/an/bao_ws/src/tb3_controller'
[2.282s] INFO:colcon.colcon_core.shell:Skip shell extension 'powershell' for command environment: Not usable outside of PowerShell
[2.282s] DEBUG:colcon.colcon_core.shell:Skip shell extension 'dsv' for command environment
[2.310s] INFO:colcon.colcon_ros.task.ament_cmake.build:Building ROS package in '/home/an/bao_ws/src/tb3_description' with build type 'ament_cmake'
[2.311s] INFO:colcon.colcon_cmake.task.cmake.build:Building CMake package in '/home/an/bao_ws/src/tb3_description'
[2.312s] INFO:colcon.colcon_core.shell:Skip shell extension 'powershell' for command environment: Not usable outside of PowerShell
[2.313s] DEBUG:colcon.colcon_core.shell:Skip shell extension 'dsv' for command environment
[2.362s] DEBUG:colcon.colcon_core.event_handler.log_command:Invoking command in '/home/an/bao_ws/build/diffdrive_esp': CMAKE_PREFIX_PATH=${CMAKE_PREFIX_PATH}:/home/an/ros2_ws/install/self_driving:/opt/ros/humble /usr/bin/cmake --build /home/an/bao_ws/build/diffdrive_esp -- -j4 -l4
[2.403s] DEBUG:colcon.colcon_core.event_handler.log_command:Invoking command in '/home/an/bao_ws/build/tb3_controller': CMAKE_PREFIX_PATH=${CMAKE_PREFIX_PATH}:/home/an/ros2_ws/install/self_driving:/opt/ros/humble /usr/bin/cmake --build /home/an/bao_ws/build/tb3_controller -- -j4 -l4
[2.423s] DEBUG:colcon.colcon_core.event_handler.log_command:Invoking command in '/home/an/bao_ws/build/tb3_description': CMAKE_PREFIX_PATH=${CMAKE_PREFIX_PATH}:/home/an/ros2_ws/install/self_driving:/opt/ros/humble /usr/bin/cmake --build /home/an/bao_ws/build/tb3_description -- -j4 -l4
[2.895s] DEBUG:colcon.colcon_core.event_handler.log_command:Invoked command in '/home/an/bao_ws/build/tb3_description' returned '0': CMAKE_PREFIX_PATH=${CMAKE_PREFIX_PATH}:/home/an/ros2_ws/install/self_driving:/opt/ros/humble /usr/bin/cmake --build /home/an/bao_ws/build/tb3_description -- -j4 -l4
[3.065s] DEBUG:colcon.colcon_core.event_handler.log_command:Invoking command in '/home/an/bao_ws/build/tb3_description': CMAKE_PREFIX_PATH=${CMAKE_PREFIX_PATH}:/home/an/ros2_ws/install/self_driving:/opt/ros/humble /usr/bin/cmake --install /home/an/bao_ws/build/tb3_description
[3.158s] Level 1:colcon.colcon_core.environment:create_environment_scripts_only(tb3_description)
[3.172s] DEBUG:colcon.colcon_core.event_handler.log_command:Invoked command in '/home/an/bao_ws/build/tb3_description' returned '0': CMAKE_PREFIX_PATH=${CMAKE_PREFIX_PATH}:/home/an/ros2_ws/install/self_driving:/opt/ros/humble /usr/bin/cmake --install /home/an/bao_ws/build/tb3_description
[3.214s] Level 1:colcon.colcon_core.environment:checking '/home/an/bao_ws/install/tb3_description' for CMake module files
[3.217s] Level 1:colcon.colcon_core.environment:checking '/home/an/bao_ws/install/tb3_description' for CMake config files
[3.220s] Level 1:colcon.colcon_core.shell:create_environment_hook('tb3_description', 'cmake_prefix_path')
[3.221s] INFO:colcon.colcon_core.shell:Creating environment hook '/home/an/bao_ws/install/tb3_description/share/tb3_description/hook/cmake_prefix_path.ps1'
[3.228s] INFO:colcon.colcon_core.shell:Creating environment descriptor '/home/an/bao_ws/install/tb3_description/share/tb3_description/hook/cmake_prefix_path.dsv'
[3.236s] INFO:colcon.colcon_core.shell:Creating environment hook '/home/an/bao_ws/install/tb3_description/share/tb3_description/hook/cmake_prefix_path.sh'
[3.244s] Level 1:colcon.colcon_core.environment:checking '/home/an/bao_ws/install/tb3_description/bin'
[3.244s] Level 1:colcon.colcon_core.environment:checking '/home/an/bao_ws/install/tb3_description/lib/pkgconfig/tb3_description.pc'
[3.245s] Level 1:colcon.colcon_core.environment:checking '/home/an/bao_ws/install/tb3_description/lib/python3.10/site-packages'
[3.246s] Level 1:colcon.colcon_core.environment:checking '/home/an/bao_ws/install/tb3_description/bin'
[3.248s] INFO:colcon.colcon_core.shell:Creating package script '/home/an/bao_ws/install/tb3_description/share/tb3_description/package.ps1'
[3.258s] INFO:colcon.colcon_core.shell:Creating package descriptor '/home/an/bao_ws/install/tb3_description/share/tb3_description/package.dsv'
[3.263s] INFO:colcon.colcon_core.shell:Creating package script '/home/an/bao_ws/install/tb3_description/share/tb3_description/package.sh'
[3.269s] INFO:colcon.colcon_core.shell:Creating package script '/home/an/bao_ws/install/tb3_description/share/tb3_description/package.bash'
[3.278s] INFO:colcon.colcon_core.shell:Creating package script '/home/an/bao_ws/install/tb3_description/share/tb3_description/package.zsh'
[3.290s] Level 1:colcon.colcon_core.environment:create_file_with_runtime_dependencies(/home/an/bao_ws/install/tb3_description/share/colcon-core/packages/tb3_description)
[3.405s] Level 1:colcon.colcon_core.environment:create_environment_scripts_only(tb3_description)
[3.406s] Level 1:colcon.colcon_core.environment:checking '/home/an/bao_ws/install/tb3_description' for CMake module files
[3.409s] Level 1:colcon.colcon_core.environment:checking '/home/an/bao_ws/install/tb3_description' for CMake config files
[3.412s] Level 1:colcon.colcon_core.shell:create_environment_hook('tb3_description', 'cmake_prefix_path')
[3.414s] INFO:colcon.colcon_core.shell:Creating environment hook '/home/an/bao_ws/install/tb3_description/share/tb3_description/hook/cmake_prefix_path.ps1'
[3.416s] INFO:colcon.colcon_core.shell:Creating environment descriptor '/home/an/bao_ws/install/tb3_description/share/tb3_description/hook/cmake_prefix_path.dsv'
[3.418s] INFO:colcon.colcon_core.shell:Creating environment hook '/home/an/bao_ws/install/tb3_description/share/tb3_description/hook/cmake_prefix_path.sh'
[3.421s] Level 1:colcon.colcon_core.environment:checking '/home/an/bao_ws/install/tb3_description/bin'
[3.422s] Level 1:colcon.colcon_core.environment:checking '/home/an/bao_ws/install/tb3_description/lib/pkgconfig/tb3_description.pc'
[3.423s] Level 1:colcon.colcon_core.environment:checking '/home/an/bao_ws/install/tb3_description/lib/python3.10/site-packages'
[3.424s] Level 1:colcon.colcon_core.environment:checking '/home/an/bao_ws/install/tb3_description/bin'
[3.426s] INFO:colcon.colcon_core.shell:Creating package script '/home/an/bao_ws/install/tb3_description/share/tb3_description/package.ps1'
[3.429s] INFO:colcon.colcon_core.shell:Creating package descriptor '/home/an/bao_ws/install/tb3_description/share/tb3_description/package.dsv'
[3.432s] INFO:colcon.colcon_core.shell:Creating package script '/home/an/bao_ws/install/tb3_description/share/tb3_description/package.sh'
[3.435s] INFO:colcon.colcon_core.shell:Creating package script '/home/an/bao_ws/install/tb3_description/share/tb3_description/package.bash'
[3.437s] INFO:colcon.colcon_core.shell:Creating package script '/home/an/bao_ws/install/tb3_description/share/tb3_description/package.zsh'
[3.440s] Level 1:colcon.colcon_core.environment:create_file_with_runtime_dependencies(/home/an/bao_ws/install/tb3_description/share/colcon-core/packages/tb3_description)
[4.312s] DEBUG:colcon.colcon_core.event_handler.log_command:Invoked command in '/home/an/bao_ws/build/tb3_controller' returned '0': CMAKE_PREFIX_PATH=${CMAKE_PREFIX_PATH}:/home/an/ros2_ws/install/self_driving:/opt/ros/humble /usr/bin/cmake --build /home/an/bao_ws/build/tb3_controller -- -j4 -l4
[4.458s] DEBUG:colcon.colcon_core.event_handler.log_command:Invoking command in '/home/an/bao_ws/build/tb3_controller': CMAKE_PREFIX_PATH=${CMAKE_PREFIX_PATH}:/home/an/ros2_ws/install/self_driving:/opt/ros/humble /usr/bin/cmake --install /home/an/bao_ws/build/tb3_controller
[4.698s] Level 1:colcon.colcon_core.environment:create_environment_scripts_only(tb3_controller)
[4.699s] Level 1:colcon.colcon_core.environment:checking '/home/an/bao_ws/install/tb3_controller' for CMake module files
[4.701s] DEBUG:colcon.colcon_core.event_handler.log_command:Invoked command in '/home/an/bao_ws/build/tb3_controller' returned '0': CMAKE_PREFIX_PATH=${CMAKE_PREFIX_PATH}:/home/an/ros2_ws/install/self_driving:/opt/ros/humble /usr/bin/cmake --install /home/an/bao_ws/build/tb3_controller
[4.704s] Level 1:colcon.colcon_core.environment:checking '/home/an/bao_ws/install/tb3_controller' for CMake config files
[4.707s] Level 1:colcon.colcon_core.shell:create_environment_hook('tb3_controller', 'cmake_prefix_path')
[4.708s] INFO:colcon.colcon_core.shell:Creating environment hook '/home/an/bao_ws/install/tb3_controller/share/tb3_controller/hook/cmake_prefix_path.ps1'
[4.710s] INFO:colcon.colcon_core.shell:Creating environment descriptor '/home/an/bao_ws/install/tb3_controller/share/tb3_controller/hook/cmake_prefix_path.dsv'
[4.712s] INFO:colcon.colcon_core.shell:Creating environment hook '/home/an/bao_ws/install/tb3_controller/share/tb3_controller/hook/cmake_prefix_path.sh'
[4.715s] Level 1:colcon.colcon_core.environment:checking '/home/an/bao_ws/install/tb3_controller/lib'
[4.716s] Level 1:colcon.colcon_core.environment:checking '/home/an/bao_ws/install/tb3_controller/bin'
[4.716s] Level 1:colcon.colcon_core.environment:checking '/home/an/bao_ws/install/tb3_controller/lib/pkgconfig/tb3_controller.pc'
[4.717s] Level 1:colcon.colcon_core.environment:checking '/home/an/bao_ws/install/tb3_controller/lib/python3.10/site-packages'
[4.718s] Level 1:colcon.colcon_core.environment:checking '/home/an/bao_ws/install/tb3_controller/bin'
[4.720s] INFO:colcon.colcon_core.shell:Creating package script '/home/an/bao_ws/install/tb3_controller/share/tb3_controller/package.ps1'
[4.722s] INFO:colcon.colcon_core.shell:Creating package descriptor '/home/an/bao_ws/install/tb3_controller/share/tb3_controller/package.dsv'
[4.724s] INFO:colcon.colcon_core.shell:Creating package script '/home/an/bao_ws/install/tb3_controller/share/tb3_controller/package.sh'
[4.725s] INFO:colcon.colcon_core.shell:Creating package script '/home/an/bao_ws/install/tb3_controller/share/tb3_controller/package.bash'
[4.727s] INFO:colcon.colcon_core.shell:Creating package script '/home/an/bao_ws/install/tb3_controller/share/tb3_controller/package.zsh'
[4.729s] Level 1:colcon.colcon_core.environment:create_file_with_runtime_dependencies(/home/an/bao_ws/install/tb3_controller/share/colcon-core/packages/tb3_controller)
[4.889s] Level 1:colcon.colcon_core.environment:create_environment_scripts_only(tb3_controller)
[4.890s] Level 1:colcon.colcon_core.environment:checking '/home/an/bao_ws/install/tb3_controller' for CMake module files
[4.894s] Level 1:colcon.colcon_core.environment:checking '/home/an/bao_ws/install/tb3_controller' for CMake config files
[4.899s] Level 1:colcon.colcon_core.shell:create_environment_hook('tb3_controller', 'cmake_prefix_path')
[4.900s] INFO:colcon.colcon_core.shell:Creating environment hook '/home/an/bao_ws/install/tb3_controller/share/tb3_controller/hook/cmake_prefix_path.ps1'
[4.902s] INFO:colcon.colcon_core.shell:Creating environment descriptor '/home/an/bao_ws/install/tb3_controller/share/tb3_controller/hook/cmake_prefix_path.dsv'
[4.903s] INFO:colcon.colcon_core.shell:Creating environment hook '/home/an/bao_ws/install/tb3_controller/share/tb3_controller/hook/cmake_prefix_path.sh'
[4.905s] Level 1:colcon.colcon_core.environment:checking '/home/an/bao_ws/install/tb3_controller/lib'
[4.906s] Level 1:colcon.colcon_core.environment:checking '/home/an/bao_ws/install/tb3_controller/bin'
[4.906s] Level 1:colcon.colcon_core.environment:checking '/home/an/bao_ws/install/tb3_controller/lib/pkgconfig/tb3_controller.pc'
[4.907s] Level 1:colcon.colcon_core.environment:checking '/home/an/bao_ws/install/tb3_controller/lib/python3.10/site-packages'
[4.908s] Level 1:colcon.colcon_core.environment:checking '/home/an/bao_ws/install/tb3_controller/bin'
[4.909s] INFO:colcon.colcon_core.shell:Creating package script '/home/an/bao_ws/install/tb3_controller/share/tb3_controller/package.ps1'
[4.911s] INFO:colcon.colcon_core.shell:Creating package descriptor '/home/an/bao_ws/install/tb3_controller/share/tb3_controller/package.dsv'
[4.913s] INFO:colcon.colcon_core.shell:Creating package script '/home/an/bao_ws/install/tb3_controller/share/tb3_controller/package.sh'
[4.915s] INFO:colcon.colcon_core.shell:Creating package script '/home/an/bao_ws/install/tb3_controller/share/tb3_controller/package.bash'
[4.916s] INFO:colcon.colcon_core.shell:Creating package script '/home/an/bao_ws/install/tb3_controller/share/tb3_controller/package.zsh'
[4.918s] Level 1:colcon.colcon_core.environment:create_file_with_runtime_dependencies(/home/an/bao_ws/install/tb3_controller/share/colcon-core/packages/tb3_controller)
[19.931s] DEBUG:colcon.colcon_core.event_handler.log_command:Invoked command in '/home/an/bao_ws/build/diffdrive_esp' returned '0': CMAKE_PREFIX_PATH=${CMAKE_PREFIX_PATH}:/home/an/ros2_ws/install/self_driving:/opt/ros/humble /usr/bin/cmake --build /home/an/bao_ws/build/diffdrive_esp -- -j4 -l4
[20.083s] DEBUG:colcon.colcon_core.event_handler.log_command:Invoking command in '/home/an/bao_ws/build/diffdrive_esp': CMAKE_PREFIX_PATH=${CMAKE_PREFIX_PATH}:/home/an/ros2_ws/install/self_driving:/opt/ros/humble /usr/bin/cmake --install /home/an/bao_ws/build/diffdrive_esp
[20.153s] Level 1:colcon.colcon_core.environment:create_environment_scripts_only(diffdrive_esp)
[20.154s] Level 1:colcon.colcon_core.environment:checking '/home/an/bao_ws/install/diffdrive_esp' for CMake module files
[20.156s] DEBUG:colcon.colcon_core.event_handler.log_command:Invoked command in '/home/an/bao_ws/build/diffdrive_esp' returned '0': CMAKE_PREFIX_PATH=${CMAKE_PREFIX_PATH}:/home/an/ros2_ws/install/self_driving:/opt/ros/humble /usr/bin/cmake --install /home/an/bao_ws/build/diffdrive_esp
[20.159s] Level 1:colcon.colcon_core.environment:checking '/home/an/bao_ws/install/diffdrive_esp' for CMake config files
[20.162s] Level 1:colcon.colcon_core.shell:create_environment_hook('diffdrive_esp', 'cmake_prefix_path')
[20.163s] INFO:colcon.colcon_core.shell:Creating environment hook '/home/an/bao_ws/install/diffdrive_esp/share/diffdrive_esp/hook/cmake_prefix_path.ps1'
[20.165s] INFO:colcon.colcon_core.shell:Creating environment descriptor '/home/an/bao_ws/install/diffdrive_esp/share/diffdrive_esp/hook/cmake_prefix_path.dsv'
[20.166s] INFO:colcon.colcon_core.shell:Creating environment hook '/home/an/bao_ws/install/diffdrive_esp/share/diffdrive_esp/hook/cmake_prefix_path.sh'
[20.169s] Level 1:colcon.colcon_core.environment:checking '/home/an/bao_ws/install/diffdrive_esp/lib'
[20.170s] Level 1:colcon.colcon_core.shell:create_environment_hook('diffdrive_esp', 'ld_library_path_lib')
[20.171s] INFO:colcon.colcon_core.shell:Creating environment hook '/home/an/bao_ws/install/diffdrive_esp/share/diffdrive_esp/hook/ld_library_path_lib.ps1'
[20.173s] INFO:colcon.colcon_core.shell:Creating environment descriptor '/home/an/bao_ws/install/diffdrive_esp/share/diffdrive_esp/hook/ld_library_path_lib.dsv'
[20.175s] INFO:colcon.colcon_core.shell:Creating environment hook '/home/an/bao_ws/install/diffdrive_esp/share/diffdrive_esp/hook/ld_library_path_lib.sh'
[20.177s] Level 1:colcon.colcon_core.environment:checking '/home/an/bao_ws/install/diffdrive_esp/bin'
[20.177s] Level 1:colcon.colcon_core.environment:checking '/home/an/bao_ws/install/diffdrive_esp/lib/pkgconfig/diffdrive_esp.pc'
[20.178s] Level 1:colcon.colcon_core.environment:checking '/home/an/bao_ws/install/diffdrive_esp/lib/python3.10/site-packages'
[20.179s] Level 1:colcon.colcon_core.environment:checking '/home/an/bao_ws/install/diffdrive_esp/bin'
[20.180s] INFO:colcon.colcon_core.shell:Creating package script '/home/an/bao_ws/install/diffdrive_esp/share/diffdrive_esp/package.ps1'
[20.182s] INFO:colcon.colcon_core.shell:Creating package descriptor '/home/an/bao_ws/install/diffdrive_esp/share/diffdrive_esp/package.dsv'
[20.184s] INFO:colcon.colcon_core.shell:Creating package script '/home/an/bao_ws/install/diffdrive_esp/share/diffdrive_esp/package.sh'
[20.186s] INFO:colcon.colcon_core.shell:Creating package script '/home/an/bao_ws/install/diffdrive_esp/share/diffdrive_esp/package.bash'
[20.188s] INFO:colcon.colcon_core.shell:Creating package script '/home/an/bao_ws/install/diffdrive_esp/share/diffdrive_esp/package.zsh'
[20.189s] Level 1:colcon.colcon_core.environment:create_file_with_runtime_dependencies(/home/an/bao_ws/install/diffdrive_esp/share/colcon-core/packages/diffdrive_esp)
[20.335s] Level 1:colcon.colcon_core.environment:create_environment_scripts_only(diffdrive_esp)
[20.336s] Level 1:colcon.colcon_core.environment:checking '/home/an/bao_ws/install/diffdrive_esp' for CMake module files
[20.340s] Level 1:colcon.colcon_core.environment:checking '/home/an/bao_ws/install/diffdrive_esp' for CMake config files
[20.343s] Level 1:colcon.colcon_core.shell:create_environment_hook('diffdrive_esp', 'cmake_prefix_path')
[20.344s] INFO:colcon.colcon_core.shell:Creating environment hook '/home/an/bao_ws/install/diffdrive_esp/share/diffdrive_esp/hook/cmake_prefix_path.ps1'
[20.346s] INFO:colcon.colcon_core.shell:Creating environment descriptor '/home/an/bao_ws/install/diffdrive_esp/share/diffdrive_esp/hook/cmake_prefix_path.dsv'
[20.348s] INFO:colcon.colcon_core.shell:Creating environment hook '/home/an/bao_ws/install/diffdrive_esp/share/diffdrive_esp/hook/cmake_prefix_path.sh'
[20.351s] Level 1:colcon.colcon_core.environment:checking '/home/an/bao_ws/install/diffdrive_esp/lib'
[20.352s] Level 1:colcon.colcon_core.shell:create_environment_hook('diffdrive_esp', 'ld_library_path_lib')
[20.353s] INFO:colcon.colcon_core.shell:Creating environment hook '/home/an/bao_ws/install/diffdrive_esp/share/diffdrive_esp/hook/ld_library_path_lib.ps1'
[20.354s] INFO:colcon.colcon_core.shell:Creating environment descriptor '/home/an/bao_ws/install/diffdrive_esp/share/diffdrive_esp/hook/ld_library_path_lib.dsv'
[20.356s] INFO:colcon.colcon_core.shell:Creating environment hook '/home/an/bao_ws/install/diffdrive_esp/share/diffdrive_esp/hook/ld_library_path_lib.sh'
[20.358s] Level 1:colcon.colcon_core.environment:checking '/home/an/bao_ws/install/diffdrive_esp/bin'
[20.358s] Level 1:colcon.colcon_core.environment:checking '/home/an/bao_ws/install/diffdrive_esp/lib/pkgconfig/diffdrive_esp.pc'
[20.359s] Level 1:colcon.colcon_core.environment:checking '/home/an/bao_ws/install/diffdrive_esp/lib/python3.10/site-packages'
[20.360s] Level 1:colcon.colcon_core.environment:checking '/home/an/bao_ws/install/diffdrive_esp/bin'
[20.361s] INFO:colcon.colcon_core.shell:Creating package script '/home/an/bao_ws/install/diffdrive_esp/share/diffdrive_esp/package.ps1'
[20.363s] INFO:colcon.colcon_core.shell:Creating package descriptor '/home/an/bao_ws/install/diffdrive_esp/share/diffdrive_esp/package.dsv'
[20.365s] INFO:colcon.colcon_core.shell:Creating package script '/home/an/bao_ws/install/diffdrive_esp/share/diffdrive_esp/package.sh'
[20.367s] INFO:colcon.colcon_core.shell:Creating package script '/home/an/bao_ws/install/diffdrive_esp/share/diffdrive_esp/package.bash'
[20.369s] INFO:colcon.colcon_core.shell:Creating package script '/home/an/bao_ws/install/diffdrive_esp/share/diffdrive_esp/package.zsh'
[20.371s] Level 1:colcon.colcon_core.environment:create_file_with_runtime_dependencies(/home/an/bao_ws/install/diffdrive_esp/share/colcon-core/packages/diffdrive_esp)
[20.372s] DEBUG:colcon.colcon_parallel_executor.executor.parallel:closing loop
[20.373s] DEBUG:colcon.colcon_parallel_executor.executor.parallel:loop closed
[20.374s] DEBUG:colcon.colcon_parallel_executor.executor.parallel:run_until_complete finished with '0'
[20.374s] DEBUG:colcon.colcon_core.event_reactor:joining thread
[20.403s] INFO:colcon.colcon_core.plugin_system:Skipping extension 'colcon_notification.desktop_notification.notify_send': Could not find 'notify-send'
[20.404s] INFO:colcon.colcon_core.plugin_system:Skipping extension 'colcon_notification.desktop_notification.terminal_notifier': Not used on non-Darwin systems
[20.404s] INFO:colcon.colcon_core.plugin_system:Skipping extension 'colcon_notification.desktop_notification.win32': Not used on non-Windows systems
[20.404s] INFO:colcon.colcon_notification.desktop_notification:Sending desktop notification using 'notify2'
[20.407s] DEBUG:colcon.colcon_notification.desktop_notification.notify2:Failed to initialize notify2: org.freedesktop.DBus.Error.ServiceUnknown: The name org.freedesktop.Notifications was not provided by any .service files
[20.408s] DEBUG:colcon.colcon_core.event_reactor:joined thread
[20.409s] INFO:colcon.colcon_core.shell:Creating prefix script '/home/an/bao_ws/install/local_setup.ps1'
[20.415s] INFO:colcon.colcon_core.shell:Creating prefix util module '/home/an/bao_ws/install/_local_setup_util_ps1.py'
[20.425s] INFO:colcon.colcon_core.shell:Creating prefix chain script '/home/an/bao_ws/install/setup.ps1'
[20.435s] INFO:colcon.colcon_core.shell:Creating prefix script '/home/an/bao_ws/install/local_setup.sh'
[20.439s] INFO:colcon.colcon_core.shell:Creating prefix util module '/home/an/bao_ws/install/_local_setup_util_sh.py'
[20.441s] INFO:colcon.colcon_core.shell:Creating prefix chain script '/home/an/bao_ws/install/setup.sh'
[20.450s] INFO:colcon.colcon_core.shell:Creating prefix script '/home/an/bao_ws/install/local_setup.bash'
[20.453s] INFO:colcon.colcon_core.shell:Creating prefix chain script '/home/an/bao_ws/install/setup.bash'
[20.460s] INFO:colcon.colcon_core.shell:Creating prefix script '/home/an/bao_ws/install/local_setup.zsh'
[20.463s] INFO:colcon.colcon_core.shell:Creating prefix chain script '/home/an/bao_ws/install/setup.zsh'
