[0.094s] Invoking command in '/home/an/bao_ws/build/tb3_controller': CMAKE_PREFIX_PATH=${CMAKE_PREFIX_PATH}:/home/an/ros2_ws/install/self_driving:/opt/ros/humble /usr/bin/cmake --build /home/an/bao_ws/build/tb3_controller -- -j4 -l4
[0.362s] [100%] Built target odom_publisher
[0.363s] [100%] Built target ament_cmake_python_copy_tb3_controller
[1.473s] running egg_info
[1.476s] writing tb3_controller.egg-info/PKG-INFO
[1.477s] writing dependency_links to tb3_controller.egg-info/dependency_links.txt
[1.479s] writing top-level names to tb3_controller.egg-info/top_level.txt
[1.489s] reading manifest file 'tb3_controller.egg-info/SOURCES.txt'
[1.491s] writing manifest file 'tb3_controller.egg-info/SOURCES.txt'
[1.612s] [100%] Built target ament_cmake_python_build_tb3_controller_egg
[1.651s] Invoked command in '/home/an/bao_ws/build/tb3_controller' returned '0': CMAKE_PREFIX_PATH=${CMAKE_PREFIX_PATH}:/home/an/ros2_ws/install/self_driving:/opt/ros/humble /usr/bin/cmake --build /home/an/bao_ws/build/tb3_controller -- -j4 -l4
[1.817s] Invoking command in '/home/an/bao_ws/build/tb3_controller': CMAKE_PREFIX_PATH=${CMAKE_PREFIX_PATH}:/home/an/ros2_ws/install/self_driving:/opt/ros/humble /usr/bin/cmake --install /home/an/bao_ws/build/tb3_controller
[1.848s] -- Install configuration: ""
[1.849s] -- Up-to-date: /home/an/bao_ws/install/tb3_controller/share/tb3_controller/environment/pythonpath.sh
[1.849s] -- Up-to-date: /home/an/bao_ws/install/tb3_controller/share/tb3_controller/environment/pythonpath.dsv
[1.850s] -- Up-to-date: /home/an/bao_ws/install/tb3_controller/local/lib/python3.10/dist-packages/tb3_controller-0.0.0-py3.10.egg-info
[1.850s] -- Installing: /home/an/bao_ws/install/tb3_controller/local/lib/python3.10/dist-packages/tb3_controller-0.0.0-py3.10.egg-info/SOURCES.txt
[1.851s] -- Installing: /home/an/bao_ws/install/tb3_controller/local/lib/python3.10/dist-packages/tb3_controller-0.0.0-py3.10.egg-info/dependency_links.txt
[1.852s] -- Installing: /home/an/bao_ws/install/tb3_controller/local/lib/python3.10/dist-packages/tb3_controller-0.0.0-py3.10.egg-info/PKG-INFO
[1.854s] -- Installing: /home/an/bao_ws/install/tb3_controller/local/lib/python3.10/dist-packages/tb3_controller-0.0.0-py3.10.egg-info/top_level.txt
[1.855s] -- Up-to-date: /home/an/bao_ws/install/tb3_controller/local/lib/python3.10/dist-packages/tb3_controller
[1.856s] -- Up-to-date: /home/an/bao_ws/install/tb3_controller/local/lib/python3.10/dist-packages/tb3_controller/__init__.py
[1.856s] -- Up-to-date: /home/an/bao_ws/install/tb3_controller/local/lib/python3.10/dist-packages/tb3_controller/simple_controller.py
[1.988s] Listing '/home/an/bao_ws/install/tb3_controller/local/lib/python3.10/dist-packages/tb3_controller'...
[2.009s] -- Up-to-date: /home/an/bao_ws/install/tb3_controller/include/include
[2.009s] -- Up-to-date: /home/an/bao_ws/install/tb3_controller/include/include/turtlebot3_controller
[2.010s] -- Up-to-date: /home/an/bao_ws/install/tb3_controller/include/include/turtlebot3_controller/noisy_controller.hpp
[2.010s] -- Up-to-date: /home/an/bao_ws/install/tb3_controller/include/include/turtlebot3_controller/simple_controller.hpp
[2.010s] -- Up-to-date: /home/an/bao_ws/install/tb3_controller/include/include/turtlebot3_controller/odom_publisher.hpp
[2.011s] -- Up-to-date: /home/an/bao_ws/install/tb3_controller/lib/tb3_controller/odom_publisher
[2.012s] -- Up-to-date: /home/an/bao_ws/install/tb3_controller/share/tb3_controller/config
[2.013s] -- Up-to-date: /home/an/bao_ws/install/tb3_controller/share/tb3_controller/config/turtlebot3_controllers.yaml
[2.013s] -- Up-to-date: /home/an/bao_ws/install/tb3_controller/share/tb3_controller/config/nav2_params.yaml
[2.014s] -- Up-to-date: /home/an/bao_ws/install/tb3_controller/share/tb3_controller/config/twist_mux.yaml
[2.014s] -- Up-to-date: /home/an/bao_ws/install/tb3_controller/share/tb3_controller/config/diff_drive_controllers.yaml
[2.014s] -- Up-to-date: /home/an/bao_ws/install/tb3_controller/share/tb3_controller/config/mapper_params_online_async.yaml
[2.015s] -- Up-to-date: /home/an/bao_ws/install/tb3_controller/share/tb3_controller/config/gazebo_params.yaml
[2.015s] -- Installing: /home/an/bao_ws/install/tb3_controller/share/tb3_controller/config/waffle_pi.yaml
[2.016s] -- Up-to-date: /home/an/bao_ws/install/tb3_controller/share/tb3_controller/launch
[2.017s] -- Up-to-date: /home/an/bao_ws/install/tb3_controller/share/tb3_controller/launch/localization_launch.py
[2.017s] -- Up-to-date: /home/an/bao_ws/install/tb3_controller/share/tb3_controller/launch/launch_rb_controller.launch.py
[2.018s] -- Up-to-date: /home/an/bao_ws/install/tb3_controller/share/tb3_controller/launch/diff_drive_controller.launch.py
[2.018s] -- Up-to-date: /home/an/bao_ws/install/tb3_controller/share/tb3_controller/launch/rsp.launch.py
[2.019s] -- Up-to-date: /home/an/bao_ws/install/tb3_controller/share/tb3_controller/launch/launch_sim.py
[2.019s] -- Up-to-date: /home/an/bao_ws/install/tb3_controller/share/tb3_controller/launch/online_async_launch.py
[2.020s] -- Up-to-date: /home/an/bao_ws/install/tb3_controller/share/tb3_controller/launch/navigation_launch.py
[2.021s] -- Up-to-date: /home/an/bao_ws/install/tb3_controller/lib/tb3_controller/simple_controller.py
[2.021s] -- Up-to-date: /home/an/bao_ws/install/tb3_controller/share/ament_index/resource_index/package_run_dependencies/tb3_controller
[2.022s] -- Up-to-date: /home/an/bao_ws/install/tb3_controller/share/ament_index/resource_index/parent_prefix_path/tb3_controller
[2.022s] -- Up-to-date: /home/an/bao_ws/install/tb3_controller/share/tb3_controller/environment/ament_prefix_path.sh
[2.023s] -- Up-to-date: /home/an/bao_ws/install/tb3_controller/share/tb3_controller/environment/ament_prefix_path.dsv
[2.023s] -- Up-to-date: /home/an/bao_ws/install/tb3_controller/share/tb3_controller/environment/path.sh
[2.023s] -- Up-to-date: /home/an/bao_ws/install/tb3_controller/share/tb3_controller/environment/path.dsv
[2.024s] -- Up-to-date: /home/an/bao_ws/install/tb3_controller/share/tb3_controller/local_setup.bash
[2.025s] -- Up-to-date: /home/an/bao_ws/install/tb3_controller/share/tb3_controller/local_setup.sh
[2.025s] -- Up-to-date: /home/an/bao_ws/install/tb3_controller/share/tb3_controller/local_setup.zsh
[2.026s] -- Up-to-date: /home/an/bao_ws/install/tb3_controller/share/tb3_controller/local_setup.dsv
[2.026s] -- Installing: /home/an/bao_ws/install/tb3_controller/share/tb3_controller/package.dsv
[2.026s] -- Up-to-date: /home/an/bao_ws/install/tb3_controller/share/ament_index/resource_index/packages/tb3_controller
[2.027s] -- Up-to-date: /home/an/bao_ws/install/tb3_controller/share/tb3_controller/cmake/tb3_controllerConfig.cmake
[2.027s] -- Up-to-date: /home/an/bao_ws/install/tb3_controller/share/tb3_controller/cmake/tb3_controllerConfig-version.cmake
[2.028s] -- Up-to-date: /home/an/bao_ws/install/tb3_controller/share/tb3_controller/package.xml
[2.033s] Invoked command in '/home/an/bao_ws/build/tb3_controller' returned '0': CMAKE_PREFIX_PATH=${CMAKE_PREFIX_PATH}:/home/an/ros2_ws/install/self_driving:/opt/ros/humble /usr/bin/cmake --install /home/an/bao_ws/build/tb3_controller
