-- The CXX compiler identification is GNU 11.4.0
-- Detecting CXX compiler ABI info
-- Detecting CXX compiler ABI info - done
-- Check for working CXX compiler: /usr/bin/c++ - skipped
-- Detecting CXX compile features
-- Detecting CXX compile features - done
-- Found ament_cmake: 1.3.8 (/opt/ros/humble/share/ament_cmake/cmake)
-- Found Python3: /usr/bin/python3 (found version "3.10.12") found components: Interpreter 
-- Found hardware_interface: 2.40.0 (/opt/ros/humble/share/hardware_interface/cmake)
-- Found rosidl_generator_c: 3.1.5 (/opt/ros/humble/share/rosidl_generator_c/cmake)
-- Found rosidl_adapter: 3.1.5 (/opt/ros/humble/share/rosidl_adapter/cmake)
-- Found rosidl_generator_cpp: 3.1.5 (/opt/ros/humble/share/rosidl_generator_cpp/cmake)
-- Using all available rosidl_typesupport_c: rosidl_typesupport_fastrtps_c;rosidl_typesupport_introspection_c
-- Using all available rosidl_typesupport_cpp: rosidl_typesupport_fastrtps_cpp;rosidl_typesupport_introspection_cpp
-- Found rmw_implementation_cmake: 6.1.1 (/opt/ros/humble/share/rmw_implementation_cmake/cmake)
-- Found rmw_fastrtps_cpp: 6.2.6 (/opt/ros/humble/share/rmw_fastrtps_cpp/cmake)
-- Found TinyXML2 via Config file: TinyXML2_DIR-NOTFOUND
-- Found OpenSSL: /usr/lib/aarch64-linux-gnu/libcrypto.so (found version "3.0.2")  
-- Found TinyXML2 via Config file: TinyXML2_DIR-NOTFOUND
-- Found FastRTPS: /opt/ros/humble/include  
-- Found TinyXML2 via Config file: TinyXML2_DIR-NOTFOUND
-- Found TinyXML2 via Config file: TinyXML2_DIR-NOTFOUND
-- Using RMW implementation 'rmw_fastrtps_cpp' as default
-- Looking for C++ include pthread.h
-- Looking for C++ include pthread.h - found
-- Performing Test CMAKE_HAVE_LIBC_PTHREAD
-- Performing Test CMAKE_HAVE_LIBC_PTHREAD - Success
-- Found Threads: TRUE  
-- Found ament_cmake_pytest: 1.3.8 (/opt/ros/humble/share/ament_cmake_pytest/cmake)
-- Configuring done
-- Generating done
-- Build files have been written to: /home/an/bao_ws/build/diffdrive_esp
[ 50%] [32mBuilding CXX object CMakeFiles/diffdrive_esp.dir/hardware/diffbot_system.cpp.o[0m
[100%] [32m[1mLinking CXX shared library libdiffdrive_esp.so[0m
[100%] Built target diffdrive_esp
-- Install configuration: ""
-- Installing: /home/an/bao_ws/install/diffdrive_esp/share/diffdrive_esp/diffdrive_esp.xml
-- Installing: /home/an/bao_ws/install/diffdrive_esp/include/diffdrive_esp
-- Installing: /home/an/bao_ws/install/diffdrive_esp/include/diffdrive_esp/diffdrive_esp
-- Installing: /home/an/bao_ws/install/diffdrive_esp/include/diffdrive_esp/diffdrive_esp/esp32_comms.hpp
-- Installing: /home/an/bao_ws/install/diffdrive_esp/include/diffdrive_esp/diffdrive_esp/visibility_control.h
-- Installing: /home/an/bao_ws/install/diffdrive_esp/include/diffdrive_esp/diffdrive_esp/wheel.hpp
-- Installing: /home/an/bao_ws/install/diffdrive_esp/include/diffdrive_esp/diffdrive_esp/diffbot_system.hpp
-- Installing: /home/an/bao_ws/install/diffdrive_esp/lib/libdiffdrive_esp.so
-- Set runtime path of "/home/an/bao_ws/install/diffdrive_esp/lib/libdiffdrive_esp.so" to ""
-- Installing: /home/an/bao_ws/install/diffdrive_esp/share/diffdrive_esp/environment/library_path.sh
-- Installing: /home/an/bao_ws/install/diffdrive_esp/share/diffdrive_esp/environment/library_path.dsv
-- Installing: /home/an/bao_ws/install/diffdrive_esp/share/ament_index/resource_index/package_run_dependencies/diffdrive_esp
-- Installing: /home/an/bao_ws/install/diffdrive_esp/share/ament_index/resource_index/parent_prefix_path/diffdrive_esp
-- Installing: /home/an/bao_ws/install/diffdrive_esp/share/diffdrive_esp/environment/ament_prefix_path.sh
-- Installing: /home/an/bao_ws/install/diffdrive_esp/share/diffdrive_esp/environment/ament_prefix_path.dsv
-- Installing: /home/an/bao_ws/install/diffdrive_esp/share/diffdrive_esp/environment/path.sh
-- Installing: /home/an/bao_ws/install/diffdrive_esp/share/diffdrive_esp/environment/path.dsv
-- Installing: /home/an/bao_ws/install/diffdrive_esp/share/diffdrive_esp/local_setup.bash
-- Installing: /home/an/bao_ws/install/diffdrive_esp/share/diffdrive_esp/local_setup.sh
-- Installing: /home/an/bao_ws/install/diffdrive_esp/share/diffdrive_esp/local_setup.zsh
-- Installing: /home/an/bao_ws/install/diffdrive_esp/share/diffdrive_esp/local_setup.dsv
-- Installing: /home/an/bao_ws/install/diffdrive_esp/share/diffdrive_esp/package.dsv
-- Installing: /home/an/bao_ws/install/diffdrive_esp/share/ament_index/resource_index/packages/diffdrive_esp
-- Installing: /home/an/bao_ws/install/diffdrive_esp/share/ament_index/resource_index/hardware_interface__pluginlib__plugin/diffdrive_esp
-- Installing: /home/an/bao_ws/install/diffdrive_esp/share/diffdrive_esp/cmake/export_diffdrive_espExport.cmake
-- Installing: /home/an/bao_ws/install/diffdrive_esp/share/diffdrive_esp/cmake/export_diffdrive_espExport-noconfig.cmake
-- Installing: /home/an/bao_ws/install/diffdrive_esp/share/diffdrive_esp/cmake/ament_cmake_export_targets-extras.cmake
-- Installing: /home/an/bao_ws/install/diffdrive_esp/share/diffdrive_esp/cmake/ament_cmake_export_dependencies-extras.cmake
-- Installing: /home/an/bao_ws/install/diffdrive_esp/share/diffdrive_esp/cmake/diffdrive_espConfig.cmake
-- Installing: /home/an/bao_ws/install/diffdrive_esp/share/diffdrive_esp/cmake/diffdrive_espConfig-version.cmake
-- Installing: /home/an/bao_ws/install/diffdrive_esp/share/diffdrive_esp/package.xml
