[0.117s] Invoking command in '/home/an/bao_ws/build/diffdrive_esp': CMAKE_PREFIX_PATH=${CMAKE_PREFIX_PATH}:/home/an/ros2_ws/install/self_driving:/opt/ros/humble /usr/bin/cmake /home/an/bao_ws/src/diffdrive_esp -DCMAKE_INSTALL_PREFIX=/home/an/bao_ws/install/diffdrive_esp
[0.970s] -- The CXX compiler identification is GNU 11.4.0
[1.031s] -- Detecting CXX compiler ABI info
[1.622s] -- Detecting CXX compiler ABI info - done
[1.701s] -- Check for working CXX compiler: /usr/bin/c++ - skipped
[1.709s] -- Detecting CXX compile features
[1.717s] -- Detecting CXX compile features - done
[1.790s] -- Found ament_cmake: 1.3.8 (/opt/ros/humble/share/ament_cmake/cmake)
[2.977s] -- Found Python3: /usr/bin/python3 (found version "3.10.12") found components: Interpreter 
[4.256s] -- Found hardware_interface: 2.40.0 (/opt/ros/humble/share/hardware_interface/cmake)
[4.784s] -- Found rosidl_generator_c: 3.1.5 (/opt/ros/humble/share/rosidl_generator_c/cmake)
[4.849s] -- Found rosidl_adapter: 3.1.5 (/opt/ros/humble/share/rosidl_adapter/cmake)
[4.991s] -- Found rosidl_generator_cpp: 3.1.5 (/opt/ros/humble/share/rosidl_generator_cpp/cmake)
[5.154s] -- Using all available rosidl_typesupport_c: rosidl_typesupport_fastrtps_c;rosidl_typesupport_introspection_c
[5.357s] -- Using all available rosidl_typesupport_cpp: rosidl_typesupport_fastrtps_cpp;rosidl_typesupport_introspection_cpp
[9.128s] -- Found rmw_implementation_cmake: 6.1.1 (/opt/ros/humble/share/rmw_implementation_cmake/cmake)
[9.155s] -- Found rmw_fastrtps_cpp: 6.2.6 (/opt/ros/humble/share/rmw_fastrtps_cpp/cmake)
[9.379s] -- Found TinyXML2 via Config file: TinyXML2_DIR-NOTFOUND
[9.613s] -- Found OpenSSL: /usr/lib/aarch64-linux-gnu/libcrypto.so (found version "3.0.2")  
[9.629s] -- Found TinyXML2 via Config file: TinyXML2_DIR-NOTFOUND
[9.690s] -- Found FastRTPS: /opt/ros/humble/include  
[9.730s] -- Found TinyXML2 via Config file: TinyXML2_DIR-NOTFOUND
[9.764s] -- Found TinyXML2 via Config file: TinyXML2_DIR-NOTFOUND
[9.801s] -- Using RMW implementation 'rmw_fastrtps_cpp' as default
[9.901s] -- Looking for C++ include pthread.h
[10.420s] -- Looking for C++ include pthread.h - found
[10.423s] -- Performing Test CMAKE_HAVE_LIBC_PTHREAD
[10.880s] -- Performing Test CMAKE_HAVE_LIBC_PTHREAD - Success
[10.885s] -- Found Threads: TRUE  
[11.829s] -- Found ament_cmake_pytest: 1.3.8 (/opt/ros/humble/share/ament_cmake_pytest/cmake)
[16.559s] -- Configuring done
[16.926s] -- Generating done
[16.935s] -- Build files have been written to: /home/an/bao_ws/build/diffdrive_esp
[16.983s] Invoked command in '/home/an/bao_ws/build/diffdrive_esp' returned '0': CMAKE_PREFIX_PATH=${CMAKE_PREFIX_PATH}:/home/an/ros2_ws/install/self_driving:/opt/ros/humble /usr/bin/cmake /home/an/bao_ws/src/diffdrive_esp -DCMAKE_INSTALL_PREFIX=/home/an/bao_ws/install/diffdrive_esp
[16.985s] Invoking command in '/home/an/bao_ws/build/diffdrive_esp': CMAKE_PREFIX_PATH=${CMAKE_PREFIX_PATH}:/home/an/ros2_ws/install/self_driving:/opt/ros/humble /usr/bin/cmake --build /home/an/bao_ws/build/diffdrive_esp -- -j4 -l4
[17.284s] [ 50%] [32mBuilding CXX object CMakeFiles/diffdrive_esp.dir/hardware/diffbot_system.cpp.o[0m
[34.496s] [100%] [32m[1mLinking CXX shared library libdiffdrive_esp.so[0m
[36.211s] [100%] Built target diffdrive_esp
[36.259s] Invoked command in '/home/an/bao_ws/build/diffdrive_esp' returned '0': CMAKE_PREFIX_PATH=${CMAKE_PREFIX_PATH}:/home/an/ros2_ws/install/self_driving:/opt/ros/humble /usr/bin/cmake --build /home/an/bao_ws/build/diffdrive_esp -- -j4 -l4
[36.409s] Invoking command in '/home/an/bao_ws/build/diffdrive_esp': CMAKE_PREFIX_PATH=${CMAKE_PREFIX_PATH}:/home/an/ros2_ws/install/self_driving:/opt/ros/humble /usr/bin/cmake --install /home/an/bao_ws/build/diffdrive_esp
[36.463s] -- Install configuration: ""
[36.465s] -- Installing: /home/an/bao_ws/install/diffdrive_esp/share/diffdrive_esp/diffdrive_esp.xml
[36.468s] -- Installing: /home/an/bao_ws/install/diffdrive_esp/include/diffdrive_esp
[36.470s] -- Installing: /home/an/bao_ws/install/diffdrive_esp/include/diffdrive_esp/diffdrive_esp
[36.471s] -- Installing: /home/an/bao_ws/install/diffdrive_esp/include/diffdrive_esp/diffdrive_esp/esp32_comms.hpp
[36.477s] -- Installing: /home/an/bao_ws/install/diffdrive_esp/include/diffdrive_esp/diffdrive_esp/visibility_control.h
[36.478s] -- Installing: /home/an/bao_ws/install/diffdrive_esp/include/diffdrive_esp/diffdrive_esp/wheel.hpp
[36.478s] -- Installing: /home/an/bao_ws/install/diffdrive_esp/include/diffdrive_esp/diffdrive_esp/diffbot_system.hpp
[36.479s] -- Installing: /home/an/bao_ws/install/diffdrive_esp/lib/libdiffdrive_esp.so
[36.482s] -- Set runtime path of "/home/an/bao_ws/install/diffdrive_esp/lib/libdiffdrive_esp.so" to ""
[36.483s] -- Installing: /home/an/bao_ws/install/diffdrive_esp/share/diffdrive_esp/environment/library_path.sh
[36.484s] -- Installing: /home/an/bao_ws/install/diffdrive_esp/share/diffdrive_esp/environment/library_path.dsv
[36.486s] -- Installing: /home/an/bao_ws/install/diffdrive_esp/share/ament_index/resource_index/package_run_dependencies/diffdrive_esp
[36.488s] -- Installing: /home/an/bao_ws/install/diffdrive_esp/share/ament_index/resource_index/parent_prefix_path/diffdrive_esp
[36.491s] -- Installing: /home/an/bao_ws/install/diffdrive_esp/share/diffdrive_esp/environment/ament_prefix_path.sh
[36.492s] -- Installing: /home/an/bao_ws/install/diffdrive_esp/share/diffdrive_esp/environment/ament_prefix_path.dsv
[36.494s] -- Installing: /home/an/bao_ws/install/diffdrive_esp/share/diffdrive_esp/environment/path.sh
[36.496s] -- Installing: /home/an/bao_ws/install/diffdrive_esp/share/diffdrive_esp/environment/path.dsv
[36.497s] -- Installing: /home/an/bao_ws/install/diffdrive_esp/share/diffdrive_esp/local_setup.bash
[36.499s] -- Installing: /home/an/bao_ws/install/diffdrive_esp/share/diffdrive_esp/local_setup.sh
[36.502s] -- Installing: /home/an/bao_ws/install/diffdrive_esp/share/diffdrive_esp/local_setup.zsh
[36.502s] -- Installing: /home/an/bao_ws/install/diffdrive_esp/share/diffdrive_esp/local_setup.dsv
[36.503s] -- Installing: /home/an/bao_ws/install/diffdrive_esp/share/diffdrive_esp/package.dsv
[36.506s] -- Installing: /home/an/bao_ws/install/diffdrive_esp/share/ament_index/resource_index/packages/diffdrive_esp
[36.506s] -- Installing: /home/an/bao_ws/install/diffdrive_esp/share/ament_index/resource_index/hardware_interface__pluginlib__plugin/diffdrive_esp
[36.507s] -- Installing: /home/an/bao_ws/install/diffdrive_esp/share/diffdrive_esp/cmake/export_diffdrive_espExport.cmake
[36.508s] -- Installing: /home/an/bao_ws/install/diffdrive_esp/share/diffdrive_esp/cmake/export_diffdrive_espExport-noconfig.cmake
[36.510s] -- Installing: /home/an/bao_ws/install/diffdrive_esp/share/diffdrive_esp/cmake/ament_cmake_export_targets-extras.cmake
[36.511s] -- Installing: /home/an/bao_ws/install/diffdrive_esp/share/diffdrive_esp/cmake/ament_cmake_export_dependencies-extras.cmake
[36.515s] -- Installing: /home/an/bao_ws/install/diffdrive_esp/share/diffdrive_esp/cmake/diffdrive_espConfig.cmake
[36.516s] -- Installing: /home/an/bao_ws/install/diffdrive_esp/share/diffdrive_esp/cmake/diffdrive_espConfig-version.cmake
[36.517s] -- Installing: /home/an/bao_ws/install/diffdrive_esp/share/diffdrive_esp/package.xml
[36.523s] Invoked command in '/home/an/bao_ws/build/diffdrive_esp' returned '0': CMAKE_PREFIX_PATH=${CMAKE_PREFIX_PATH}:/home/an/ros2_ws/install/self_driving:/opt/ros/humble /usr/bin/cmake --install /home/an/bao_ws/build/diffdrive_esp
