[0.099s] Invoking command in '/home/an/bao_ws/build/diffdrive_esp': CMAKE_PREFIX_PATH=${CMAKE_PREFIX_PATH}:/home/an/ros2_ws/install/self_driving:/opt/ros/humble /usr/bin/cmake --build /home/an/bao_ws/build/diffdrive_esp -- -j4 -l4
[0.304s] [35m[1mConsolidate compiler generated dependencies of target diffdrive_esp[0m
[0.430s] [100%] Built target diffdrive_esp
[0.488s] Invoked command in '/home/an/bao_ws/build/diffdrive_esp' returned '0': CMAKE_PREFIX_PATH=${CMAKE_PREFIX_PATH}:/home/an/ros2_ws/install/self_driving:/opt/ros/humble /usr/bin/cmake --build /home/an/bao_ws/build/diffdrive_esp -- -j4 -l4
[0.676s] Invoking command in '/home/an/bao_ws/build/diffdrive_esp': CMAKE_PREFIX_PATH=${CMAKE_PREFIX_PATH}:/home/an/ros2_ws/install/self_driving:/opt/ros/humble /usr/bin/cmake --install /home/an/bao_ws/build/diffdrive_esp
[0.708s] -- Install configuration: ""
[0.711s] -- Up-to-date: /home/an/bao_ws/install/diffdrive_esp/share/diffdrive_esp/diffdrive_esp.xml
[0.712s] -- Up-to-date: /home/an/bao_ws/install/diffdrive_esp/include/diffdrive_esp
[0.714s] -- Up-to-date: /home/an/bao_ws/install/diffdrive_esp/include/diffdrive_esp/diffdrive_esp
[0.716s] -- Up-to-date: /home/an/bao_ws/install/diffdrive_esp/include/diffdrive_esp/diffdrive_esp/esp32_comms.hpp
[0.718s] -- Up-to-date: /home/an/bao_ws/install/diffdrive_esp/include/diffdrive_esp/diffdrive_esp/visibility_control.h
[0.720s] -- Up-to-date: /home/an/bao_ws/install/diffdrive_esp/include/diffdrive_esp/diffdrive_esp/wheel.hpp
[0.722s] -- Up-to-date: /home/an/bao_ws/install/diffdrive_esp/include/diffdrive_esp/diffdrive_esp/diffbot_system.hpp
[0.725s] -- Up-to-date: /home/an/bao_ws/install/diffdrive_esp/lib/libdiffdrive_esp.so
[0.726s] -- Up-to-date: /home/an/bao_ws/install/diffdrive_esp/share/diffdrive_esp/environment/library_path.sh
[0.727s] -- Up-to-date: /home/an/bao_ws/install/diffdrive_esp/share/diffdrive_esp/environment/library_path.dsv
[0.732s] -- Up-to-date: /home/an/bao_ws/install/diffdrive_esp/share/ament_index/resource_index/package_run_dependencies/diffdrive_esp
[0.733s] -- Up-to-date: /home/an/bao_ws/install/diffdrive_esp/share/ament_index/resource_index/parent_prefix_path/diffdrive_esp
[0.734s] -- Up-to-date: /home/an/bao_ws/install/diffdrive_esp/share/diffdrive_esp/environment/ament_prefix_path.sh
[0.736s] -- Up-to-date: /home/an/bao_ws/install/diffdrive_esp/share/diffdrive_esp/environment/ament_prefix_path.dsv
[0.736s] -- Up-to-date: /home/an/bao_ws/install/diffdrive_esp/share/diffdrive_esp/environment/path.sh
[0.738s] -- Up-to-date: /home/an/bao_ws/install/diffdrive_esp/share/diffdrive_esp/environment/path.dsv
[0.738s] -- Up-to-date: /home/an/bao_ws/install/diffdrive_esp/share/diffdrive_esp/local_setup.bash
[0.740s] -- Up-to-date: /home/an/bao_ws/install/diffdrive_esp/share/diffdrive_esp/local_setup.sh
[0.741s] -- Up-to-date: /home/an/bao_ws/install/diffdrive_esp/share/diffdrive_esp/local_setup.zsh
[0.742s] -- Up-to-date: /home/an/bao_ws/install/diffdrive_esp/share/diffdrive_esp/local_setup.dsv
[0.743s] -- Installing: /home/an/bao_ws/install/diffdrive_esp/share/diffdrive_esp/package.dsv
[0.743s] -- Up-to-date: /home/an/bao_ws/install/diffdrive_esp/share/ament_index/resource_index/packages/diffdrive_esp
[0.744s] -- Up-to-date: /home/an/bao_ws/install/diffdrive_esp/share/ament_index/resource_index/hardware_interface__pluginlib__plugin/diffdrive_esp
[0.745s] -- Up-to-date: /home/an/bao_ws/install/diffdrive_esp/share/diffdrive_esp/cmake/export_diffdrive_espExport.cmake
[0.746s] -- Up-to-date: /home/an/bao_ws/install/diffdrive_esp/share/diffdrive_esp/cmake/export_diffdrive_espExport-noconfig.cmake
[0.747s] -- Up-to-date: /home/an/bao_ws/install/diffdrive_esp/share/diffdrive_esp/cmake/ament_cmake_export_targets-extras.cmake
[0.748s] -- Up-to-date: /home/an/bao_ws/install/diffdrive_esp/share/diffdrive_esp/cmake/ament_cmake_export_dependencies-extras.cmake
[0.748s] -- Up-to-date: /home/an/bao_ws/install/diffdrive_esp/share/diffdrive_esp/cmake/diffdrive_espConfig.cmake
[0.750s] -- Up-to-date: /home/an/bao_ws/install/diffdrive_esp/share/diffdrive_esp/cmake/diffdrive_espConfig-version.cmake
[0.751s] -- Up-to-date: /home/an/bao_ws/install/diffdrive_esp/share/diffdrive_esp/package.xml
[0.752s] Invoked command in '/home/an/bao_ws/build/diffdrive_esp' returned '0': CMAKE_PREFIX_PATH=${CMAKE_PREFIX_PATH}:/home/an/ros2_ws/install/self_driving:/opt/ros/humble /usr/bin/cmake --install /home/an/bao_ws/build/diffdrive_esp
