[0.112s] Invoking command in '/home/an/bao_ws/build/tb3_description': CMAKE_PREFIX_PATH=${CMAKE_PREFIX_PATH}:/home/an/ros2_ws/install/self_driving:/opt/ros/humble /usr/bin/cmake --build /home/an/bao_ws/build/tb3_description -- -j4 -l4
[0.584s] Invoked command in '/home/an/bao_ws/build/tb3_description' returned '0': CMAKE_PREFIX_PATH=${CMAKE_PREFIX_PATH}:/home/an/ros2_ws/install/self_driving:/opt/ros/humble /usr/bin/cmake --build /home/an/bao_ws/build/tb3_description -- -j4 -l4
[0.753s] Invoking command in '/home/an/bao_ws/build/tb3_description': CMAKE_PREFIX_PATH=${CMAKE_PREFIX_PATH}:/home/an/ros2_ws/install/self_driving:/opt/ros/humble /usr/bin/cmake --install /home/an/bao_ws/build/tb3_description
[0.788s] -- Install configuration: ""
[0.792s] -- Up-to-date: /home/an/bao_ws/install/tb3_description/share/tb3_description/meshes
[0.795s] -- Up-to-date: /home/an/bao_ws/install/tb3_description/share/tb3_description/meshes/lidar_link.stl
[0.800s] -- Up-to-date: /home/an/bao_ws/install/tb3_description/share/tb3_description/meshes/base_link.stl
[0.803s] -- Up-to-date: /home/an/bao_ws/install/tb3_description/share/tb3_description/meshes/imu_link.stl
[0.805s] -- Up-to-date: /home/an/bao_ws/install/tb3_description/share/tb3_description/meshes/wheel_right_link.stl
[0.807s] -- Up-to-date: /home/an/bao_ws/install/tb3_description/share/tb3_description/meshes/caster_back_left_link.stl
[0.808s] -- Up-to-date: /home/an/bao_ws/install/tb3_description/share/tb3_description/meshes/r200_link.dae
[0.808s] -- Up-to-date: /home/an/bao_ws/install/tb3_description/share/tb3_description/meshes/caster_back_right_link.stl
[0.810s] -- Up-to-date: /home/an/bao_ws/install/tb3_description/share/tb3_description/meshes/TB3-RPi-camera-mount.stl
[0.811s] -- Up-to-date: /home/an/bao_ws/install/tb3_description/share/tb3_description/meshes/wheel_left_link.stl
[0.812s] -- Up-to-date: /home/an/bao_ws/install/tb3_description/share/tb3_description/meshes/pi_cam_v3_link.stl
[0.813s] -- Up-to-date: /home/an/bao_ws/install/tb3_description/share/tb3_description/urdf
[0.813s] -- Up-to-date: /home/an/bao_ws/install/tb3_description/share/tb3_description/urdf/turtlebot3_waffle.urdf.xacro
[0.815s] -- Up-to-date: /home/an/bao_ws/install/tb3_description/share/tb3_description/urdf/gazebo_control.xacro
[0.818s] -- Up-to-date: /home/an/bao_ws/install/tb3_description/share/tb3_description/urdf/turtlebot3_waffle_ros2_control.xacro
[0.819s] -- Up-to-date: /home/an/bao_ws/install/tb3_description/share/tb3_description/urdf/turtlebot3_waffle.gazebo.xacro
[0.821s] -- Up-to-date: /home/an/bao_ws/install/tb3_description/share/tb3_description/urdf/common_properties.xacro
[0.822s] -- Up-to-date: /home/an/bao_ws/install/tb3_description/share/tb3_description/launch
[0.823s] -- Up-to-date: /home/an/bao_ws/install/tb3_description/share/tb3_description/launch/gzserver.launch.py
[0.825s] -- Up-to-date: /home/an/bao_ws/install/tb3_description/share/tb3_description/launch/joystick_teleop.launch.py
[0.826s] -- Up-to-date: /home/an/bao_ws/install/tb3_description/share/tb3_description/launch/display.launch.py
[0.826s] -- Up-to-date: /home/an/bao_ws/install/tb3_description/share/tb3_description/launch/gazebo.launch.py
[0.826s] -- Up-to-date: /home/an/bao_ws/install/tb3_description/share/tb3_description/rviz
[0.827s] -- Up-to-date: /home/an/bao_ws/install/tb3_description/share/tb3_description/rviz/main.rviz
[0.828s] -- Up-to-date: /home/an/bao_ws/install/tb3_description/share/tb3_description/rviz/display.rviz
[0.828s] -- Up-to-date: /home/an/bao_ws/install/tb3_description/share/tb3_description/rviz/control.rviz
[0.829s] -- Up-to-date: /home/an/bao_ws/install/tb3_description/share/tb3_description/gazebo_world
[0.829s] -- Up-to-date: /home/an/bao_ws/install/tb3_description/share/tb3_description/gazebo_world/test_laser_world
[0.830s] -- Up-to-date: /home/an/bao_ws/install/tb3_description/share/tb3_description/gazebo_world/test_maze
[0.830s] -- Up-to-date: /home/an/bao_ws/install/tb3_description/share/tb3_description/gazebo_world/empty
[0.831s] -- Up-to-date: /home/an/bao_ws/install/tb3_description/share/tb3_description/gazebo_world/small_maze
[0.831s] -- Up-to-date: /home/an/bao_ws/install/tb3_description/share/tb3_description/gazebo_world/hanh_lang
[0.832s] -- Up-to-date: /home/an/bao_ws/install/tb3_description/share/tb3_description/gazebo_world/empty_world
[0.833s] -- Up-to-date: /home/an/bao_ws/install/tb3_description/share/tb3_description/models
[0.834s] -- Up-to-date: /home/an/bao_ws/install/tb3_description/share/tb3_description/models/sun
[0.835s] -- Up-to-date: /home/an/bao_ws/install/tb3_description/share/tb3_description/models/sun/model.sdf
[0.836s] -- Up-to-date: /home/an/bao_ws/install/tb3_description/share/tb3_description/models/sun/model.config
[0.837s] -- Up-to-date: /home/an/bao_ws/install/tb3_description/share/tb3_description/models/sun/model-1_4.sdf
[0.837s] -- Up-to-date: /home/an/bao_ws/install/tb3_description/share/tb3_description/models/sun/model-1_3.sdf
[0.838s] -- Up-to-date: /home/an/bao_ws/install/tb3_description/share/tb3_description/models/sun/model-1_2.sdf
[0.838s] -- Up-to-date: /home/an/bao_ws/install/tb3_description/share/tb3_description/models/ground_plane
[0.839s] -- Up-to-date: /home/an/bao_ws/install/tb3_description/share/tb3_description/models/ground_plane/model.sdf
[0.839s] -- Up-to-date: /home/an/bao_ws/install/tb3_description/share/tb3_description/models/ground_plane/model.config
[0.840s] -- Up-to-date: /home/an/bao_ws/install/tb3_description/share/tb3_description/models/ground_plane/model-1_4.sdf
[0.840s] -- Up-to-date: /home/an/bao_ws/install/tb3_description/share/tb3_description/models/ground_plane/model-1_3.sdf
[0.841s] -- Up-to-date: /home/an/bao_ws/install/tb3_description/share/tb3_description/models/ground_plane/model-1_2.sdf
[0.842s] -- Up-to-date: /home/an/bao_ws/install/tb3_description/share/ament_index/resource_index/package_run_dependencies/tb3_description
[0.843s] -- Up-to-date: /home/an/bao_ws/install/tb3_description/share/ament_index/resource_index/parent_prefix_path/tb3_description
[0.844s] -- Up-to-date: /home/an/bao_ws/install/tb3_description/share/tb3_description/environment/ament_prefix_path.sh
[0.849s] -- Up-to-date: /home/an/bao_ws/install/tb3_description/share/tb3_description/environment/ament_prefix_path.dsv
[0.850s] -- Up-to-date: /home/an/bao_ws/install/tb3_description/share/tb3_description/environment/path.sh
[0.850s] -- Up-to-date: /home/an/bao_ws/install/tb3_description/share/tb3_description/environment/path.dsv
[0.851s] -- Up-to-date: /home/an/bao_ws/install/tb3_description/share/tb3_description/local_setup.bash
[0.851s] -- Up-to-date: /home/an/bao_ws/install/tb3_description/share/tb3_description/local_setup.sh
[0.852s] -- Up-to-date: /home/an/bao_ws/install/tb3_description/share/tb3_description/local_setup.zsh
[0.854s] -- Up-to-date: /home/an/bao_ws/install/tb3_description/share/tb3_description/local_setup.dsv
[0.854s] -- Installing: /home/an/bao_ws/install/tb3_description/share/tb3_description/package.dsv
[0.856s] -- Up-to-date: /home/an/bao_ws/install/tb3_description/share/ament_index/resource_index/packages/tb3_description
[0.857s] -- Up-to-date: /home/an/bao_ws/install/tb3_description/share/tb3_description/cmake/tb3_descriptionConfig.cmake
[0.858s] -- Up-to-date: /home/an/bao_ws/install/tb3_description/share/tb3_description/cmake/tb3_descriptionConfig-version.cmake
[0.859s] -- Up-to-date: /home/an/bao_ws/install/tb3_description/share/tb3_description/package.xml
[0.861s] Invoked command in '/home/an/bao_ws/build/tb3_description' returned '0': CMAKE_PREFIX_PATH=${CMAKE_PREFIX_PATH}:/home/an/ros2_ws/install/self_driving:/opt/ros/humble /usr/bin/cmake --install /home/an/bao_ws/build/tb3_description
