[0.417s] DEBUG:colcon:Command line arguments: ['/usr/bin/colcon', 'build']
[0.418s] DEBUG:colcon:Parsed command line arguments: Namespace(log_base=None, log_level=None, verb_name='build', build_base='build', install_base='install', merge_install=False, symlink_install=False, test_result_base=None, continue_on_error=False, executor='parallel', parallel_workers=4, event_handlers=None, ignore_user_meta=False, metas=['./colcon.meta'], base_paths=['.'], packages_ignore=None, packages_ignore_regex=None, paths=None, packages_up_to=None, packages_up_to_regex=None, packages_above=None, packages_above_and_dependencies=None, packages_above_depth=None, packages_select_by_dep=None, packages_skip_by_dep=None, packages_skip_up_to=None, packages_select_build_failed=False, packages_skip_build_finished=False, packages_select_test_failures=False, packages_skip_test_passed=False, packages_select=None, packages_skip=None, packages_select_regex=None, packages_skip_regex=None, packages_start=None, packages_end=None, allow_overriding=[], cmake_args=None, cmake_target=None, cmake_target_skip_unavailable=False, cmake_clean_cache=False, cmake_clean_first=False, cmake_force_configure=False, ament_cmake_args=None, catkin_cmake_args=None, catkin_skip_building_tests=False, verb_parser=<colcon_defaults.argument_parser.defaults.DefaultArgumentsDecorator object at 0xffffa58b39a0>, verb_extension=<colcon_core.verb.build.BuildVerb object at 0xffffa57f4550>, main=<bound method BuildVerb.main of <colcon_core.verb.build.BuildVerb object at 0xffffa57f4550>>)
[1.096s] Level 1:colcon.colcon_core.package_discovery:discover_packages(colcon_meta) check parameters
[1.096s] Level 1:colcon.colcon_core.package_discovery:discover_packages(recursive) check parameters
[1.097s] Level 1:colcon.colcon_core.package_discovery:discover_packages(ignore) check parameters
[1.097s] Level 1:colcon.colcon_core.package_discovery:discover_packages(path) check parameters
[1.097s] Level 1:colcon.colcon_core.package_discovery:discover_packages(colcon_meta) discover
[1.098s] Level 1:colcon.colcon_core.package_discovery:discover_packages(recursive) discover
[1.098s] INFO:colcon.colcon_core.package_discovery:Crawling recursively for packages in '/home/an/bao_ws'
[1.099s] Level 1:colcon.colcon_core.package_identification:_identify(.) by extensions ['ignore', 'ignore_ament_install']
[1.099s] Level 1:colcon.colcon_core.package_identification:_identify(.) by extension 'ignore'
[1.100s] Level 1:colcon.colcon_core.package_identification:_identify(.) by extension 'ignore_ament_install'
[1.100s] Level 1:colcon.colcon_core.package_identification:_identify(.) by extensions ['colcon_pkg']
[1.100s] Level 1:colcon.colcon_core.package_identification:_identify(.) by extension 'colcon_pkg'
[1.100s] Level 1:colcon.colcon_core.package_identification:_identify(.) by extensions ['colcon_meta']
[1.100s] Level 1:colcon.colcon_core.package_identification:_identify(.) by extension 'colcon_meta'
[1.101s] Level 1:colcon.colcon_core.package_identification:_identify(.) by extensions ['ros']
[1.101s] Level 1:colcon.colcon_core.package_identification:_identify(.) by extension 'ros'
[1.145s] Level 1:colcon.colcon_core.package_identification:_identify(.) by extensions ['cmake', 'python']
[1.145s] Level 1:colcon.colcon_core.package_identification:_identify(.) by extension 'cmake'
[1.146s] Level 1:colcon.colcon_core.package_identification:_identify(.) by extension 'python'
[1.146s] Level 1:colcon.colcon_core.package_identification:_identify(.) by extensions ['python_setup_py']
[1.146s] Level 1:colcon.colcon_core.package_identification:_identify(.) by extension 'python_setup_py'
[1.147s] Level 1:colcon.colcon_core.package_identification:_identify(build) by extensions ['ignore', 'ignore_ament_install']
[1.147s] Level 1:colcon.colcon_core.package_identification:_identify(build) by extension 'ignore'
[1.147s] Level 1:colcon.colcon_core.package_identification:_identify(build) ignored
[1.148s] Level 1:colcon.colcon_core.package_identification:_identify(install) by extensions ['ignore', 'ignore_ament_install']
[1.148s] Level 1:colcon.colcon_core.package_identification:_identify(install) by extension 'ignore'
[1.148s] Level 1:colcon.colcon_core.package_identification:_identify(install) ignored
[1.149s] Level 1:colcon.colcon_core.package_identification:_identify(log) by extensions ['ignore', 'ignore_ament_install']
[1.149s] Level 1:colcon.colcon_core.package_identification:_identify(log) by extension 'ignore'
[1.149s] Level 1:colcon.colcon_core.package_identification:_identify(log) ignored
[1.150s] Level 1:colcon.colcon_core.package_identification:_identify(src) by extensions ['ignore', 'ignore_ament_install']
[1.150s] Level 1:colcon.colcon_core.package_identification:_identify(src) by extension 'ignore'
[1.150s] Level 1:colcon.colcon_core.package_identification:_identify(src) by extension 'ignore_ament_install'
[1.151s] Level 1:colcon.colcon_core.package_identification:_identify(src) by extensions ['colcon_pkg']
[1.151s] Level 1:colcon.colcon_core.package_identification:_identify(src) by extension 'colcon_pkg'
[1.151s] Level 1:colcon.colcon_core.package_identification:_identify(src) by extensions ['colcon_meta']
[1.151s] Level 1:colcon.colcon_core.package_identification:_identify(src) by extension 'colcon_meta'
[1.151s] Level 1:colcon.colcon_core.package_identification:_identify(src) by extensions ['ros']
[1.151s] Level 1:colcon.colcon_core.package_identification:_identify(src) by extension 'ros'
[1.152s] Level 1:colcon.colcon_core.package_identification:_identify(src) by extensions ['cmake', 'python']
[1.152s] Level 1:colcon.colcon_core.package_identification:_identify(src) by extension 'cmake'
[1.152s] Level 1:colcon.colcon_core.package_identification:_identify(src) by extension 'python'
[1.152s] Level 1:colcon.colcon_core.package_identification:_identify(src) by extensions ['python_setup_py']
[1.152s] Level 1:colcon.colcon_core.package_identification:_identify(src) by extension 'python_setup_py'
[1.153s] Level 1:colcon.colcon_core.package_identification:_identify(src/diffdrive_esp) by extensions ['ignore', 'ignore_ament_install']
[1.153s] Level 1:colcon.colcon_core.package_identification:_identify(src/diffdrive_esp) by extension 'ignore'
[1.153s] Level 1:colcon.colcon_core.package_identification:_identify(src/diffdrive_esp) by extension 'ignore_ament_install'
[1.154s] Level 1:colcon.colcon_core.package_identification:_identify(src/diffdrive_esp) by extensions ['colcon_pkg']
[1.154s] Level 1:colcon.colcon_core.package_identification:_identify(src/diffdrive_esp) by extension 'colcon_pkg'
[1.154s] Level 1:colcon.colcon_core.package_identification:_identify(src/diffdrive_esp) by extensions ['colcon_meta']
[1.154s] Level 1:colcon.colcon_core.package_identification:_identify(src/diffdrive_esp) by extension 'colcon_meta'
[1.154s] Level 1:colcon.colcon_core.package_identification:_identify(src/diffdrive_esp) by extensions ['ros']
[1.155s] Level 1:colcon.colcon_core.package_identification:_identify(src/diffdrive_esp) by extension 'ros'
[1.170s] DEBUG:colcon.colcon_core.package_identification:Package 'src/diffdrive_esp' with type 'ros.ament_cmake' and name 'diffdrive_esp'
[1.171s] Level 1:colcon.colcon_core.package_identification:_identify(src/tb3_controller) by extensions ['ignore', 'ignore_ament_install']
[1.172s] Level 1:colcon.colcon_core.package_identification:_identify(src/tb3_controller) by extension 'ignore'
[1.172s] Level 1:colcon.colcon_core.package_identification:_identify(src/tb3_controller) by extension 'ignore_ament_install'
[1.172s] Level 1:colcon.colcon_core.package_identification:_identify(src/tb3_controller) by extensions ['colcon_pkg']
[1.172s] Level 1:colcon.colcon_core.package_identification:_identify(src/tb3_controller) by extension 'colcon_pkg'
[1.173s] Level 1:colcon.colcon_core.package_identification:_identify(src/tb3_controller) by extensions ['colcon_meta']
[1.173s] Level 1:colcon.colcon_core.package_identification:_identify(src/tb3_controller) by extension 'colcon_meta'
[1.173s] Level 1:colcon.colcon_core.package_identification:_identify(src/tb3_controller) by extensions ['ros']
[1.174s] Level 1:colcon.colcon_core.package_identification:_identify(src/tb3_controller) by extension 'ros'
[1.178s] DEBUG:colcon.colcon_core.package_identification:Package 'src/tb3_controller' with type 'ros.ament_cmake' and name 'tb3_controller'
[1.179s] Level 1:colcon.colcon_core.package_identification:_identify(src/tb3_description) by extensions ['ignore', 'ignore_ament_install']
[1.179s] Level 1:colcon.colcon_core.package_identification:_identify(src/tb3_description) by extension 'ignore'
[1.180s] Level 1:colcon.colcon_core.package_identification:_identify(src/tb3_description) by extension 'ignore_ament_install'
[1.180s] Level 1:colcon.colcon_core.package_identification:_identify(src/tb3_description) by extensions ['colcon_pkg']
[1.180s] Level 1:colcon.colcon_core.package_identification:_identify(src/tb3_description) by extension 'colcon_pkg'
[1.180s] Level 1:colcon.colcon_core.package_identification:_identify(src/tb3_description) by extensions ['colcon_meta']
[1.180s] Level 1:colcon.colcon_core.package_identification:_identify(src/tb3_description) by extension 'colcon_meta'
[1.180s] Level 1:colcon.colcon_core.package_identification:_identify(src/tb3_description) by extensions ['ros']
[1.181s] Level 1:colcon.colcon_core.package_identification:_identify(src/tb3_description) by extension 'ros'
[1.183s] DEBUG:colcon.colcon_core.package_identification:Package 'src/tb3_description' with type 'ros.ament_cmake' and name 'tb3_description'
[1.183s] Level 1:colcon.colcon_core.package_discovery:discover_packages(recursive) using defaults
[1.183s] Level 1:colcon.colcon_core.package_discovery:discover_packages(ignore) discover
[1.183s] Level 1:colcon.colcon_core.package_discovery:discover_packages(ignore) using defaults
[1.184s] Level 1:colcon.colcon_core.package_discovery:discover_packages(path) discover
[1.184s] Level 1:colcon.colcon_core.package_discovery:discover_packages(path) using defaults
[1.261s] Level 1:colcon.colcon_core.package_discovery:discover_packages(prefix_path) check parameters
[1.261s] Level 1:colcon.colcon_core.package_discovery:discover_packages(prefix_path) discover
[1.272s] DEBUG:colcon.colcon_installed_package_information.package_discovery:Found 3 installed packages in /home/an/bao_ws/install
[1.274s] DEBUG:colcon.colcon_installed_package_information.package_discovery:Found 1 installed packages in /home/an/ros2_ws/install
[1.276s] DEBUG:colcon.colcon_installed_package_information.package_discovery:Found 5 installed packages in /home/an/an_ws/install
[1.284s] DEBUG:colcon.colcon_installed_package_information.package_discovery:Found 229 installed packages in /opt/ros/humble
[1.289s] Level 1:colcon.colcon_core.package_discovery:discover_packages(prefix_path) using defaults
[1.466s] Level 5:colcon.colcon_core.verb:set package 'diffdrive_esp' build argument 'cmake_args' from command line to 'None'
[1.466s] Level 5:colcon.colcon_core.verb:set package 'diffdrive_esp' build argument 'cmake_target' from command line to 'None'
[1.466s] Level 5:colcon.colcon_core.verb:set package 'diffdrive_esp' build argument 'cmake_target_skip_unavailable' from command line to 'False'
[1.467s] Level 5:colcon.colcon_core.verb:set package 'diffdrive_esp' build argument 'cmake_clean_cache' from command line to 'False'
[1.467s] Level 5:colcon.colcon_core.verb:set package 'diffdrive_esp' build argument 'cmake_clean_first' from command line to 'False'
[1.467s] Level 5:colcon.colcon_core.verb:set package 'diffdrive_esp' build argument 'cmake_force_configure' from command line to 'False'
[1.467s] Level 5:colcon.colcon_core.verb:set package 'diffdrive_esp' build argument 'ament_cmake_args' from command line to 'None'
[1.467s] Level 5:colcon.colcon_core.verb:set package 'diffdrive_esp' build argument 'catkin_cmake_args' from command line to 'None'
[1.467s] Level 5:colcon.colcon_core.verb:set package 'diffdrive_esp' build argument 'catkin_skip_building_tests' from command line to 'False'
[1.467s] DEBUG:colcon.colcon_core.verb:Building package 'diffdrive_esp' with the following arguments: {'ament_cmake_args': None, 'build_base': '/home/an/bao_ws/build/diffdrive_esp', 'catkin_cmake_args': None, 'catkin_skip_building_tests': False, 'cmake_args': None, 'cmake_clean_cache': False, 'cmake_clean_first': False, 'cmake_force_configure': False, 'cmake_target': None, 'cmake_target_skip_unavailable': False, 'install_base': '/home/an/bao_ws/install/diffdrive_esp', 'merge_install': False, 'path': '/home/an/bao_ws/src/diffdrive_esp', 'symlink_install': False, 'test_result_base': None}
[1.469s] Level 5:colcon.colcon_core.verb:set package 'tb3_controller' build argument 'cmake_args' from command line to 'None'
[1.469s] Level 5:colcon.colcon_core.verb:set package 'tb3_controller' build argument 'cmake_target' from command line to 'None'
[1.469s] Level 5:colcon.colcon_core.verb:set package 'tb3_controller' build argument 'cmake_target_skip_unavailable' from command line to 'False'
[1.469s] Level 5:colcon.colcon_core.verb:set package 'tb3_controller' build argument 'cmake_clean_cache' from command line to 'False'
[1.469s] Level 5:colcon.colcon_core.verb:set package 'tb3_controller' build argument 'cmake_clean_first' from command line to 'False'
[1.469s] Level 5:colcon.colcon_core.verb:set package 'tb3_controller' build argument 'cmake_force_configure' from command line to 'False'
[1.470s] Level 5:colcon.colcon_core.verb:set package 'tb3_controller' build argument 'ament_cmake_args' from command line to 'None'
[1.470s] Level 5:colcon.colcon_core.verb:set package 'tb3_controller' build argument 'catkin_cmake_args' from command line to 'None'
[1.470s] Level 5:colcon.colcon_core.verb:set package 'tb3_controller' build argument 'catkin_skip_building_tests' from command line to 'False'
[1.470s] DEBUG:colcon.colcon_core.verb:Building package 'tb3_controller' with the following arguments: {'ament_cmake_args': None, 'build_base': '/home/an/bao_ws/build/tb3_controller', 'catkin_cmake_args': None, 'catkin_skip_building_tests': False, 'cmake_args': None, 'cmake_clean_cache': False, 'cmake_clean_first': False, 'cmake_force_configure': False, 'cmake_target': None, 'cmake_target_skip_unavailable': False, 'install_base': '/home/an/bao_ws/install/tb3_controller', 'merge_install': False, 'path': '/home/an/bao_ws/src/tb3_controller', 'symlink_install': False, 'test_result_base': None}
[1.471s] Level 5:colcon.colcon_core.verb:set package 'tb3_description' build argument 'cmake_args' from command line to 'None'
[1.471s] Level 5:colcon.colcon_core.verb:set package 'tb3_description' build argument 'cmake_target' from command line to 'None'
[1.472s] Level 5:colcon.colcon_core.verb:set package 'tb3_description' build argument 'cmake_target_skip_unavailable' from command line to 'False'
[1.472s] Level 5:colcon.colcon_core.verb:set package 'tb3_description' build argument 'cmake_clean_cache' from command line to 'False'
[1.472s] Level 5:colcon.colcon_core.verb:set package 'tb3_description' build argument 'cmake_clean_first' from command line to 'False'
[1.472s] Level 5:colcon.colcon_core.verb:set package 'tb3_description' build argument 'cmake_force_configure' from command line to 'False'
[1.472s] Level 5:colcon.colcon_core.verb:set package 'tb3_description' build argument 'ament_cmake_args' from command line to 'None'
[1.472s] Level 5:colcon.colcon_core.verb:set package 'tb3_description' build argument 'catkin_cmake_args' from command line to 'None'
[1.472s] Level 5:colcon.colcon_core.verb:set package 'tb3_description' build argument 'catkin_skip_building_tests' from command line to 'False'
[1.472s] DEBUG:colcon.colcon_core.verb:Building package 'tb3_description' with the following arguments: {'ament_cmake_args': None, 'build_base': '/home/an/bao_ws/build/tb3_description', 'catkin_cmake_args': None, 'catkin_skip_building_tests': False, 'cmake_args': None, 'cmake_clean_cache': False, 'cmake_clean_first': False, 'cmake_force_configure': False, 'cmake_target': None, 'cmake_target_skip_unavailable': False, 'install_base': '/home/an/bao_ws/install/tb3_description', 'merge_install': False, 'path': '/home/an/bao_ws/src/tb3_description', 'symlink_install': False, 'test_result_base': None}
[1.473s] INFO:colcon.colcon_core.executor:Executing jobs using 'parallel' executor
[1.476s] DEBUG:colcon.colcon_parallel_executor.executor.parallel:run_until_complete
[1.477s] INFO:colcon.colcon_ros.task.ament_cmake.build:Building ROS package in '/home/an/bao_ws/src/diffdrive_esp' with build type 'ament_cmake'
[1.478s] INFO:colcon.colcon_cmake.task.cmake.build:Building CMake package in '/home/an/bao_ws/src/diffdrive_esp'
[1.486s] INFO:colcon.colcon_core.plugin_system:Skipping extension 'colcon_core.shell.bat': Not used on non-Windows systems
[1.487s] INFO:colcon.colcon_core.shell:Skip shell extension 'powershell' for command environment: Not usable outside of PowerShell
[1.488s] DEBUG:colcon.colcon_core.shell:Skip shell extension 'dsv' for command environment
[1.510s] INFO:colcon.colcon_ros.task.ament_cmake.build:Building ROS package in '/home/an/bao_ws/src/tb3_controller' with build type 'ament_cmake'
[1.511s] INFO:colcon.colcon_cmake.task.cmake.build:Building CMake package in '/home/an/bao_ws/src/tb3_controller'
[1.513s] INFO:colcon.colcon_core.shell:Skip shell extension 'powershell' for command environment: Not usable outside of PowerShell
[1.513s] DEBUG:colcon.colcon_core.shell:Skip shell extension 'dsv' for command environment
[1.616s] INFO:colcon.colcon_ros.task.ament_cmake.build:Building ROS package in '/home/an/bao_ws/src/tb3_description' with build type 'ament_cmake'
[1.618s] INFO:colcon.colcon_cmake.task.cmake.build:Building CMake package in '/home/an/bao_ws/src/tb3_description'
[1.620s] INFO:colcon.colcon_core.shell:Skip shell extension 'powershell' for command environment: Not usable outside of PowerShell
[1.620s] DEBUG:colcon.colcon_core.shell:Skip shell extension 'dsv' for command environment
[1.928s] DEBUG:colcon.colcon_core.event_handler.log_command:Invoking command in '/home/an/bao_ws/build/diffdrive_esp': CMAKE_PREFIX_PATH=${CMAKE_PREFIX_PATH}:/home/an/ros2_ws/install/self_driving:/opt/ros/humble /usr/bin/cmake --build /home/an/bao_ws/build/diffdrive_esp -- -j4 -l4
[2.206s] DEBUG:colcon.colcon_core.event_handler.log_command:Invoking command in '/home/an/bao_ws/build/tb3_controller': CMAKE_PREFIX_PATH=${CMAKE_PREFIX_PATH}:/home/an/ros2_ws/install/self_driving:/opt/ros/humble /usr/bin/cmake --build /home/an/bao_ws/build/tb3_controller -- -j4 -l4
[2.224s] DEBUG:colcon.colcon_core.event_handler.log_command:Invoking command in '/home/an/bao_ws/build/tb3_description': CMAKE_PREFIX_PATH=${CMAKE_PREFIX_PATH}:/home/an/ros2_ws/install/self_driving:/opt/ros/humble /usr/bin/cmake --build /home/an/bao_ws/build/tb3_description -- -j4 -l4
[2.423s] DEBUG:colcon.colcon_core.event_handler.log_command:Invoked command in '/home/an/bao_ws/build/tb3_description' returned '0': CMAKE_PREFIX_PATH=${CMAKE_PREFIX_PATH}:/home/an/ros2_ws/install/self_driving:/opt/ros/humble /usr/bin/cmake --build /home/an/bao_ws/build/tb3_description -- -j4 -l4
[2.634s] DEBUG:colcon.colcon_core.event_handler.log_command:Invoking command in '/home/an/bao_ws/build/tb3_description': CMAKE_PREFIX_PATH=${CMAKE_PREFIX_PATH}:/home/an/ros2_ws/install/self_driving:/opt/ros/humble /usr/bin/cmake --install /home/an/bao_ws/build/tb3_description
[2.756s] Level 1:colcon.colcon_core.environment:create_environment_scripts_only(tb3_description)
[2.773s] DEBUG:colcon.colcon_core.event_handler.log_command:Invoked command in '/home/an/bao_ws/build/tb3_description' returned '0': CMAKE_PREFIX_PATH=${CMAKE_PREFIX_PATH}:/home/an/ros2_ws/install/self_driving:/opt/ros/humble /usr/bin/cmake --install /home/an/bao_ws/build/tb3_description
[2.775s] Level 1:colcon.colcon_core.environment:checking '/home/an/bao_ws/install/tb3_description' for CMake module files
[2.778s] Level 1:colcon.colcon_core.environment:checking '/home/an/bao_ws/install/tb3_description' for CMake config files
[2.784s] Level 1:colcon.colcon_core.shell:create_environment_hook('tb3_description', 'cmake_prefix_path')
[2.785s] INFO:colcon.colcon_core.shell:Creating environment hook '/home/an/bao_ws/install/tb3_description/share/tb3_description/hook/cmake_prefix_path.ps1'
[2.788s] INFO:colcon.colcon_core.shell:Creating environment descriptor '/home/an/bao_ws/install/tb3_description/share/tb3_description/hook/cmake_prefix_path.dsv'
[2.790s] INFO:colcon.colcon_core.shell:Creating environment hook '/home/an/bao_ws/install/tb3_description/share/tb3_description/hook/cmake_prefix_path.sh'
[2.794s] Level 1:colcon.colcon_core.environment:checking '/home/an/bao_ws/install/tb3_description/bin'
[2.795s] Level 1:colcon.colcon_core.environment:checking '/home/an/bao_ws/install/tb3_description/lib/pkgconfig/tb3_description.pc'
[2.796s] Level 1:colcon.colcon_core.environment:checking '/home/an/bao_ws/install/tb3_description/lib/python3.10/site-packages'
[2.798s] Level 1:colcon.colcon_core.environment:checking '/home/an/bao_ws/install/tb3_description/bin'
[2.799s] INFO:colcon.colcon_core.shell:Creating package script '/home/an/bao_ws/install/tb3_description/share/tb3_description/package.ps1'
[2.803s] INFO:colcon.colcon_core.shell:Creating package descriptor '/home/an/bao_ws/install/tb3_description/share/tb3_description/package.dsv'
[2.807s] INFO:colcon.colcon_core.shell:Creating package script '/home/an/bao_ws/install/tb3_description/share/tb3_description/package.sh'
[2.811s] INFO:colcon.colcon_core.shell:Creating package script '/home/an/bao_ws/install/tb3_description/share/tb3_description/package.bash'
[2.815s] INFO:colcon.colcon_core.shell:Creating package script '/home/an/bao_ws/install/tb3_description/share/tb3_description/package.zsh'
[2.819s] Level 1:colcon.colcon_core.environment:create_file_with_runtime_dependencies(/home/an/bao_ws/install/tb3_description/share/colcon-core/packages/tb3_description)
[2.947s] Level 1:colcon.colcon_core.environment:create_environment_scripts_only(tb3_description)
[2.948s] Level 1:colcon.colcon_core.environment:checking '/home/an/bao_ws/install/tb3_description' for CMake module files
[2.951s] Level 1:colcon.colcon_core.environment:checking '/home/an/bao_ws/install/tb3_description' for CMake config files
[2.955s] Level 1:colcon.colcon_core.shell:create_environment_hook('tb3_description', 'cmake_prefix_path')
[2.956s] INFO:colcon.colcon_core.shell:Creating environment hook '/home/an/bao_ws/install/tb3_description/share/tb3_description/hook/cmake_prefix_path.ps1'
[3.670s] INFO:colcon.colcon_core.shell:Creating environment descriptor '/home/an/bao_ws/install/tb3_description/share/tb3_description/hook/cmake_prefix_path.dsv'
[3.672s] INFO:colcon.colcon_core.shell:Creating environment hook '/home/an/bao_ws/install/tb3_description/share/tb3_description/hook/cmake_prefix_path.sh'
[3.675s] Level 1:colcon.colcon_core.environment:checking '/home/an/bao_ws/install/tb3_description/bin'
[3.676s] Level 1:colcon.colcon_core.environment:checking '/home/an/bao_ws/install/tb3_description/lib/pkgconfig/tb3_description.pc'
[3.678s] Level 1:colcon.colcon_core.environment:checking '/home/an/bao_ws/install/tb3_description/lib/python3.10/site-packages'
[3.679s] Level 1:colcon.colcon_core.environment:checking '/home/an/bao_ws/install/tb3_description/bin'
[3.680s] INFO:colcon.colcon_core.shell:Creating package script '/home/an/bao_ws/install/tb3_description/share/tb3_description/package.ps1'
[3.685s] INFO:colcon.colcon_core.shell:Creating package descriptor '/home/an/bao_ws/install/tb3_description/share/tb3_description/package.dsv'
[3.689s] INFO:colcon.colcon_core.shell:Creating package script '/home/an/bao_ws/install/tb3_description/share/tb3_description/package.sh'
[3.692s] INFO:colcon.colcon_core.shell:Creating package script '/home/an/bao_ws/install/tb3_description/share/tb3_description/package.bash'
[3.694s] INFO:colcon.colcon_core.shell:Creating package script '/home/an/bao_ws/install/tb3_description/share/tb3_description/package.zsh'
[3.698s] Level 1:colcon.colcon_core.environment:create_file_with_runtime_dependencies(/home/an/bao_ws/install/tb3_description/share/colcon-core/packages/tb3_description)
[4.119s] DEBUG:colcon.colcon_core.event_handler.log_command:Invoked command in '/home/an/bao_ws/build/tb3_controller' returned '0': CMAKE_PREFIX_PATH=${CMAKE_PREFIX_PATH}:/home/an/ros2_ws/install/self_driving:/opt/ros/humble /usr/bin/cmake --build /home/an/bao_ws/build/tb3_controller -- -j4 -l4
[4.271s] DEBUG:colcon.colcon_core.event_handler.log_command:Invoking command in '/home/an/bao_ws/build/tb3_controller': CMAKE_PREFIX_PATH=${CMAKE_PREFIX_PATH}:/home/an/ros2_ws/install/self_driving:/opt/ros/humble /usr/bin/cmake --install /home/an/bao_ws/build/tb3_controller
[4.755s] Level 1:colcon.colcon_core.environment:create_environment_scripts_only(tb3_controller)
[4.756s] Level 1:colcon.colcon_core.environment:checking '/home/an/bao_ws/install/tb3_controller' for CMake module files
[4.759s] DEBUG:colcon.colcon_core.event_handler.log_command:Invoked command in '/home/an/bao_ws/build/tb3_controller' returned '0': CMAKE_PREFIX_PATH=${CMAKE_PREFIX_PATH}:/home/an/ros2_ws/install/self_driving:/opt/ros/humble /usr/bin/cmake --install /home/an/bao_ws/build/tb3_controller
[4.762s] Level 1:colcon.colcon_core.environment:checking '/home/an/bao_ws/install/tb3_controller' for CMake config files
[4.765s] Level 1:colcon.colcon_core.shell:create_environment_hook('tb3_controller', 'cmake_prefix_path')
[4.767s] INFO:colcon.colcon_core.shell:Creating environment hook '/home/an/bao_ws/install/tb3_controller/share/tb3_controller/hook/cmake_prefix_path.ps1'
[4.850s] INFO:colcon.colcon_core.shell:Creating environment descriptor '/home/an/bao_ws/install/tb3_controller/share/tb3_controller/hook/cmake_prefix_path.dsv'
[4.853s] INFO:colcon.colcon_core.shell:Creating environment hook '/home/an/bao_ws/install/tb3_controller/share/tb3_controller/hook/cmake_prefix_path.sh'
[4.857s] Level 1:colcon.colcon_core.environment:checking '/home/an/bao_ws/install/tb3_controller/lib'
[4.858s] Level 1:colcon.colcon_core.environment:checking '/home/an/bao_ws/install/tb3_controller/bin'
[4.859s] Level 1:colcon.colcon_core.environment:checking '/home/an/bao_ws/install/tb3_controller/lib/pkgconfig/tb3_controller.pc'
[4.860s] Level 1:colcon.colcon_core.environment:checking '/home/an/bao_ws/install/tb3_controller/lib/python3.10/site-packages'
[4.861s] Level 1:colcon.colcon_core.environment:checking '/home/an/bao_ws/install/tb3_controller/bin'
[4.863s] INFO:colcon.colcon_core.shell:Creating package script '/home/an/bao_ws/install/tb3_controller/share/tb3_controller/package.ps1'
[4.866s] INFO:colcon.colcon_core.shell:Creating package descriptor '/home/an/bao_ws/install/tb3_controller/share/tb3_controller/package.dsv'
[4.868s] INFO:colcon.colcon_core.shell:Creating package script '/home/an/bao_ws/install/tb3_controller/share/tb3_controller/package.sh'
[4.871s] INFO:colcon.colcon_core.shell:Creating package script '/home/an/bao_ws/install/tb3_controller/share/tb3_controller/package.bash'
[4.873s] INFO:colcon.colcon_core.shell:Creating package script '/home/an/bao_ws/install/tb3_controller/share/tb3_controller/package.zsh'
[4.875s] Level 1:colcon.colcon_core.environment:create_file_with_runtime_dependencies(/home/an/bao_ws/install/tb3_controller/share/colcon-core/packages/tb3_controller)
[5.031s] Level 1:colcon.colcon_core.environment:create_environment_scripts_only(tb3_controller)
[5.037s] Level 1:colcon.colcon_core.environment:checking '/home/an/bao_ws/install/tb3_controller' for CMake module files
[5.041s] Level 1:colcon.colcon_core.environment:checking '/home/an/bao_ws/install/tb3_controller' for CMake config files
[5.046s] Level 1:colcon.colcon_core.shell:create_environment_hook('tb3_controller', 'cmake_prefix_path')
[5.048s] INFO:colcon.colcon_core.shell:Creating environment hook '/home/an/bao_ws/install/tb3_controller/share/tb3_controller/hook/cmake_prefix_path.ps1'
[6.145s] INFO:colcon.colcon_core.shell:Creating environment descriptor '/home/an/bao_ws/install/tb3_controller/share/tb3_controller/hook/cmake_prefix_path.dsv'
[6.152s] INFO:colcon.colcon_core.shell:Creating environment hook '/home/an/bao_ws/install/tb3_controller/share/tb3_controller/hook/cmake_prefix_path.sh'
[6.156s] Level 1:colcon.colcon_core.environment:checking '/home/an/bao_ws/install/tb3_controller/lib'
[6.157s] Level 1:colcon.colcon_core.environment:checking '/home/an/bao_ws/install/tb3_controller/bin'
[6.158s] Level 1:colcon.colcon_core.environment:checking '/home/an/bao_ws/install/tb3_controller/lib/pkgconfig/tb3_controller.pc'
[6.159s] Level 1:colcon.colcon_core.environment:checking '/home/an/bao_ws/install/tb3_controller/lib/python3.10/site-packages'
[6.161s] Level 1:colcon.colcon_core.environment:checking '/home/an/bao_ws/install/tb3_controller/bin'
[6.163s] INFO:colcon.colcon_core.shell:Creating package script '/home/an/bao_ws/install/tb3_controller/share/tb3_controller/package.ps1'
[6.166s] INFO:colcon.colcon_core.shell:Creating package descriptor '/home/an/bao_ws/install/tb3_controller/share/tb3_controller/package.dsv'
[6.170s] INFO:colcon.colcon_core.shell:Creating package script '/home/an/bao_ws/install/tb3_controller/share/tb3_controller/package.sh'
[6.174s] INFO:colcon.colcon_core.shell:Creating package script '/home/an/bao_ws/install/tb3_controller/share/tb3_controller/package.bash'
[6.178s] INFO:colcon.colcon_core.shell:Creating package script '/home/an/bao_ws/install/tb3_controller/share/tb3_controller/package.zsh'
[6.181s] Level 1:colcon.colcon_core.environment:create_file_with_runtime_dependencies(/home/an/bao_ws/install/tb3_controller/share/colcon-core/packages/tb3_controller)
[17.886s] DEBUG:colcon.colcon_core.event_handler.log_command:Invoked command in '/home/an/bao_ws/build/diffdrive_esp' returned '0': CMAKE_PREFIX_PATH=${CMAKE_PREFIX_PATH}:/home/an/ros2_ws/install/self_driving:/opt/ros/humble /usr/bin/cmake --build /home/an/bao_ws/build/diffdrive_esp -- -j4 -l4
[18.020s] DEBUG:colcon.colcon_core.event_handler.log_command:Invoking command in '/home/an/bao_ws/build/diffdrive_esp': CMAKE_PREFIX_PATH=${CMAKE_PREFIX_PATH}:/home/an/ros2_ws/install/self_driving:/opt/ros/humble /usr/bin/cmake --install /home/an/bao_ws/build/diffdrive_esp
[18.088s] Level 1:colcon.colcon_core.environment:create_environment_scripts_only(diffdrive_esp)
[18.089s] Level 1:colcon.colcon_core.environment:checking '/home/an/bao_ws/install/diffdrive_esp' for CMake module files
[18.096s] Level 1:colcon.colcon_core.environment:checking '/home/an/bao_ws/install/diffdrive_esp' for CMake config files
[18.099s] Level 1:colcon.colcon_core.shell:create_environment_hook('diffdrive_esp', 'cmake_prefix_path')
[18.100s] INFO:colcon.colcon_core.shell:Creating environment hook '/home/an/bao_ws/install/diffdrive_esp/share/diffdrive_esp/hook/cmake_prefix_path.ps1'
[18.105s] DEBUG:colcon.colcon_core.event_handler.log_command:Invoked command in '/home/an/bao_ws/build/diffdrive_esp' returned '0': CMAKE_PREFIX_PATH=${CMAKE_PREFIX_PATH}:/home/an/ros2_ws/install/self_driving:/opt/ros/humble /usr/bin/cmake --install /home/an/bao_ws/build/diffdrive_esp
[18.106s] INFO:colcon.colcon_core.shell:Creating environment descriptor '/home/an/bao_ws/install/diffdrive_esp/share/diffdrive_esp/hook/cmake_prefix_path.dsv'
[18.108s] INFO:colcon.colcon_core.shell:Creating environment hook '/home/an/bao_ws/install/diffdrive_esp/share/diffdrive_esp/hook/cmake_prefix_path.sh'
[18.111s] Level 1:colcon.colcon_core.environment:checking '/home/an/bao_ws/install/diffdrive_esp/lib'
[18.112s] Level 1:colcon.colcon_core.shell:create_environment_hook('diffdrive_esp', 'ld_library_path_lib')
[18.113s] INFO:colcon.colcon_core.shell:Creating environment hook '/home/an/bao_ws/install/diffdrive_esp/share/diffdrive_esp/hook/ld_library_path_lib.ps1'
[18.115s] INFO:colcon.colcon_core.shell:Creating environment descriptor '/home/an/bao_ws/install/diffdrive_esp/share/diffdrive_esp/hook/ld_library_path_lib.dsv'
[18.117s] INFO:colcon.colcon_core.shell:Creating environment hook '/home/an/bao_ws/install/diffdrive_esp/share/diffdrive_esp/hook/ld_library_path_lib.sh'
[18.119s] Level 1:colcon.colcon_core.environment:checking '/home/an/bao_ws/install/diffdrive_esp/bin'
[18.120s] Level 1:colcon.colcon_core.environment:checking '/home/an/bao_ws/install/diffdrive_esp/lib/pkgconfig/diffdrive_esp.pc'
[18.121s] Level 1:colcon.colcon_core.environment:checking '/home/an/bao_ws/install/diffdrive_esp/lib/python3.10/site-packages'
[18.122s] Level 1:colcon.colcon_core.environment:checking '/home/an/bao_ws/install/diffdrive_esp/bin'
[18.123s] INFO:colcon.colcon_core.shell:Creating package script '/home/an/bao_ws/install/diffdrive_esp/share/diffdrive_esp/package.ps1'
[18.126s] INFO:colcon.colcon_core.shell:Creating package descriptor '/home/an/bao_ws/install/diffdrive_esp/share/diffdrive_esp/package.dsv'
[18.128s] INFO:colcon.colcon_core.shell:Creating package script '/home/an/bao_ws/install/diffdrive_esp/share/diffdrive_esp/package.sh'
[18.131s] INFO:colcon.colcon_core.shell:Creating package script '/home/an/bao_ws/install/diffdrive_esp/share/diffdrive_esp/package.bash'
[18.133s] INFO:colcon.colcon_core.shell:Creating package script '/home/an/bao_ws/install/diffdrive_esp/share/diffdrive_esp/package.zsh'
[18.135s] Level 1:colcon.colcon_core.environment:create_file_with_runtime_dependencies(/home/an/bao_ws/install/diffdrive_esp/share/colcon-core/packages/diffdrive_esp)
[18.267s] Level 1:colcon.colcon_core.environment:create_environment_scripts_only(diffdrive_esp)
[18.268s] Level 1:colcon.colcon_core.environment:checking '/home/an/bao_ws/install/diffdrive_esp' for CMake module files
[18.271s] Level 1:colcon.colcon_core.environment:checking '/home/an/bao_ws/install/diffdrive_esp' for CMake config files
[18.274s] Level 1:colcon.colcon_core.shell:create_environment_hook('diffdrive_esp', 'cmake_prefix_path')
[18.275s] INFO:colcon.colcon_core.shell:Creating environment hook '/home/an/bao_ws/install/diffdrive_esp/share/diffdrive_esp/hook/cmake_prefix_path.ps1'
[18.276s] INFO:colcon.colcon_core.shell:Creating environment descriptor '/home/an/bao_ws/install/diffdrive_esp/share/diffdrive_esp/hook/cmake_prefix_path.dsv'
[18.278s] INFO:colcon.colcon_core.shell:Creating environment hook '/home/an/bao_ws/install/diffdrive_esp/share/diffdrive_esp/hook/cmake_prefix_path.sh'
[18.281s] Level 1:colcon.colcon_core.environment:checking '/home/an/bao_ws/install/diffdrive_esp/lib'
[18.282s] Level 1:colcon.colcon_core.shell:create_environment_hook('diffdrive_esp', 'ld_library_path_lib')
[18.282s] INFO:colcon.colcon_core.shell:Creating environment hook '/home/an/bao_ws/install/diffdrive_esp/share/diffdrive_esp/hook/ld_library_path_lib.ps1'
[18.284s] INFO:colcon.colcon_core.shell:Creating environment descriptor '/home/an/bao_ws/install/diffdrive_esp/share/diffdrive_esp/hook/ld_library_path_lib.dsv'
[18.286s] INFO:colcon.colcon_core.shell:Creating environment hook '/home/an/bao_ws/install/diffdrive_esp/share/diffdrive_esp/hook/ld_library_path_lib.sh'
[18.288s] Level 1:colcon.colcon_core.environment:checking '/home/an/bao_ws/install/diffdrive_esp/bin'
[18.288s] Level 1:colcon.colcon_core.environment:checking '/home/an/bao_ws/install/diffdrive_esp/lib/pkgconfig/diffdrive_esp.pc'
[18.289s] Level 1:colcon.colcon_core.environment:checking '/home/an/bao_ws/install/diffdrive_esp/lib/python3.10/site-packages'
[18.290s] Level 1:colcon.colcon_core.environment:checking '/home/an/bao_ws/install/diffdrive_esp/bin'
[18.291s] INFO:colcon.colcon_core.shell:Creating package script '/home/an/bao_ws/install/diffdrive_esp/share/diffdrive_esp/package.ps1'
[18.294s] INFO:colcon.colcon_core.shell:Creating package descriptor '/home/an/bao_ws/install/diffdrive_esp/share/diffdrive_esp/package.dsv'
[18.297s] INFO:colcon.colcon_core.shell:Creating package script '/home/an/bao_ws/install/diffdrive_esp/share/diffdrive_esp/package.sh'
[18.299s] INFO:colcon.colcon_core.shell:Creating package script '/home/an/bao_ws/install/diffdrive_esp/share/diffdrive_esp/package.bash'
[18.301s] INFO:colcon.colcon_core.shell:Creating package script '/home/an/bao_ws/install/diffdrive_esp/share/diffdrive_esp/package.zsh'
[18.303s] Level 1:colcon.colcon_core.environment:create_file_with_runtime_dependencies(/home/an/bao_ws/install/diffdrive_esp/share/colcon-core/packages/diffdrive_esp)
[18.304s] DEBUG:colcon.colcon_parallel_executor.executor.parallel:closing loop
[18.306s] DEBUG:colcon.colcon_parallel_executor.executor.parallel:loop closed
[18.306s] DEBUG:colcon.colcon_parallel_executor.executor.parallel:run_until_complete finished with '0'
[18.307s] DEBUG:colcon.colcon_core.event_reactor:joining thread
[18.327s] INFO:colcon.colcon_core.plugin_system:Skipping extension 'colcon_notification.desktop_notification.notify_send': Could not find 'notify-send'
[18.328s] INFO:colcon.colcon_core.plugin_system:Skipping extension 'colcon_notification.desktop_notification.terminal_notifier': Not used on non-Darwin systems
[18.328s] INFO:colcon.colcon_core.plugin_system:Skipping extension 'colcon_notification.desktop_notification.win32': Not used on non-Windows systems
[18.328s] INFO:colcon.colcon_notification.desktop_notification:Sending desktop notification using 'notify2'
[18.331s] DEBUG:colcon.colcon_notification.desktop_notification.notify2:Failed to initialize notify2: org.freedesktop.DBus.Error.ServiceUnknown: The name org.freedesktop.Notifications was not provided by any .service files
[18.332s] DEBUG:colcon.colcon_core.event_reactor:joined thread
[18.333s] INFO:colcon.colcon_core.shell:Creating prefix script '/home/an/bao_ws/install/local_setup.ps1'
[18.336s] INFO:colcon.colcon_core.shell:Creating prefix util module '/home/an/bao_ws/install/_local_setup_util_ps1.py'
[18.342s] INFO:colcon.colcon_core.shell:Creating prefix chain script '/home/an/bao_ws/install/setup.ps1'
[18.350s] INFO:colcon.colcon_core.shell:Creating prefix script '/home/an/bao_ws/install/local_setup.sh'
[18.353s] INFO:colcon.colcon_core.shell:Creating prefix util module '/home/an/bao_ws/install/_local_setup_util_sh.py'
[18.356s] INFO:colcon.colcon_core.shell:Creating prefix chain script '/home/an/bao_ws/install/setup.sh'
[18.363s] INFO:colcon.colcon_core.shell:Creating prefix script '/home/an/bao_ws/install/local_setup.bash'
[18.366s] INFO:colcon.colcon_core.shell:Creating prefix chain script '/home/an/bao_ws/install/setup.bash'
[18.373s] INFO:colcon.colcon_core.shell:Creating prefix script '/home/an/bao_ws/install/local_setup.zsh'
[18.375s] INFO:colcon.colcon_core.shell:Creating prefix chain script '/home/an/bao_ws/install/setup.zsh'
