[0.448s] Invoking command in '/home/an/bao_ws/build/diffdrive_esp': CMAKE_PREFIX_PATH=${CMAKE_PREFIX_PATH}:/home/an/ros2_ws/install/self_driving:/opt/ros/humble /usr/bin/cmake --build /home/an/bao_ws/build/diffdrive_esp -- -j4 -l4
[0.733s] [35m[1mConsolidate compiler generated dependencies of target diffdrive_esp[0m
[0.789s] [ 50%] [32mBuilding CXX object CMakeFiles/diffdrive_esp.dir/hardware/diffbot_system.cpp.o[0m
[15.467s] [100%] [32m[1mLinking CXX shared library libdiffdrive_esp.so[0m
[16.364s] [100%] Built target diffdrive_esp
[16.406s] Invoked command in '/home/an/bao_ws/build/diffdrive_esp' returned '0': CMAKE_PREFIX_PATH=${CMAKE_PREFIX_PATH}:/home/an/ros2_ws/install/self_driving:/opt/ros/humble /usr/bin/cmake --build /home/an/bao_ws/build/diffdrive_esp -- -j4 -l4
[16.540s] Invoking command in '/home/an/bao_ws/build/diffdrive_esp': CMAKE_PREFIX_PATH=${CMAKE_PREFIX_PATH}:/home/an/ros2_ws/install/self_driving:/opt/ros/humble /usr/bin/cmake --install /home/an/bao_ws/build/diffdrive_esp
[16.567s] -- Install configuration: ""
[16.569s] -- Up-to-date: /home/an/bao_ws/install/diffdrive_esp/share/diffdrive_esp/diffdrive_esp.xml
[16.570s] -- Up-to-date: /home/an/bao_ws/install/diffdrive_esp/include/diffdrive_esp
[16.571s] -- Up-to-date: /home/an/bao_ws/install/diffdrive_esp/include/diffdrive_esp/diffdrive_esp
[16.573s] -- Up-to-date: /home/an/bao_ws/install/diffdrive_esp/include/diffdrive_esp/diffdrive_esp/esp32_comms.hpp
[16.573s] -- Up-to-date: /home/an/bao_ws/install/diffdrive_esp/include/diffdrive_esp/diffdrive_esp/visibility_control.h
[16.575s] -- Up-to-date: /home/an/bao_ws/install/diffdrive_esp/include/diffdrive_esp/diffdrive_esp/wheel.hpp
[16.575s] -- Up-to-date: /home/an/bao_ws/install/diffdrive_esp/include/diffdrive_esp/diffdrive_esp/diffbot_system.hpp
[16.578s] -- Installing: /home/an/bao_ws/install/diffdrive_esp/lib/libdiffdrive_esp.so
[16.589s] -- Set runtime path of "/home/an/bao_ws/install/diffdrive_esp/lib/libdiffdrive_esp.so" to ""
[16.590s] -- Up-to-date: /home/an/bao_ws/install/diffdrive_esp/share/diffdrive_esp/environment/library_path.sh
[16.592s] -- Up-to-date: /home/an/bao_ws/install/diffdrive_esp/share/diffdrive_esp/environment/library_path.dsv
[16.594s] -- Up-to-date: /home/an/bao_ws/install/diffdrive_esp/share/ament_index/resource_index/package_run_dependencies/diffdrive_esp
[16.594s] -- Up-to-date: /home/an/bao_ws/install/diffdrive_esp/share/ament_index/resource_index/parent_prefix_path/diffdrive_esp
[16.595s] -- Up-to-date: /home/an/bao_ws/install/diffdrive_esp/share/diffdrive_esp/environment/ament_prefix_path.sh
[16.598s] -- Up-to-date: /home/an/bao_ws/install/diffdrive_esp/share/diffdrive_esp/environment/ament_prefix_path.dsv
[16.600s] -- Up-to-date: /home/an/bao_ws/install/diffdrive_esp/share/diffdrive_esp/environment/path.sh
[16.600s] -- Up-to-date: /home/an/bao_ws/install/diffdrive_esp/share/diffdrive_esp/environment/path.dsv
[16.601s] -- Up-to-date: /home/an/bao_ws/install/diffdrive_esp/share/diffdrive_esp/local_setup.bash
[16.602s] -- Up-to-date: /home/an/bao_ws/install/diffdrive_esp/share/diffdrive_esp/local_setup.sh
[16.602s] -- Up-to-date: /home/an/bao_ws/install/diffdrive_esp/share/diffdrive_esp/local_setup.zsh
[16.609s] -- Up-to-date: /home/an/bao_ws/install/diffdrive_esp/share/diffdrive_esp/local_setup.dsv
[16.611s] -- Installing: /home/an/bao_ws/install/diffdrive_esp/share/diffdrive_esp/package.dsv
[16.612s] -- Up-to-date: /home/an/bao_ws/install/diffdrive_esp/share/ament_index/resource_index/packages/diffdrive_esp
[16.613s] -- Up-to-date: /home/an/bao_ws/install/diffdrive_esp/share/ament_index/resource_index/hardware_interface__pluginlib__plugin/diffdrive_esp
[16.614s] -- Up-to-date: /home/an/bao_ws/install/diffdrive_esp/share/diffdrive_esp/cmake/export_diffdrive_espExport.cmake
[16.615s] -- Up-to-date: /home/an/bao_ws/install/diffdrive_esp/share/diffdrive_esp/cmake/export_diffdrive_espExport-noconfig.cmake
[16.623s] -- Up-to-date: /home/an/bao_ws/install/diffdrive_esp/share/diffdrive_esp/cmake/ament_cmake_export_targets-extras.cmake
[16.624s] -- Up-to-date: /home/an/bao_ws/install/diffdrive_esp/share/diffdrive_esp/cmake/ament_cmake_export_dependencies-extras.cmake
[16.624s] -- Up-to-date: /home/an/bao_ws/install/diffdrive_esp/share/diffdrive_esp/cmake/diffdrive_espConfig.cmake
[16.625s] -- Up-to-date: /home/an/bao_ws/install/diffdrive_esp/share/diffdrive_esp/cmake/diffdrive_espConfig-version.cmake
[16.625s] -- Up-to-date: /home/an/bao_ws/install/diffdrive_esp/share/diffdrive_esp/package.xml
[16.626s] Invoked command in '/home/an/bao_ws/build/diffdrive_esp' returned '0': CMAKE_PREFIX_PATH=${CMAKE_PREFIX_PATH}:/home/an/ros2_ws/install/self_driving:/opt/ros/humble /usr/bin/cmake --install /home/an/bao_ws/build/diffdrive_esp
