[  0%] Built target ament_cmake_python_copy_tb3_controller
[100%] Built target odom_publisher
running egg_info
writing tb3_controller.egg-info/PKG-INFO
writing dependency_links to tb3_controller.egg-info/dependency_links.txt
writing top-level names to tb3_controller.egg-info/top_level.txt
reading manifest file 'tb3_controller.egg-info/SOURCES.txt'
writing manifest file 'tb3_controller.egg-info/SOURCES.txt'
[100%] Built target ament_cmake_python_build_tb3_controller_egg
-- Install configuration: ""
-- Up-to-date: /home/an/bao_ws/install/tb3_controller/share/tb3_controller/environment/pythonpath.sh
-- Up-to-date: /home/an/bao_ws/install/tb3_controller/share/tb3_controller/environment/pythonpath.dsv
-- Up-to-date: /home/an/bao_ws/install/tb3_controller/local/lib/python3.10/dist-packages/tb3_controller-0.0.0-py3.10.egg-info
-- Installing: /home/an/bao_ws/install/tb3_controller/local/lib/python3.10/dist-packages/tb3_controller-0.0.0-py3.10.egg-info/SOURCES.txt
-- Installing: /home/an/bao_ws/install/tb3_controller/local/lib/python3.10/dist-packages/tb3_controller-0.0.0-py3.10.egg-info/dependency_links.txt
-- Installing: /home/an/bao_ws/install/tb3_controller/local/lib/python3.10/dist-packages/tb3_controller-0.0.0-py3.10.egg-info/PKG-INFO
-- Installing: /home/an/bao_ws/install/tb3_controller/local/lib/python3.10/dist-packages/tb3_controller-0.0.0-py3.10.egg-info/top_level.txt
-- Up-to-date: /home/an/bao_ws/install/tb3_controller/local/lib/python3.10/dist-packages/tb3_controller
-- Up-to-date: /home/an/bao_ws/install/tb3_controller/local/lib/python3.10/dist-packages/tb3_controller/__init__.py
-- Up-to-date: /home/an/bao_ws/install/tb3_controller/local/lib/python3.10/dist-packages/tb3_controller/simple_controller.py
Listing '/home/an/bao_ws/install/tb3_controller/local/lib/python3.10/dist-packages/tb3_controller'...
-- Up-to-date: /home/an/bao_ws/install/tb3_controller/include/include
-- Up-to-date: /home/an/bao_ws/install/tb3_controller/include/include/turtlebot3_controller
-- Up-to-date: /home/an/bao_ws/install/tb3_controller/include/include/turtlebot3_controller/noisy_controller.hpp
-- Up-to-date: /home/an/bao_ws/install/tb3_controller/include/include/turtlebot3_controller/simple_controller.hpp
-- Up-to-date: /home/an/bao_ws/install/tb3_controller/include/include/turtlebot3_controller/odom_publisher.hpp
-- Up-to-date: /home/an/bao_ws/install/tb3_controller/lib/tb3_controller/odom_publisher
-- Up-to-date: /home/an/bao_ws/install/tb3_controller/share/tb3_controller/config
-- Up-to-date: /home/an/bao_ws/install/tb3_controller/share/tb3_controller/config/turtlebot3_controllers.yaml
-- Up-to-date: /home/an/bao_ws/install/tb3_controller/share/tb3_controller/config/nav2_params.yaml
-- Up-to-date: /home/an/bao_ws/install/tb3_controller/share/tb3_controller/config/twist_mux.yaml
-- Up-to-date: /home/an/bao_ws/install/tb3_controller/share/tb3_controller/config/diff_drive_controllers.yaml
-- Up-to-date: /home/an/bao_ws/install/tb3_controller/share/tb3_controller/config/mapper_params_online_async.yaml
-- Up-to-date: /home/an/bao_ws/install/tb3_controller/share/tb3_controller/config/gazebo_params.yaml
-- Up-to-date: /home/an/bao_ws/install/tb3_controller/share/tb3_controller/config/waffle_pi.yaml
-- Up-to-date: /home/an/bao_ws/install/tb3_controller/share/tb3_controller/launch
-- Up-to-date: /home/an/bao_ws/install/tb3_controller/share/tb3_controller/launch/localization_launch.py
-- Up-to-date: /home/an/bao_ws/install/tb3_controller/share/tb3_controller/launch/launch_rb_controller.launch.py
-- Up-to-date: /home/an/bao_ws/install/tb3_controller/share/tb3_controller/launch/diff_drive_controller.launch.py
-- Up-to-date: /home/an/bao_ws/install/tb3_controller/share/tb3_controller/launch/rsp.launch.py
-- Up-to-date: /home/an/bao_ws/install/tb3_controller/share/tb3_controller/launch/launch_sim.py
-- Up-to-date: /home/an/bao_ws/install/tb3_controller/share/tb3_controller/launch/online_async_launch.py
-- Up-to-date: /home/an/bao_ws/install/tb3_controller/share/tb3_controller/launch/navigation_launch.py
-- Up-to-date: /home/an/bao_ws/install/tb3_controller/lib/tb3_controller/simple_controller.py
-- Up-to-date: /home/an/bao_ws/install/tb3_controller/share/ament_index/resource_index/package_run_dependencies/tb3_controller
-- Up-to-date: /home/an/bao_ws/install/tb3_controller/share/ament_index/resource_index/parent_prefix_path/tb3_controller
-- Up-to-date: /home/an/bao_ws/install/tb3_controller/share/tb3_controller/environment/ament_prefix_path.sh
-- Up-to-date: /home/an/bao_ws/install/tb3_controller/share/tb3_controller/environment/ament_prefix_path.dsv
-- Up-to-date: /home/an/bao_ws/install/tb3_controller/share/tb3_controller/environment/path.sh
-- Up-to-date: /home/an/bao_ws/install/tb3_controller/share/tb3_controller/environment/path.dsv
-- Up-to-date: /home/an/bao_ws/install/tb3_controller/share/tb3_controller/local_setup.bash
-- Up-to-date: /home/an/bao_ws/install/tb3_controller/share/tb3_controller/local_setup.sh
-- Up-to-date: /home/an/bao_ws/install/tb3_controller/share/tb3_controller/local_setup.zsh
-- Up-to-date: /home/an/bao_ws/install/tb3_controller/share/tb3_controller/local_setup.dsv
-- Installing: /home/an/bao_ws/install/tb3_controller/share/tb3_controller/package.dsv
-- Up-to-date: /home/an/bao_ws/install/tb3_controller/share/ament_index/resource_index/packages/tb3_controller
-- Up-to-date: /home/an/bao_ws/install/tb3_controller/share/tb3_controller/cmake/tb3_controllerConfig.cmake
-- Up-to-date: /home/an/bao_ws/install/tb3_controller/share/tb3_controller/cmake/tb3_controllerConfig-version.cmake
-- Up-to-date: /home/an/bao_ws/install/tb3_controller/share/tb3_controller/package.xml
