[0.942s] DEBUG:colcon:Command line arguments: ['/usr/bin/colcon', 'build']
[0.942s] DEBUG:colcon:Parsed command line arguments: Namespace(log_base=None, log_level=None, verb_name='build', build_base='build', install_base='install', merge_install=False, symlink_install=False, test_result_base=None, continue_on_error=False, executor='parallel', parallel_workers=4, event_handlers=None, ignore_user_meta=False, metas=['./colcon.meta'], base_paths=['.'], packages_ignore=None, packages_ignore_regex=None, paths=None, packages_up_to=None, packages_up_to_regex=None, packages_above=None, packages_above_and_dependencies=None, packages_above_depth=None, packages_select_by_dep=None, packages_skip_by_dep=None, packages_skip_up_to=None, packages_select_build_failed=False, packages_skip_build_finished=False, packages_select_test_failures=False, packages_skip_test_passed=False, packages_select=None, packages_skip=None, packages_select_regex=None, packages_skip_regex=None, packages_start=None, packages_end=None, allow_overriding=[], cmake_args=None, cmake_target=None, cmake_target_skip_unavailable=False, cmake_clean_cache=False, cmake_clean_first=False, cmake_force_configure=False, ament_cmake_args=None, catkin_cmake_args=None, catkin_skip_building_tests=False, verb_parser=<colcon_defaults.argument_parser.defaults.DefaultArgumentsDecorator object at 0xffff7e96b3d0>, verb_extension=<colcon_core.verb.build.BuildVerb object at 0xffff7eaf7f40>, main=<bound method BuildVerb.main of <colcon_core.verb.build.BuildVerb object at 0xffff7eaf7f40>>)
[1.987s] Level 1:colcon.colcon_core.package_discovery:discover_packages(colcon_meta) check parameters
[1.988s] Level 1:colcon.colcon_core.package_discovery:discover_packages(recursive) check parameters
[1.988s] Level 1:colcon.colcon_core.package_discovery:discover_packages(ignore) check parameters
[1.988s] Level 1:colcon.colcon_core.package_discovery:discover_packages(path) check parameters
[1.988s] Level 1:colcon.colcon_core.package_discovery:discover_packages(colcon_meta) discover
[1.988s] Level 1:colcon.colcon_core.package_discovery:discover_packages(recursive) discover
[1.989s] INFO:colcon.colcon_core.package_discovery:Crawling recursively for packages in '/home/an/bao_ws'
[1.989s] Level 1:colcon.colcon_core.package_identification:_identify(.) by extensions ['ignore', 'ignore_ament_install']
[1.990s] Level 1:colcon.colcon_core.package_identification:_identify(.) by extension 'ignore'
[1.990s] Level 1:colcon.colcon_core.package_identification:_identify(.) by extension 'ignore_ament_install'
[1.990s] Level 1:colcon.colcon_core.package_identification:_identify(.) by extensions ['colcon_pkg']
[1.990s] Level 1:colcon.colcon_core.package_identification:_identify(.) by extension 'colcon_pkg'
[1.991s] Level 1:colcon.colcon_core.package_identification:_identify(.) by extensions ['colcon_meta']
[1.991s] Level 1:colcon.colcon_core.package_identification:_identify(.) by extension 'colcon_meta'
[1.991s] Level 1:colcon.colcon_core.package_identification:_identify(.) by extensions ['ros']
[1.991s] Level 1:colcon.colcon_core.package_identification:_identify(.) by extension 'ros'
[2.069s] Level 1:colcon.colcon_core.package_identification:_identify(.) by extensions ['cmake', 'python']
[2.069s] Level 1:colcon.colcon_core.package_identification:_identify(.) by extension 'cmake'
[2.069s] Level 1:colcon.colcon_core.package_identification:_identify(.) by extension 'python'
[2.069s] Level 1:colcon.colcon_core.package_identification:_identify(.) by extensions ['python_setup_py']
[2.070s] Level 1:colcon.colcon_core.package_identification:_identify(.) by extension 'python_setup_py'
[2.070s] Level 1:colcon.colcon_core.package_identification:_identify(build) by extensions ['ignore', 'ignore_ament_install']
[2.070s] Level 1:colcon.colcon_core.package_identification:_identify(build) by extension 'ignore'
[2.071s] Level 1:colcon.colcon_core.package_identification:_identify(build) ignored
[2.071s] Level 1:colcon.colcon_core.package_identification:_identify(install) by extensions ['ignore', 'ignore_ament_install']
[2.071s] Level 1:colcon.colcon_core.package_identification:_identify(install) by extension 'ignore'
[2.072s] Level 1:colcon.colcon_core.package_identification:_identify(install) ignored
[2.072s] Level 1:colcon.colcon_core.package_identification:_identify(log) by extensions ['ignore', 'ignore_ament_install']
[2.072s] Level 1:colcon.colcon_core.package_identification:_identify(log) by extension 'ignore'
[2.072s] Level 1:colcon.colcon_core.package_identification:_identify(log) ignored
[2.073s] Level 1:colcon.colcon_core.package_identification:_identify(src) by extensions ['ignore', 'ignore_ament_install']
[2.073s] Level 1:colcon.colcon_core.package_identification:_identify(src) by extension 'ignore'
[2.073s] Level 1:colcon.colcon_core.package_identification:_identify(src) by extension 'ignore_ament_install'
[2.073s] Level 1:colcon.colcon_core.package_identification:_identify(src) by extensions ['colcon_pkg']
[2.074s] Level 1:colcon.colcon_core.package_identification:_identify(src) by extension 'colcon_pkg'
[2.074s] Level 1:colcon.colcon_core.package_identification:_identify(src) by extensions ['colcon_meta']
[2.074s] Level 1:colcon.colcon_core.package_identification:_identify(src) by extension 'colcon_meta'
[2.074s] Level 1:colcon.colcon_core.package_identification:_identify(src) by extensions ['ros']
[2.074s] Level 1:colcon.colcon_core.package_identification:_identify(src) by extension 'ros'
[2.074s] Level 1:colcon.colcon_core.package_identification:_identify(src) by extensions ['cmake', 'python']
[2.075s] Level 1:colcon.colcon_core.package_identification:_identify(src) by extension 'cmake'
[2.075s] Level 1:colcon.colcon_core.package_identification:_identify(src) by extension 'python'
[2.075s] Level 1:colcon.colcon_core.package_identification:_identify(src) by extensions ['python_setup_py']
[2.075s] Level 1:colcon.colcon_core.package_identification:_identify(src) by extension 'python_setup_py'
[2.075s] Level 1:colcon.colcon_core.package_discovery:discover_packages(recursive) using defaults
[2.075s] Level 1:colcon.colcon_core.package_discovery:discover_packages(ignore) discover
[2.075s] Level 1:colcon.colcon_core.package_discovery:discover_packages(ignore) using defaults
[2.076s] Level 1:colcon.colcon_core.package_discovery:discover_packages(path) discover
[2.076s] Level 1:colcon.colcon_core.package_discovery:discover_packages(path) using defaults
[2.199s] Level 1:colcon.colcon_core.package_discovery:discover_packages(prefix_path) check parameters
[2.200s] Level 1:colcon.colcon_core.package_discovery:discover_packages(prefix_path) discover
[2.213s] DEBUG:colcon.colcon_installed_package_information.package_discovery:Found 1 installed packages in /home/an/ros2_ws/install
[2.222s] DEBUG:colcon.colcon_installed_package_information.package_discovery:Found 229 installed packages in /opt/ros/humble
[2.227s] Level 1:colcon.colcon_core.package_discovery:discover_packages(prefix_path) using defaults
[2.405s] INFO:colcon.colcon_core.executor:Executing jobs using 'parallel' executor
[2.408s] DEBUG:colcon.colcon_parallel_executor.executor.parallel:run_until_complete
[2.409s] DEBUG:colcon.colcon_parallel_executor.executor.parallel:closing loop
[2.410s] DEBUG:colcon.colcon_parallel_executor.executor.parallel:loop closed
[2.410s] DEBUG:colcon.colcon_parallel_executor.executor.parallel:run_until_complete finished with '0'
[2.410s] DEBUG:colcon.colcon_core.event_reactor:joining thread
[2.443s] INFO:colcon.colcon_core.plugin_system:Skipping extension 'colcon_notification.desktop_notification.notify_send': Could not find 'notify-send'
[2.443s] INFO:colcon.colcon_core.plugin_system:Skipping extension 'colcon_notification.desktop_notification.terminal_notifier': Not used on non-Darwin systems
[2.444s] INFO:colcon.colcon_core.plugin_system:Skipping extension 'colcon_notification.desktop_notification.win32': Not used on non-Windows systems
[2.444s] INFO:colcon.colcon_notification.desktop_notification:Sending desktop notification using 'notify2'
[2.447s] DEBUG:colcon.colcon_notification.desktop_notification.notify2:Failed to initialize notify2: org.freedesktop.DBus.Error.ServiceUnknown: The name org.freedesktop.Notifications was not provided by any .service files
[2.448s] DEBUG:colcon.colcon_core.event_reactor:joined thread
[2.470s] INFO:colcon.colcon_core.plugin_system:Skipping extension 'colcon_core.shell.bat': Not used on non-Windows systems
[2.471s] INFO:colcon.colcon_core.shell:Creating prefix script '/home/an/bao_ws/install/local_setup.ps1'
[2.476s] INFO:colcon.colcon_core.shell:Creating prefix util module '/home/an/bao_ws/install/_local_setup_util_ps1.py'
[2.483s] INFO:colcon.colcon_core.shell:Creating prefix chain script '/home/an/bao_ws/install/setup.ps1'
[2.490s] INFO:colcon.colcon_core.shell:Creating prefix script '/home/an/bao_ws/install/local_setup.sh'
[2.493s] INFO:colcon.colcon_core.shell:Creating prefix util module '/home/an/bao_ws/install/_local_setup_util_sh.py'
[2.495s] INFO:colcon.colcon_core.shell:Creating prefix chain script '/home/an/bao_ws/install/setup.sh'
[2.501s] INFO:colcon.colcon_core.shell:Creating prefix script '/home/an/bao_ws/install/local_setup.bash'
[2.504s] INFO:colcon.colcon_core.shell:Creating prefix chain script '/home/an/bao_ws/install/setup.bash'
[2.508s] INFO:colcon.colcon_core.shell:Creating prefix script '/home/an/bao_ws/install/local_setup.zsh'
[2.512s] INFO:colcon.colcon_core.shell:Creating prefix chain script '/home/an/bao_ws/install/setup.zsh'
