[0.659s] DEBUG:colcon:Command line arguments: ['/usr/bin/colcon', 'build']
[0.660s] DEBUG:colcon:Parsed command line arguments: Namespace(log_base=None, log_level=None, verb_name='build', build_base='build', install_base='install', merge_install=False, symlink_install=False, test_result_base=None, continue_on_error=False, executor='parallel', parallel_workers=4, event_handlers=None, ignore_user_meta=False, metas=['./colcon.meta'], base_paths=['.'], packages_ignore=None, packages_ignore_regex=None, paths=None, packages_up_to=None, packages_up_to_regex=None, packages_above=None, packages_above_and_dependencies=None, packages_above_depth=None, packages_select_by_dep=None, packages_skip_by_dep=None, packages_skip_up_to=None, packages_select_build_failed=False, packages_skip_build_finished=False, packages_select_test_failures=False, packages_skip_test_passed=False, packages_select=None, packages_skip=None, packages_select_regex=None, packages_skip_regex=None, packages_start=None, packages_end=None, allow_overriding=[], cmake_args=None, cmake_target=None, cmake_target_skip_unavailable=False, cmake_clean_cache=False, cmake_clean_first=False, cmake_force_configure=False, ament_cmake_args=None, catkin_cmake_args=None, catkin_skip_building_tests=False, verb_parser=<colcon_defaults.argument_parser.defaults.DefaultArgumentsDecorator object at 0xffffbb48f9a0>, verb_extension=<colcon_core.verb.build.BuildVerb object at 0xffffbb3d4550>, main=<bound method BuildVerb.main of <colcon_core.verb.build.BuildVerb object at 0xffffbb3d4550>>)
[1.738s] Level 1:colcon.colcon_core.package_discovery:discover_packages(colcon_meta) check parameters
[1.739s] Level 1:colcon.colcon_core.package_discovery:discover_packages(recursive) check parameters
[1.739s] Level 1:colcon.colcon_core.package_discovery:discover_packages(ignore) check parameters
[1.739s] Level 1:colcon.colcon_core.package_discovery:discover_packages(path) check parameters
[1.739s] Level 1:colcon.colcon_core.package_discovery:discover_packages(colcon_meta) discover
[1.739s] Level 1:colcon.colcon_core.package_discovery:discover_packages(recursive) discover
[1.740s] INFO:colcon.colcon_core.package_discovery:Crawling recursively for packages in '/home/an/bao_ws'
[1.741s] Level 1:colcon.colcon_core.package_identification:_identify(.) by extensions ['ignore', 'ignore_ament_install']
[1.741s] Level 1:colcon.colcon_core.package_identification:_identify(.) by extension 'ignore'
[1.742s] Level 1:colcon.colcon_core.package_identification:_identify(.) by extension 'ignore_ament_install'
[1.742s] Level 1:colcon.colcon_core.package_identification:_identify(.) by extensions ['colcon_pkg']
[1.742s] Level 1:colcon.colcon_core.package_identification:_identify(.) by extension 'colcon_pkg'
[1.742s] Level 1:colcon.colcon_core.package_identification:_identify(.) by extensions ['colcon_meta']
[1.742s] Level 1:colcon.colcon_core.package_identification:_identify(.) by extension 'colcon_meta'
[1.743s] Level 1:colcon.colcon_core.package_identification:_identify(.) by extensions ['ros']
[1.743s] Level 1:colcon.colcon_core.package_identification:_identify(.) by extension 'ros'
[1.815s] Level 1:colcon.colcon_core.package_identification:_identify(.) by extensions ['cmake', 'python']
[1.816s] Level 1:colcon.colcon_core.package_identification:_identify(.) by extension 'cmake'
[1.816s] Level 1:colcon.colcon_core.package_identification:_identify(.) by extension 'python'
[1.816s] Level 1:colcon.colcon_core.package_identification:_identify(.) by extensions ['python_setup_py']
[1.816s] Level 1:colcon.colcon_core.package_identification:_identify(.) by extension 'python_setup_py'
[1.817s] Level 1:colcon.colcon_core.package_identification:_identify(build) by extensions ['ignore', 'ignore_ament_install']
[1.817s] Level 1:colcon.colcon_core.package_identification:_identify(build) by extension 'ignore'
[1.817s] Level 1:colcon.colcon_core.package_identification:_identify(build) ignored
[1.818s] Level 1:colcon.colcon_core.package_identification:_identify(install) by extensions ['ignore', 'ignore_ament_install']
[1.818s] Level 1:colcon.colcon_core.package_identification:_identify(install) by extension 'ignore'
[1.818s] Level 1:colcon.colcon_core.package_identification:_identify(install) ignored
[1.819s] Level 1:colcon.colcon_core.package_identification:_identify(log) by extensions ['ignore', 'ignore_ament_install']
[1.819s] Level 1:colcon.colcon_core.package_identification:_identify(log) by extension 'ignore'
[1.819s] Level 1:colcon.colcon_core.package_identification:_identify(log) ignored
[1.820s] Level 1:colcon.colcon_core.package_identification:_identify(src) by extensions ['ignore', 'ignore_ament_install']
[1.820s] Level 1:colcon.colcon_core.package_identification:_identify(src) by extension 'ignore'
[1.820s] Level 1:colcon.colcon_core.package_identification:_identify(src) by extension 'ignore_ament_install'
[1.820s] Level 1:colcon.colcon_core.package_identification:_identify(src) by extensions ['colcon_pkg']
[1.820s] Level 1:colcon.colcon_core.package_identification:_identify(src) by extension 'colcon_pkg'
[1.821s] Level 1:colcon.colcon_core.package_identification:_identify(src) by extensions ['colcon_meta']
[1.821s] Level 1:colcon.colcon_core.package_identification:_identify(src) by extension 'colcon_meta'
[1.821s] Level 1:colcon.colcon_core.package_identification:_identify(src) by extensions ['ros']
[1.821s] Level 1:colcon.colcon_core.package_identification:_identify(src) by extension 'ros'
[1.821s] Level 1:colcon.colcon_core.package_identification:_identify(src) by extensions ['cmake', 'python']
[1.821s] Level 1:colcon.colcon_core.package_identification:_identify(src) by extension 'cmake'
[1.822s] Level 1:colcon.colcon_core.package_identification:_identify(src) by extension 'python'
[1.822s] Level 1:colcon.colcon_core.package_identification:_identify(src) by extensions ['python_setup_py']
[1.822s] Level 1:colcon.colcon_core.package_identification:_identify(src) by extension 'python_setup_py'
[1.822s] Level 1:colcon.colcon_core.package_identification:_identify(src/diffdrive_esp) by extensions ['ignore', 'ignore_ament_install']
[1.823s] Level 1:colcon.colcon_core.package_identification:_identify(src/diffdrive_esp) by extension 'ignore'
[1.823s] Level 1:colcon.colcon_core.package_identification:_identify(src/diffdrive_esp) by extension 'ignore_ament_install'
[1.823s] Level 1:colcon.colcon_core.package_identification:_identify(src/diffdrive_esp) by extensions ['colcon_pkg']
[1.823s] Level 1:colcon.colcon_core.package_identification:_identify(src/diffdrive_esp) by extension 'colcon_pkg'
[1.823s] Level 1:colcon.colcon_core.package_identification:_identify(src/diffdrive_esp) by extensions ['colcon_meta']
[1.823s] Level 1:colcon.colcon_core.package_identification:_identify(src/diffdrive_esp) by extension 'colcon_meta'
[1.824s] Level 1:colcon.colcon_core.package_identification:_identify(src/diffdrive_esp) by extensions ['ros']
[1.824s] Level 1:colcon.colcon_core.package_identification:_identify(src/diffdrive_esp) by extension 'ros'
[1.844s] DEBUG:colcon.colcon_core.package_identification:Package 'src/diffdrive_esp' with type 'ros.ament_cmake' and name 'diffdrive_esp'
[1.845s] Level 1:colcon.colcon_core.package_identification:_identify(src/tb3_controller) by extensions ['ignore', 'ignore_ament_install']
[1.845s] Level 1:colcon.colcon_core.package_identification:_identify(src/tb3_controller) by extension 'ignore'
[1.846s] Level 1:colcon.colcon_core.package_identification:_identify(src/tb3_controller) by extension 'ignore_ament_install'
[1.846s] Level 1:colcon.colcon_core.package_identification:_identify(src/tb3_controller) by extensions ['colcon_pkg']
[1.846s] Level 1:colcon.colcon_core.package_identification:_identify(src/tb3_controller) by extension 'colcon_pkg'
[1.846s] Level 1:colcon.colcon_core.package_identification:_identify(src/tb3_controller) by extensions ['colcon_meta']
[1.846s] Level 1:colcon.colcon_core.package_identification:_identify(src/tb3_controller) by extension 'colcon_meta'
[1.847s] Level 1:colcon.colcon_core.package_identification:_identify(src/tb3_controller) by extensions ['ros']
[1.847s] Level 1:colcon.colcon_core.package_identification:_identify(src/tb3_controller) by extension 'ros'
[1.854s] DEBUG:colcon.colcon_core.package_identification:Package 'src/tb3_controller' with type 'ros.ament_cmake' and name 'tb3_controller'
[1.854s] Level 1:colcon.colcon_core.package_identification:_identify(src/tb3_description) by extensions ['ignore', 'ignore_ament_install']
[1.855s] Level 1:colcon.colcon_core.package_identification:_identify(src/tb3_description) by extension 'ignore'
[1.855s] Level 1:colcon.colcon_core.package_identification:_identify(src/tb3_description) by extension 'ignore_ament_install'
[1.855s] Level 1:colcon.colcon_core.package_identification:_identify(src/tb3_description) by extensions ['colcon_pkg']
[1.855s] Level 1:colcon.colcon_core.package_identification:_identify(src/tb3_description) by extension 'colcon_pkg'
[1.855s] Level 1:colcon.colcon_core.package_identification:_identify(src/tb3_description) by extensions ['colcon_meta']
[1.856s] Level 1:colcon.colcon_core.package_identification:_identify(src/tb3_description) by extension 'colcon_meta'
[1.856s] Level 1:colcon.colcon_core.package_identification:_identify(src/tb3_description) by extensions ['ros']
[1.856s] Level 1:colcon.colcon_core.package_identification:_identify(src/tb3_description) by extension 'ros'
[1.858s] DEBUG:colcon.colcon_core.package_identification:Package 'src/tb3_description' with type 'ros.ament_cmake' and name 'tb3_description'
[1.859s] Level 1:colcon.colcon_core.package_discovery:discover_packages(recursive) using defaults
[1.859s] Level 1:colcon.colcon_core.package_discovery:discover_packages(ignore) discover
[1.859s] Level 1:colcon.colcon_core.package_discovery:discover_packages(ignore) using defaults
[1.859s] Level 1:colcon.colcon_core.package_discovery:discover_packages(path) discover
[1.859s] Level 1:colcon.colcon_core.package_discovery:discover_packages(path) using defaults
[1.991s] Level 1:colcon.colcon_core.package_discovery:discover_packages(prefix_path) check parameters
[1.991s] Level 1:colcon.colcon_core.package_discovery:discover_packages(prefix_path) discover
[2.010s] DEBUG:colcon.colcon_installed_package_information.package_discovery:Found 3 installed packages in /home/an/bao_ws/install
[2.012s] DEBUG:colcon.colcon_installed_package_information.package_discovery:Found 1 installed packages in /home/an/ros2_ws/install
[2.015s] DEBUG:colcon.colcon_installed_package_information.package_discovery:Found 5 installed packages in /home/an/an_ws/install
[2.024s] DEBUG:colcon.colcon_installed_package_information.package_discovery:Found 229 installed packages in /opt/ros/humble
[2.029s] Level 1:colcon.colcon_core.package_discovery:discover_packages(prefix_path) using defaults
[2.233s] Level 5:colcon.colcon_core.verb:set package 'diffdrive_esp' build argument 'cmake_args' from command line to 'None'
[2.233s] Level 5:colcon.colcon_core.verb:set package 'diffdrive_esp' build argument 'cmake_target' from command line to 'None'
[2.233s] Level 5:colcon.colcon_core.verb:set package 'diffdrive_esp' build argument 'cmake_target_skip_unavailable' from command line to 'False'
[2.234s] Level 5:colcon.colcon_core.verb:set package 'diffdrive_esp' build argument 'cmake_clean_cache' from command line to 'False'
[2.234s] Level 5:colcon.colcon_core.verb:set package 'diffdrive_esp' build argument 'cmake_clean_first' from command line to 'False'
[2.234s] Level 5:colcon.colcon_core.verb:set package 'diffdrive_esp' build argument 'cmake_force_configure' from command line to 'False'
[2.234s] Level 5:colcon.colcon_core.verb:set package 'diffdrive_esp' build argument 'ament_cmake_args' from command line to 'None'
[2.234s] Level 5:colcon.colcon_core.verb:set package 'diffdrive_esp' build argument 'catkin_cmake_args' from command line to 'None'
[2.234s] Level 5:colcon.colcon_core.verb:set package 'diffdrive_esp' build argument 'catkin_skip_building_tests' from command line to 'False'
[2.234s] DEBUG:colcon.colcon_core.verb:Building package 'diffdrive_esp' with the following arguments: {'ament_cmake_args': None, 'build_base': '/home/an/bao_ws/build/diffdrive_esp', 'catkin_cmake_args': None, 'catkin_skip_building_tests': False, 'cmake_args': None, 'cmake_clean_cache': False, 'cmake_clean_first': False, 'cmake_force_configure': False, 'cmake_target': None, 'cmake_target_skip_unavailable': False, 'install_base': '/home/an/bao_ws/install/diffdrive_esp', 'merge_install': False, 'path': '/home/an/bao_ws/src/diffdrive_esp', 'symlink_install': False, 'test_result_base': None}
[2.236s] Level 5:colcon.colcon_core.verb:set package 'tb3_controller' build argument 'cmake_args' from command line to 'None'
[2.236s] Level 5:colcon.colcon_core.verb:set package 'tb3_controller' build argument 'cmake_target' from command line to 'None'
[2.236s] Level 5:colcon.colcon_core.verb:set package 'tb3_controller' build argument 'cmake_target_skip_unavailable' from command line to 'False'
[2.236s] Level 5:colcon.colcon_core.verb:set package 'tb3_controller' build argument 'cmake_clean_cache' from command line to 'False'
[2.236s] Level 5:colcon.colcon_core.verb:set package 'tb3_controller' build argument 'cmake_clean_first' from command line to 'False'
[2.236s] Level 5:colcon.colcon_core.verb:set package 'tb3_controller' build argument 'cmake_force_configure' from command line to 'False'
[2.236s] Level 5:colcon.colcon_core.verb:set package 'tb3_controller' build argument 'ament_cmake_args' from command line to 'None'
[2.236s] Level 5:colcon.colcon_core.verb:set package 'tb3_controller' build argument 'catkin_cmake_args' from command line to 'None'
[2.237s] Level 5:colcon.colcon_core.verb:set package 'tb3_controller' build argument 'catkin_skip_building_tests' from command line to 'False'
[2.237s] DEBUG:colcon.colcon_core.verb:Building package 'tb3_controller' with the following arguments: {'ament_cmake_args': None, 'build_base': '/home/an/bao_ws/build/tb3_controller', 'catkin_cmake_args': None, 'catkin_skip_building_tests': False, 'cmake_args': None, 'cmake_clean_cache': False, 'cmake_clean_first': False, 'cmake_force_configure': False, 'cmake_target': None, 'cmake_target_skip_unavailable': False, 'install_base': '/home/an/bao_ws/install/tb3_controller', 'merge_install': False, 'path': '/home/an/bao_ws/src/tb3_controller', 'symlink_install': False, 'test_result_base': None}
[2.238s] Level 5:colcon.colcon_core.verb:set package 'tb3_description' build argument 'cmake_args' from command line to 'None'
[2.238s] Level 5:colcon.colcon_core.verb:set package 'tb3_description' build argument 'cmake_target' from command line to 'None'
[2.238s] Level 5:colcon.colcon_core.verb:set package 'tb3_description' build argument 'cmake_target_skip_unavailable' from command line to 'False'
[2.238s] Level 5:colcon.colcon_core.verb:set package 'tb3_description' build argument 'cmake_clean_cache' from command line to 'False'
[2.239s] Level 5:colcon.colcon_core.verb:set package 'tb3_description' build argument 'cmake_clean_first' from command line to 'False'
[2.239s] Level 5:colcon.colcon_core.verb:set package 'tb3_description' build argument 'cmake_force_configure' from command line to 'False'
[2.239s] Level 5:colcon.colcon_core.verb:set package 'tb3_description' build argument 'ament_cmake_args' from command line to 'None'
[2.239s] Level 5:colcon.colcon_core.verb:set package 'tb3_description' build argument 'catkin_cmake_args' from command line to 'None'
[2.239s] Level 5:colcon.colcon_core.verb:set package 'tb3_description' build argument 'catkin_skip_building_tests' from command line to 'False'
[2.239s] DEBUG:colcon.colcon_core.verb:Building package 'tb3_description' with the following arguments: {'ament_cmake_args': None, 'build_base': '/home/an/bao_ws/build/tb3_description', 'catkin_cmake_args': None, 'catkin_skip_building_tests': False, 'cmake_args': None, 'cmake_clean_cache': False, 'cmake_clean_first': False, 'cmake_force_configure': False, 'cmake_target': None, 'cmake_target_skip_unavailable': False, 'install_base': '/home/an/bao_ws/install/tb3_description', 'merge_install': False, 'path': '/home/an/bao_ws/src/tb3_description', 'symlink_install': False, 'test_result_base': None}
[2.239s] INFO:colcon.colcon_core.executor:Executing jobs using 'parallel' executor
[2.243s] DEBUG:colcon.colcon_parallel_executor.executor.parallel:run_until_complete
[2.244s] INFO:colcon.colcon_ros.task.ament_cmake.build:Building ROS package in '/home/an/bao_ws/src/diffdrive_esp' with build type 'ament_cmake'
[2.244s] INFO:colcon.colcon_cmake.task.cmake.build:Building CMake package in '/home/an/bao_ws/src/diffdrive_esp'
[2.266s] INFO:colcon.colcon_core.plugin_system:Skipping extension 'colcon_core.shell.bat': Not used on non-Windows systems
[2.267s] INFO:colcon.colcon_core.shell:Skip shell extension 'powershell' for command environment: Not usable outside of PowerShell
[2.267s] DEBUG:colcon.colcon_core.shell:Skip shell extension 'dsv' for command environment
[2.303s] INFO:colcon.colcon_ros.task.ament_cmake.build:Building ROS package in '/home/an/bao_ws/src/tb3_controller' with build type 'ament_cmake'
[2.304s] INFO:colcon.colcon_cmake.task.cmake.build:Building CMake package in '/home/an/bao_ws/src/tb3_controller'
[2.305s] INFO:colcon.colcon_core.shell:Skip shell extension 'powershell' for command environment: Not usable outside of PowerShell
[2.306s] DEBUG:colcon.colcon_core.shell:Skip shell extension 'dsv' for command environment
[2.334s] INFO:colcon.colcon_ros.task.ament_cmake.build:Building ROS package in '/home/an/bao_ws/src/tb3_description' with build type 'ament_cmake'
[2.334s] INFO:colcon.colcon_cmake.task.cmake.build:Building CMake package in '/home/an/bao_ws/src/tb3_description'
[2.335s] INFO:colcon.colcon_core.shell:Skip shell extension 'powershell' for command environment: Not usable outside of PowerShell
[2.336s] DEBUG:colcon.colcon_core.shell:Skip shell extension 'dsv' for command environment
[2.385s] DEBUG:colcon.colcon_core.event_handler.log_command:Invoking command in '/home/an/bao_ws/build/diffdrive_esp': CMAKE_PREFIX_PATH=${CMAKE_PREFIX_PATH}:/home/an/ros2_ws/install/self_driving:/opt/ros/humble /usr/bin/cmake --build /home/an/bao_ws/build/diffdrive_esp -- -j4 -l4
[2.414s] DEBUG:colcon.colcon_core.event_handler.log_command:Invoking command in '/home/an/bao_ws/build/tb3_controller': CMAKE_PREFIX_PATH=${CMAKE_PREFIX_PATH}:/home/an/ros2_ws/install/self_driving:/opt/ros/humble /usr/bin/cmake --build /home/an/bao_ws/build/tb3_controller -- -j4 -l4
[2.441s] DEBUG:colcon.colcon_core.event_handler.log_command:Invoking command in '/home/an/bao_ws/build/tb3_description': CMAKE_PREFIX_PATH=${CMAKE_PREFIX_PATH}:/home/an/ros2_ws/install/self_driving:/opt/ros/humble /usr/bin/cmake --build /home/an/bao_ws/build/tb3_description -- -j4 -l4
[2.649s] DEBUG:colcon.colcon_core.event_handler.log_command:Invoked command in '/home/an/bao_ws/build/tb3_description' returned '0': CMAKE_PREFIX_PATH=${CMAKE_PREFIX_PATH}:/home/an/ros2_ws/install/self_driving:/opt/ros/humble /usr/bin/cmake --build /home/an/bao_ws/build/tb3_description -- -j4 -l4
[2.813s] DEBUG:colcon.colcon_core.event_handler.log_command:Invoking command in '/home/an/bao_ws/build/tb3_description': CMAKE_PREFIX_PATH=${CMAKE_PREFIX_PATH}:/home/an/ros2_ws/install/self_driving:/opt/ros/humble /usr/bin/cmake --install /home/an/bao_ws/build/tb3_description
[2.911s] Level 1:colcon.colcon_core.environment:create_environment_scripts_only(tb3_description)
[2.913s] DEBUG:colcon.colcon_core.event_handler.log_command:Invoked command in '/home/an/bao_ws/build/tb3_description' returned '0': CMAKE_PREFIX_PATH=${CMAKE_PREFIX_PATH}:/home/an/ros2_ws/install/self_driving:/opt/ros/humble /usr/bin/cmake --install /home/an/bao_ws/build/tb3_description
[2.960s] Level 1:colcon.colcon_core.environment:checking '/home/an/bao_ws/install/tb3_description' for CMake module files
[2.963s] Level 1:colcon.colcon_core.environment:checking '/home/an/bao_ws/install/tb3_description' for CMake config files
[2.966s] Level 1:colcon.colcon_core.shell:create_environment_hook('tb3_description', 'cmake_prefix_path')
[2.967s] INFO:colcon.colcon_core.shell:Creating environment hook '/home/an/bao_ws/install/tb3_description/share/tb3_description/hook/cmake_prefix_path.ps1'
[2.971s] INFO:colcon.colcon_core.shell:Creating environment descriptor '/home/an/bao_ws/install/tb3_description/share/tb3_description/hook/cmake_prefix_path.dsv'
[2.974s] INFO:colcon.colcon_core.shell:Creating environment hook '/home/an/bao_ws/install/tb3_description/share/tb3_description/hook/cmake_prefix_path.sh'
[2.980s] Level 1:colcon.colcon_core.environment:checking '/home/an/bao_ws/install/tb3_description/bin'
[2.980s] Level 1:colcon.colcon_core.environment:checking '/home/an/bao_ws/install/tb3_description/lib/pkgconfig/tb3_description.pc'
[2.981s] Level 1:colcon.colcon_core.environment:checking '/home/an/bao_ws/install/tb3_description/lib/python3.10/site-packages'
[2.982s] Level 1:colcon.colcon_core.environment:checking '/home/an/bao_ws/install/tb3_description/bin'
[2.983s] INFO:colcon.colcon_core.shell:Creating package script '/home/an/bao_ws/install/tb3_description/share/tb3_description/package.ps1'
[2.987s] INFO:colcon.colcon_core.shell:Creating package descriptor '/home/an/bao_ws/install/tb3_description/share/tb3_description/package.dsv'
[2.990s] INFO:colcon.colcon_core.shell:Creating package script '/home/an/bao_ws/install/tb3_description/share/tb3_description/package.sh'
[2.994s] INFO:colcon.colcon_core.shell:Creating package script '/home/an/bao_ws/install/tb3_description/share/tb3_description/package.bash'
[2.999s] INFO:colcon.colcon_core.shell:Creating package script '/home/an/bao_ws/install/tb3_description/share/tb3_description/package.zsh'
[3.003s] Level 1:colcon.colcon_core.environment:create_file_with_runtime_dependencies(/home/an/bao_ws/install/tb3_description/share/colcon-core/packages/tb3_description)
[3.013s] DEBUG:colcon.colcon_core.event_handler.log_command:Invoked command in '/home/an/bao_ws/build/diffdrive_esp' returned '0': CMAKE_PREFIX_PATH=${CMAKE_PREFIX_PATH}:/home/an/ros2_ws/install/self_driving:/opt/ros/humble /usr/bin/cmake --build /home/an/bao_ws/build/diffdrive_esp -- -j4 -l4
[3.116s] Level 1:colcon.colcon_core.environment:create_environment_scripts_only(tb3_description)
[3.117s] Level 1:colcon.colcon_core.environment:checking '/home/an/bao_ws/install/tb3_description' for CMake module files
[3.120s] Level 1:colcon.colcon_core.environment:checking '/home/an/bao_ws/install/tb3_description' for CMake config files
[3.123s] Level 1:colcon.colcon_core.shell:create_environment_hook('tb3_description', 'cmake_prefix_path')
[3.125s] INFO:colcon.colcon_core.shell:Creating environment hook '/home/an/bao_ws/install/tb3_description/share/tb3_description/hook/cmake_prefix_path.ps1'
[3.127s] INFO:colcon.colcon_core.shell:Creating environment descriptor '/home/an/bao_ws/install/tb3_description/share/tb3_description/hook/cmake_prefix_path.dsv'
[3.129s] INFO:colcon.colcon_core.shell:Creating environment hook '/home/an/bao_ws/install/tb3_description/share/tb3_description/hook/cmake_prefix_path.sh'
[3.133s] Level 1:colcon.colcon_core.environment:checking '/home/an/bao_ws/install/tb3_description/bin'
[3.133s] Level 1:colcon.colcon_core.environment:checking '/home/an/bao_ws/install/tb3_description/lib/pkgconfig/tb3_description.pc'
[3.134s] Level 1:colcon.colcon_core.environment:checking '/home/an/bao_ws/install/tb3_description/lib/python3.10/site-packages'
[3.135s] Level 1:colcon.colcon_core.environment:checking '/home/an/bao_ws/install/tb3_description/bin'
[3.137s] INFO:colcon.colcon_core.shell:Creating package script '/home/an/bao_ws/install/tb3_description/share/tb3_description/package.ps1'
[3.139s] INFO:colcon.colcon_core.shell:Creating package descriptor '/home/an/bao_ws/install/tb3_description/share/tb3_description/package.dsv'
[3.143s] INFO:colcon.colcon_core.shell:Creating package script '/home/an/bao_ws/install/tb3_description/share/tb3_description/package.sh'
[3.146s] INFO:colcon.colcon_core.shell:Creating package script '/home/an/bao_ws/install/tb3_description/share/tb3_description/package.bash'
[3.150s] INFO:colcon.colcon_core.shell:Creating package script '/home/an/bao_ws/install/tb3_description/share/tb3_description/package.zsh'
[3.152s] Level 1:colcon.colcon_core.environment:create_file_with_runtime_dependencies(/home/an/bao_ws/install/tb3_description/share/colcon-core/packages/tb3_description)
[3.165s] DEBUG:colcon.colcon_core.event_handler.log_command:Invoking command in '/home/an/bao_ws/build/diffdrive_esp': CMAKE_PREFIX_PATH=${CMAKE_PREFIX_PATH}:/home/an/ros2_ws/install/self_driving:/opt/ros/humble /usr/bin/cmake --install /home/an/bao_ws/build/diffdrive_esp
[3.226s] Level 1:colcon.colcon_core.environment:create_environment_scripts_only(diffdrive_esp)
[3.227s] Level 1:colcon.colcon_core.environment:checking '/home/an/bao_ws/install/diffdrive_esp' for CMake module files
[3.229s] DEBUG:colcon.colcon_core.event_handler.log_command:Invoked command in '/home/an/bao_ws/build/diffdrive_esp' returned '0': CMAKE_PREFIX_PATH=${CMAKE_PREFIX_PATH}:/home/an/ros2_ws/install/self_driving:/opt/ros/humble /usr/bin/cmake --install /home/an/bao_ws/build/diffdrive_esp
[3.231s] Level 1:colcon.colcon_core.environment:checking '/home/an/bao_ws/install/diffdrive_esp' for CMake config files
[3.234s] Level 1:colcon.colcon_core.shell:create_environment_hook('diffdrive_esp', 'cmake_prefix_path')
[3.235s] INFO:colcon.colcon_core.shell:Creating environment hook '/home/an/bao_ws/install/diffdrive_esp/share/diffdrive_esp/hook/cmake_prefix_path.ps1'
[3.237s] INFO:colcon.colcon_core.shell:Creating environment descriptor '/home/an/bao_ws/install/diffdrive_esp/share/diffdrive_esp/hook/cmake_prefix_path.dsv'
[3.239s] INFO:colcon.colcon_core.shell:Creating environment hook '/home/an/bao_ws/install/diffdrive_esp/share/diffdrive_esp/hook/cmake_prefix_path.sh'
[3.242s] Level 1:colcon.colcon_core.environment:checking '/home/an/bao_ws/install/diffdrive_esp/lib'
[3.243s] Level 1:colcon.colcon_core.shell:create_environment_hook('diffdrive_esp', 'ld_library_path_lib')
[3.244s] INFO:colcon.colcon_core.shell:Creating environment hook '/home/an/bao_ws/install/diffdrive_esp/share/diffdrive_esp/hook/ld_library_path_lib.ps1'
[3.247s] INFO:colcon.colcon_core.shell:Creating environment descriptor '/home/an/bao_ws/install/diffdrive_esp/share/diffdrive_esp/hook/ld_library_path_lib.dsv'
[3.249s] INFO:colcon.colcon_core.shell:Creating environment hook '/home/an/bao_ws/install/diffdrive_esp/share/diffdrive_esp/hook/ld_library_path_lib.sh'
[3.251s] Level 1:colcon.colcon_core.environment:checking '/home/an/bao_ws/install/diffdrive_esp/bin'
[3.251s] Level 1:colcon.colcon_core.environment:checking '/home/an/bao_ws/install/diffdrive_esp/lib/pkgconfig/diffdrive_esp.pc'
[3.252s] Level 1:colcon.colcon_core.environment:checking '/home/an/bao_ws/install/diffdrive_esp/lib/python3.10/site-packages'
[3.253s] Level 1:colcon.colcon_core.environment:checking '/home/an/bao_ws/install/diffdrive_esp/bin'
[3.255s] INFO:colcon.colcon_core.shell:Creating package script '/home/an/bao_ws/install/diffdrive_esp/share/diffdrive_esp/package.ps1'
[3.257s] INFO:colcon.colcon_core.shell:Creating package descriptor '/home/an/bao_ws/install/diffdrive_esp/share/diffdrive_esp/package.dsv'
[3.260s] INFO:colcon.colcon_core.shell:Creating package script '/home/an/bao_ws/install/diffdrive_esp/share/diffdrive_esp/package.sh'
[3.262s] INFO:colcon.colcon_core.shell:Creating package script '/home/an/bao_ws/install/diffdrive_esp/share/diffdrive_esp/package.bash'
[3.264s] INFO:colcon.colcon_core.shell:Creating package script '/home/an/bao_ws/install/diffdrive_esp/share/diffdrive_esp/package.zsh'
[3.266s] Level 1:colcon.colcon_core.environment:create_file_with_runtime_dependencies(/home/an/bao_ws/install/diffdrive_esp/share/colcon-core/packages/diffdrive_esp)
[3.389s] Level 1:colcon.colcon_core.environment:create_environment_scripts_only(diffdrive_esp)
[3.390s] Level 1:colcon.colcon_core.environment:checking '/home/an/bao_ws/install/diffdrive_esp' for CMake module files
[3.393s] Level 1:colcon.colcon_core.environment:checking '/home/an/bao_ws/install/diffdrive_esp' for CMake config files
[3.395s] Level 1:colcon.colcon_core.shell:create_environment_hook('diffdrive_esp', 'cmake_prefix_path')
[3.396s] INFO:colcon.colcon_core.shell:Creating environment hook '/home/an/bao_ws/install/diffdrive_esp/share/diffdrive_esp/hook/cmake_prefix_path.ps1'
[3.398s] INFO:colcon.colcon_core.shell:Creating environment descriptor '/home/an/bao_ws/install/diffdrive_esp/share/diffdrive_esp/hook/cmake_prefix_path.dsv'
[3.400s] INFO:colcon.colcon_core.shell:Creating environment hook '/home/an/bao_ws/install/diffdrive_esp/share/diffdrive_esp/hook/cmake_prefix_path.sh'
[3.403s] Level 1:colcon.colcon_core.environment:checking '/home/an/bao_ws/install/diffdrive_esp/lib'
[3.403s] Level 1:colcon.colcon_core.shell:create_environment_hook('diffdrive_esp', 'ld_library_path_lib')
[3.404s] INFO:colcon.colcon_core.shell:Creating environment hook '/home/an/bao_ws/install/diffdrive_esp/share/diffdrive_esp/hook/ld_library_path_lib.ps1'
[3.406s] INFO:colcon.colcon_core.shell:Creating environment descriptor '/home/an/bao_ws/install/diffdrive_esp/share/diffdrive_esp/hook/ld_library_path_lib.dsv'
[3.408s] INFO:colcon.colcon_core.shell:Creating environment hook '/home/an/bao_ws/install/diffdrive_esp/share/diffdrive_esp/hook/ld_library_path_lib.sh'
[3.410s] Level 1:colcon.colcon_core.environment:checking '/home/an/bao_ws/install/diffdrive_esp/bin'
[3.410s] Level 1:colcon.colcon_core.environment:checking '/home/an/bao_ws/install/diffdrive_esp/lib/pkgconfig/diffdrive_esp.pc'
[3.411s] Level 1:colcon.colcon_core.environment:checking '/home/an/bao_ws/install/diffdrive_esp/lib/python3.10/site-packages'
[3.412s] Level 1:colcon.colcon_core.environment:checking '/home/an/bao_ws/install/diffdrive_esp/bin'
[3.413s] INFO:colcon.colcon_core.shell:Creating package script '/home/an/bao_ws/install/diffdrive_esp/share/diffdrive_esp/package.ps1'
[3.416s] INFO:colcon.colcon_core.shell:Creating package descriptor '/home/an/bao_ws/install/diffdrive_esp/share/diffdrive_esp/package.dsv'
[3.418s] INFO:colcon.colcon_core.shell:Creating package script '/home/an/bao_ws/install/diffdrive_esp/share/diffdrive_esp/package.sh'
[3.420s] INFO:colcon.colcon_core.shell:Creating package script '/home/an/bao_ws/install/diffdrive_esp/share/diffdrive_esp/package.bash'
[3.422s] INFO:colcon.colcon_core.shell:Creating package script '/home/an/bao_ws/install/diffdrive_esp/share/diffdrive_esp/package.zsh'
[3.424s] Level 1:colcon.colcon_core.environment:create_file_with_runtime_dependencies(/home/an/bao_ws/install/diffdrive_esp/share/colcon-core/packages/diffdrive_esp)
[4.096s] DEBUG:colcon.colcon_core.event_handler.log_command:Invoked command in '/home/an/bao_ws/build/tb3_controller' returned '0': CMAKE_PREFIX_PATH=${CMAKE_PREFIX_PATH}:/home/an/ros2_ws/install/self_driving:/opt/ros/humble /usr/bin/cmake --build /home/an/bao_ws/build/tb3_controller -- -j4 -l4
[4.261s] DEBUG:colcon.colcon_core.event_handler.log_command:Invoking command in '/home/an/bao_ws/build/tb3_controller': CMAKE_PREFIX_PATH=${CMAKE_PREFIX_PATH}:/home/an/ros2_ws/install/self_driving:/opt/ros/humble /usr/bin/cmake --install /home/an/bao_ws/build/tb3_controller
[4.506s] Level 1:colcon.colcon_core.environment:create_environment_scripts_only(tb3_controller)
[4.507s] Level 1:colcon.colcon_core.environment:checking '/home/an/bao_ws/install/tb3_controller' for CMake module files
[4.509s] DEBUG:colcon.colcon_core.event_handler.log_command:Invoked command in '/home/an/bao_ws/build/tb3_controller' returned '0': CMAKE_PREFIX_PATH=${CMAKE_PREFIX_PATH}:/home/an/ros2_ws/install/self_driving:/opt/ros/humble /usr/bin/cmake --install /home/an/bao_ws/build/tb3_controller
[4.511s] Level 1:colcon.colcon_core.environment:checking '/home/an/bao_ws/install/tb3_controller' for CMake config files
[4.516s] Level 1:colcon.colcon_core.shell:create_environment_hook('tb3_controller', 'cmake_prefix_path')
[4.517s] INFO:colcon.colcon_core.shell:Creating environment hook '/home/an/bao_ws/install/tb3_controller/share/tb3_controller/hook/cmake_prefix_path.ps1'
[4.519s] INFO:colcon.colcon_core.shell:Creating environment descriptor '/home/an/bao_ws/install/tb3_controller/share/tb3_controller/hook/cmake_prefix_path.dsv'
[4.520s] INFO:colcon.colcon_core.shell:Creating environment hook '/home/an/bao_ws/install/tb3_controller/share/tb3_controller/hook/cmake_prefix_path.sh'
[4.523s] Level 1:colcon.colcon_core.environment:checking '/home/an/bao_ws/install/tb3_controller/lib'
[4.524s] Level 1:colcon.colcon_core.environment:checking '/home/an/bao_ws/install/tb3_controller/bin'
[4.524s] Level 1:colcon.colcon_core.environment:checking '/home/an/bao_ws/install/tb3_controller/lib/pkgconfig/tb3_controller.pc'
[4.525s] Level 1:colcon.colcon_core.environment:checking '/home/an/bao_ws/install/tb3_controller/lib/python3.10/site-packages'
[4.526s] Level 1:colcon.colcon_core.environment:checking '/home/an/bao_ws/install/tb3_controller/bin'
[4.527s] INFO:colcon.colcon_core.shell:Creating package script '/home/an/bao_ws/install/tb3_controller/share/tb3_controller/package.ps1'
[4.529s] INFO:colcon.colcon_core.shell:Creating package descriptor '/home/an/bao_ws/install/tb3_controller/share/tb3_controller/package.dsv'
[4.531s] INFO:colcon.colcon_core.shell:Creating package script '/home/an/bao_ws/install/tb3_controller/share/tb3_controller/package.sh'
[4.533s] INFO:colcon.colcon_core.shell:Creating package script '/home/an/bao_ws/install/tb3_controller/share/tb3_controller/package.bash'
[4.534s] INFO:colcon.colcon_core.shell:Creating package script '/home/an/bao_ws/install/tb3_controller/share/tb3_controller/package.zsh'
[4.536s] Level 1:colcon.colcon_core.environment:create_file_with_runtime_dependencies(/home/an/bao_ws/install/tb3_controller/share/colcon-core/packages/tb3_controller)
[4.694s] Level 1:colcon.colcon_core.environment:create_environment_scripts_only(tb3_controller)
[4.695s] Level 1:colcon.colcon_core.environment:checking '/home/an/bao_ws/install/tb3_controller' for CMake module files
[4.699s] Level 1:colcon.colcon_core.environment:checking '/home/an/bao_ws/install/tb3_controller' for CMake config files
[4.703s] Level 1:colcon.colcon_core.shell:create_environment_hook('tb3_controller', 'cmake_prefix_path')
[4.704s] INFO:colcon.colcon_core.shell:Creating environment hook '/home/an/bao_ws/install/tb3_controller/share/tb3_controller/hook/cmake_prefix_path.ps1'
[4.707s] INFO:colcon.colcon_core.shell:Creating environment descriptor '/home/an/bao_ws/install/tb3_controller/share/tb3_controller/hook/cmake_prefix_path.dsv'
[4.709s] INFO:colcon.colcon_core.shell:Creating environment hook '/home/an/bao_ws/install/tb3_controller/share/tb3_controller/hook/cmake_prefix_path.sh'
[4.712s] Level 1:colcon.colcon_core.environment:checking '/home/an/bao_ws/install/tb3_controller/lib'
[4.712s] Level 1:colcon.colcon_core.environment:checking '/home/an/bao_ws/install/tb3_controller/bin'
[4.712s] Level 1:colcon.colcon_core.environment:checking '/home/an/bao_ws/install/tb3_controller/lib/pkgconfig/tb3_controller.pc'
[4.713s] Level 1:colcon.colcon_core.environment:checking '/home/an/bao_ws/install/tb3_controller/lib/python3.10/site-packages'
[4.714s] Level 1:colcon.colcon_core.environment:checking '/home/an/bao_ws/install/tb3_controller/bin'
[4.715s] INFO:colcon.colcon_core.shell:Creating package script '/home/an/bao_ws/install/tb3_controller/share/tb3_controller/package.ps1'
[4.717s] INFO:colcon.colcon_core.shell:Creating package descriptor '/home/an/bao_ws/install/tb3_controller/share/tb3_controller/package.dsv'
[4.719s] INFO:colcon.colcon_core.shell:Creating package script '/home/an/bao_ws/install/tb3_controller/share/tb3_controller/package.sh'
[4.721s] INFO:colcon.colcon_core.shell:Creating package script '/home/an/bao_ws/install/tb3_controller/share/tb3_controller/package.bash'
[4.723s] INFO:colcon.colcon_core.shell:Creating package script '/home/an/bao_ws/install/tb3_controller/share/tb3_controller/package.zsh'
[4.725s] Level 1:colcon.colcon_core.environment:create_file_with_runtime_dependencies(/home/an/bao_ws/install/tb3_controller/share/colcon-core/packages/tb3_controller)
[4.726s] DEBUG:colcon.colcon_parallel_executor.executor.parallel:closing loop
[4.727s] DEBUG:colcon.colcon_parallel_executor.executor.parallel:loop closed
[4.728s] DEBUG:colcon.colcon_parallel_executor.executor.parallel:run_until_complete finished with '0'
[4.728s] DEBUG:colcon.colcon_core.event_reactor:joining thread
[4.756s] INFO:colcon.colcon_core.plugin_system:Skipping extension 'colcon_notification.desktop_notification.notify_send': Could not find 'notify-send'
[4.756s] INFO:colcon.colcon_core.plugin_system:Skipping extension 'colcon_notification.desktop_notification.terminal_notifier': Not used on non-Darwin systems
[4.756s] INFO:colcon.colcon_core.plugin_system:Skipping extension 'colcon_notification.desktop_notification.win32': Not used on non-Windows systems
[4.757s] INFO:colcon.colcon_notification.desktop_notification:Sending desktop notification using 'notify2'
[4.760s] DEBUG:colcon.colcon_notification.desktop_notification.notify2:Failed to initialize notify2: org.freedesktop.DBus.Error.ServiceUnknown: The name org.freedesktop.Notifications was not provided by any .service files
[4.760s] DEBUG:colcon.colcon_core.event_reactor:joined thread
[4.761s] INFO:colcon.colcon_core.shell:Creating prefix script '/home/an/bao_ws/install/local_setup.ps1'
[4.767s] INFO:colcon.colcon_core.shell:Creating prefix util module '/home/an/bao_ws/install/_local_setup_util_ps1.py'
[4.776s] INFO:colcon.colcon_core.shell:Creating prefix chain script '/home/an/bao_ws/install/setup.ps1'
[4.785s] INFO:colcon.colcon_core.shell:Creating prefix script '/home/an/bao_ws/install/local_setup.sh'
[4.788s] INFO:colcon.colcon_core.shell:Creating prefix util module '/home/an/bao_ws/install/_local_setup_util_sh.py'
[4.790s] INFO:colcon.colcon_core.shell:Creating prefix chain script '/home/an/bao_ws/install/setup.sh'
[4.798s] INFO:colcon.colcon_core.shell:Creating prefix script '/home/an/bao_ws/install/local_setup.bash'
[4.800s] INFO:colcon.colcon_core.shell:Creating prefix chain script '/home/an/bao_ws/install/setup.bash'
[4.808s] INFO:colcon.colcon_core.shell:Creating prefix script '/home/an/bao_ws/install/local_setup.zsh'
[4.810s] INFO:colcon.colcon_core.shell:Creating prefix chain script '/home/an/bao_ws/install/setup.zsh'
