[0.607s] Invoking command in '/home/an/bao_ws/build/tb3_description': CMAKE_PREFIX_PATH=${CMAKE_PREFIX_PATH}:/home/an/ros2_ws/install/self_driving:/opt/ros/humble /usr/bin/cmake --build /home/an/bao_ws/build/tb3_description -- -j4 -l4
[0.806s] Invoked command in '/home/an/bao_ws/build/tb3_description' returned '0': CMAKE_PREFIX_PATH=${CMAKE_PREFIX_PATH}:/home/an/ros2_ws/install/self_driving:/opt/ros/humble /usr/bin/cmake --build /home/an/bao_ws/build/tb3_description -- -j4 -l4
[1.017s] Invoking command in '/home/an/bao_ws/build/tb3_description': CMAKE_PREFIX_PATH=${CMAKE_PREFIX_PATH}:/home/an/ros2_ws/install/self_driving:/opt/ros/humble /usr/bin/cmake --install /home/an/bao_ws/build/tb3_description
[1.055s] -- Install configuration: ""
[1.057s] -- Up-to-date: /home/an/bao_ws/install/tb3_description/share/tb3_description/meshes
[1.059s] -- Up-to-date: /home/an/bao_ws/install/tb3_description/share/tb3_description/meshes/lidar_link.stl
[1.060s] -- Up-to-date: /home/an/bao_ws/install/tb3_description/share/tb3_description/meshes/base_link.stl
[1.062s] -- Up-to-date: /home/an/bao_ws/install/tb3_description/share/tb3_description/meshes/imu_link.stl
[1.063s] -- Up-to-date: /home/an/bao_ws/install/tb3_description/share/tb3_description/meshes/wheel_right_link.stl
[1.064s] -- Up-to-date: /home/an/bao_ws/install/tb3_description/share/tb3_description/meshes/caster_back_left_link.stl
[1.065s] -- Up-to-date: /home/an/bao_ws/install/tb3_description/share/tb3_description/meshes/r200_link.dae
[1.067s] -- Up-to-date: /home/an/bao_ws/install/tb3_description/share/tb3_description/meshes/caster_back_right_link.stl
[1.068s] -- Up-to-date: /home/an/bao_ws/install/tb3_description/share/tb3_description/meshes/TB3-RPi-camera-mount.stl
[1.070s] -- Up-to-date: /home/an/bao_ws/install/tb3_description/share/tb3_description/meshes/wheel_left_link.stl
[1.071s] -- Up-to-date: /home/an/bao_ws/install/tb3_description/share/tb3_description/meshes/pi_cam_v3_link.stl
[1.072s] -- Up-to-date: /home/an/bao_ws/install/tb3_description/share/tb3_description/urdf
[1.074s] -- Up-to-date: /home/an/bao_ws/install/tb3_description/share/tb3_description/urdf/turtlebot3_waffle.urdf.xacro
[1.075s] -- Up-to-date: /home/an/bao_ws/install/tb3_description/share/tb3_description/urdf/gazebo_control.xacro
[1.076s] -- Up-to-date: /home/an/bao_ws/install/tb3_description/share/tb3_description/urdf/turtlebot3_waffle_ros2_control.xacro
[1.078s] -- Up-to-date: /home/an/bao_ws/install/tb3_description/share/tb3_description/urdf/turtlebot3_waffle.gazebo.xacro
[1.079s] -- Up-to-date: /home/an/bao_ws/install/tb3_description/share/tb3_description/urdf/common_properties.xacro
[1.080s] -- Up-to-date: /home/an/bao_ws/install/tb3_description/share/tb3_description/launch
[1.081s] -- Up-to-date: /home/an/bao_ws/install/tb3_description/share/tb3_description/launch/gzserver.launch.py
[1.083s] -- Up-to-date: /home/an/bao_ws/install/tb3_description/share/tb3_description/launch/joystick_teleop.launch.py
[1.084s] -- Up-to-date: /home/an/bao_ws/install/tb3_description/share/tb3_description/launch/display.launch.py
[1.085s] -- Up-to-date: /home/an/bao_ws/install/tb3_description/share/tb3_description/launch/gazebo.launch.py
[1.086s] -- Up-to-date: /home/an/bao_ws/install/tb3_description/share/tb3_description/rviz
[1.087s] -- Up-to-date: /home/an/bao_ws/install/tb3_description/share/tb3_description/rviz/main.rviz
[1.088s] -- Up-to-date: /home/an/bao_ws/install/tb3_description/share/tb3_description/rviz/display.rviz
[1.090s] -- Up-to-date: /home/an/bao_ws/install/tb3_description/share/tb3_description/rviz/control.rviz
[1.092s] -- Up-to-date: /home/an/bao_ws/install/tb3_description/share/tb3_description/gazebo_world
[1.093s] -- Up-to-date: /home/an/bao_ws/install/tb3_description/share/tb3_description/gazebo_world/test_laser_world
[1.096s] -- Up-to-date: /home/an/bao_ws/install/tb3_description/share/tb3_description/gazebo_world/test_maze
[1.096s] -- Up-to-date: /home/an/bao_ws/install/tb3_description/share/tb3_description/gazebo_world/empty
[1.097s] -- Up-to-date: /home/an/bao_ws/install/tb3_description/share/tb3_description/gazebo_world/small_maze
[1.101s] -- Up-to-date: /home/an/bao_ws/install/tb3_description/share/tb3_description/gazebo_world/hanh_lang
[1.102s] -- Up-to-date: /home/an/bao_ws/install/tb3_description/share/tb3_description/gazebo_world/empty_world
[1.102s] -- Up-to-date: /home/an/bao_ws/install/tb3_description/share/tb3_description/models
[1.103s] -- Up-to-date: /home/an/bao_ws/install/tb3_description/share/tb3_description/models/sun
[1.103s] -- Up-to-date: /home/an/bao_ws/install/tb3_description/share/tb3_description/models/sun/model.sdf
[1.104s] -- Up-to-date: /home/an/bao_ws/install/tb3_description/share/tb3_description/models/sun/model.config
[1.104s] -- Up-to-date: /home/an/bao_ws/install/tb3_description/share/tb3_description/models/sun/model-1_4.sdf
[1.105s] -- Up-to-date: /home/an/bao_ws/install/tb3_description/share/tb3_description/models/sun/model-1_3.sdf
[1.112s] -- Up-to-date: /home/an/bao_ws/install/tb3_description/share/tb3_description/models/sun/model-1_2.sdf
[1.112s] -- Up-to-date: /home/an/bao_ws/install/tb3_description/share/tb3_description/models/ground_plane
[1.113s] -- Up-to-date: /home/an/bao_ws/install/tb3_description/share/tb3_description/models/ground_plane/model.sdf
[1.116s] -- Up-to-date: /home/an/bao_ws/install/tb3_description/share/tb3_description/models/ground_plane/model.config
[1.122s] -- Up-to-date: /home/an/bao_ws/install/tb3_description/share/tb3_description/models/ground_plane/model-1_4.sdf
[1.122s] -- Up-to-date: /home/an/bao_ws/install/tb3_description/share/tb3_description/models/ground_plane/model-1_3.sdf
[1.123s] -- Up-to-date: /home/an/bao_ws/install/tb3_description/share/tb3_description/models/ground_plane/model-1_2.sdf
[1.123s] -- Up-to-date: /home/an/bao_ws/install/tb3_description/share/ament_index/resource_index/package_run_dependencies/tb3_description
[1.124s] -- Up-to-date: /home/an/bao_ws/install/tb3_description/share/ament_index/resource_index/parent_prefix_path/tb3_description
[1.124s] -- Up-to-date: /home/an/bao_ws/install/tb3_description/share/tb3_description/environment/ament_prefix_path.sh
[1.125s] -- Up-to-date: /home/an/bao_ws/install/tb3_description/share/tb3_description/environment/ament_prefix_path.dsv
[1.125s] -- Up-to-date: /home/an/bao_ws/install/tb3_description/share/tb3_description/environment/path.sh
[1.125s] -- Up-to-date: /home/an/bao_ws/install/tb3_description/share/tb3_description/environment/path.dsv
[1.126s] -- Up-to-date: /home/an/bao_ws/install/tb3_description/share/tb3_description/local_setup.bash
[1.127s] -- Up-to-date: /home/an/bao_ws/install/tb3_description/share/tb3_description/local_setup.sh
[1.127s] -- Up-to-date: /home/an/bao_ws/install/tb3_description/share/tb3_description/local_setup.zsh
[1.128s] -- Up-to-date: /home/an/bao_ws/install/tb3_description/share/tb3_description/local_setup.dsv
[1.129s] -- Installing: /home/an/bao_ws/install/tb3_description/share/tb3_description/package.dsv
[1.137s] -- Up-to-date: /home/an/bao_ws/install/tb3_description/share/ament_index/resource_index/packages/tb3_description
[1.137s] -- Up-to-date: /home/an/bao_ws/install/tb3_description/share/tb3_description/cmake/tb3_descriptionConfig.cmake
[1.154s] -- Up-to-date: /home/an/bao_ws/install/tb3_description/share/tb3_description/cmake/tb3_descriptionConfig-version.cmake
[1.155s] -- Up-to-date: /home/an/bao_ws/install/tb3_description/share/tb3_description/package.xml
[1.156s] Invoked command in '/home/an/bao_ws/build/tb3_description' returned '0': CMAKE_PREFIX_PATH=${CMAKE_PREFIX_PATH}:/home/an/ros2_ws/install/self_driving:/opt/ros/humble /usr/bin/cmake --install /home/an/bao_ws/build/tb3_description
