[0.106s] Invoking command in '/home/an/bao_ws/build/tb3_description': CMAKE_PREFIX_PATH=${CMAKE_PREFIX_PATH}:/home/an/ros2_ws/install/self_driving:/opt/ros/humble /usr/bin/cmake --build /home/an/bao_ws/build/tb3_description -- -j4 -l4
[0.315s] Invoked command in '/home/an/bao_ws/build/tb3_description' returned '0': CMAKE_PREFIX_PATH=${CMAKE_PREFIX_PATH}:/home/an/ros2_ws/install/self_driving:/opt/ros/humble /usr/bin/cmake --build /home/an/bao_ws/build/tb3_description -- -j4 -l4
[0.478s] Invoking command in '/home/an/bao_ws/build/tb3_description': CMAKE_PREFIX_PATH=${CMAKE_PREFIX_PATH}:/home/an/ros2_ws/install/self_driving:/opt/ros/humble /usr/bin/cmake --install /home/an/bao_ws/build/tb3_description
[0.514s] -- Install configuration: ""
[0.517s] -- Up-to-date: /home/an/bao_ws/install/tb3_description/share/tb3_description/meshes
[0.519s] -- Up-to-date: /home/an/bao_ws/install/tb3_description/share/tb3_description/meshes/lidar_link.stl
[0.520s] -- Up-to-date: /home/an/bao_ws/install/tb3_description/share/tb3_description/meshes/base_link.stl
[0.521s] -- Up-to-date: /home/an/bao_ws/install/tb3_description/share/tb3_description/meshes/imu_link.stl
[0.522s] -- Up-to-date: /home/an/bao_ws/install/tb3_description/share/tb3_description/meshes/wheel_right_link.stl
[0.523s] -- Up-to-date: /home/an/bao_ws/install/tb3_description/share/tb3_description/meshes/caster_back_left_link.stl
[0.523s] -- Up-to-date: /home/an/bao_ws/install/tb3_description/share/tb3_description/meshes/r200_link.dae
[0.524s] -- Up-to-date: /home/an/bao_ws/install/tb3_description/share/tb3_description/meshes/caster_back_right_link.stl
[0.525s] -- Up-to-date: /home/an/bao_ws/install/tb3_description/share/tb3_description/meshes/TB3-RPi-camera-mount.stl
[0.526s] -- Up-to-date: /home/an/bao_ws/install/tb3_description/share/tb3_description/meshes/wheel_left_link.stl
[0.527s] -- Up-to-date: /home/an/bao_ws/install/tb3_description/share/tb3_description/meshes/pi_cam_v3_link.stl
[0.528s] -- Up-to-date: /home/an/bao_ws/install/tb3_description/share/tb3_description/urdf
[0.528s] -- Up-to-date: /home/an/bao_ws/install/tb3_description/share/tb3_description/urdf/turtlebot3_waffle.urdf.xacro
[0.529s] -- Up-to-date: /home/an/bao_ws/install/tb3_description/share/tb3_description/urdf/gazebo_control.xacro
[0.530s] -- Up-to-date: /home/an/bao_ws/install/tb3_description/share/tb3_description/urdf/turtlebot3_waffle_ros2_control.xacro
[0.531s] -- Up-to-date: /home/an/bao_ws/install/tb3_description/share/tb3_description/urdf/turtlebot3_waffle.gazebo.xacro
[0.532s] -- Up-to-date: /home/an/bao_ws/install/tb3_description/share/tb3_description/urdf/common_properties.xacro
[0.532s] -- Up-to-date: /home/an/bao_ws/install/tb3_description/share/tb3_description/launch
[0.535s] -- Up-to-date: /home/an/bao_ws/install/tb3_description/share/tb3_description/launch/gzserver.launch.py
[0.535s] -- Up-to-date: /home/an/bao_ws/install/tb3_description/share/tb3_description/launch/joystick_teleop.launch.py
[0.536s] -- Up-to-date: /home/an/bao_ws/install/tb3_description/share/tb3_description/launch/display.launch.py
[0.537s] -- Up-to-date: /home/an/bao_ws/install/tb3_description/share/tb3_description/launch/gazebo.launch.py
[0.538s] -- Up-to-date: /home/an/bao_ws/install/tb3_description/share/tb3_description/rviz
[0.539s] -- Up-to-date: /home/an/bao_ws/install/tb3_description/share/tb3_description/rviz/main.rviz
[0.540s] -- Up-to-date: /home/an/bao_ws/install/tb3_description/share/tb3_description/rviz/display.rviz
[0.541s] -- Up-to-date: /home/an/bao_ws/install/tb3_description/share/tb3_description/rviz/control.rviz
[0.541s] -- Up-to-date: /home/an/bao_ws/install/tb3_description/share/tb3_description/gazebo_world
[0.543s] -- Up-to-date: /home/an/bao_ws/install/tb3_description/share/tb3_description/gazebo_world/test_laser_world
[0.544s] -- Up-to-date: /home/an/bao_ws/install/tb3_description/share/tb3_description/gazebo_world/test_maze
[0.545s] -- Up-to-date: /home/an/bao_ws/install/tb3_description/share/tb3_description/gazebo_world/empty
[0.545s] -- Up-to-date: /home/an/bao_ws/install/tb3_description/share/tb3_description/gazebo_world/small_maze
[0.546s] -- Up-to-date: /home/an/bao_ws/install/tb3_description/share/tb3_description/gazebo_world/hanh_lang
[0.546s] -- Up-to-date: /home/an/bao_ws/install/tb3_description/share/tb3_description/gazebo_world/empty_world
[0.547s] -- Up-to-date: /home/an/bao_ws/install/tb3_description/share/tb3_description/models
[0.547s] -- Up-to-date: /home/an/bao_ws/install/tb3_description/share/tb3_description/models/sun
[0.548s] -- Up-to-date: /home/an/bao_ws/install/tb3_description/share/tb3_description/models/sun/model.sdf
[0.549s] -- Up-to-date: /home/an/bao_ws/install/tb3_description/share/tb3_description/models/sun/model.config
[0.549s] -- Up-to-date: /home/an/bao_ws/install/tb3_description/share/tb3_description/models/sun/model-1_4.sdf
[0.550s] -- Up-to-date: /home/an/bao_ws/install/tb3_description/share/tb3_description/models/sun/model-1_3.sdf
[0.551s] -- Up-to-date: /home/an/bao_ws/install/tb3_description/share/tb3_description/models/sun/model-1_2.sdf
[0.552s] -- Up-to-date: /home/an/bao_ws/install/tb3_description/share/tb3_description/models/ground_plane
[0.553s] -- Up-to-date: /home/an/bao_ws/install/tb3_description/share/tb3_description/models/ground_plane/model.sdf
[0.555s] -- Up-to-date: /home/an/bao_ws/install/tb3_description/share/tb3_description/models/ground_plane/model.config
[0.557s] -- Up-to-date: /home/an/bao_ws/install/tb3_description/share/tb3_description/models/ground_plane/model-1_4.sdf
[0.558s] -- Up-to-date: /home/an/bao_ws/install/tb3_description/share/tb3_description/models/ground_plane/model-1_3.sdf
[0.558s] -- Up-to-date: /home/an/bao_ws/install/tb3_description/share/tb3_description/models/ground_plane/model-1_2.sdf
[0.558s] -- Up-to-date: /home/an/bao_ws/install/tb3_description/share/ament_index/resource_index/package_run_dependencies/tb3_description
[0.559s] -- Up-to-date: /home/an/bao_ws/install/tb3_description/share/ament_index/resource_index/parent_prefix_path/tb3_description
[0.560s] -- Up-to-date: /home/an/bao_ws/install/tb3_description/share/tb3_description/environment/ament_prefix_path.sh
[0.560s] -- Up-to-date: /home/an/bao_ws/install/tb3_description/share/tb3_description/environment/ament_prefix_path.dsv
[0.561s] -- Up-to-date: /home/an/bao_ws/install/tb3_description/share/tb3_description/environment/path.sh
[0.562s] -- Up-to-date: /home/an/bao_ws/install/tb3_description/share/tb3_description/environment/path.dsv
[0.564s] -- Up-to-date: /home/an/bao_ws/install/tb3_description/share/tb3_description/local_setup.bash
[0.564s] -- Up-to-date: /home/an/bao_ws/install/tb3_description/share/tb3_description/local_setup.sh
[0.565s] -- Up-to-date: /home/an/bao_ws/install/tb3_description/share/tb3_description/local_setup.zsh
[0.565s] -- Up-to-date: /home/an/bao_ws/install/tb3_description/share/tb3_description/local_setup.dsv
[0.566s] -- Installing: /home/an/bao_ws/install/tb3_description/share/tb3_description/package.dsv
[0.566s] -- Up-to-date: /home/an/bao_ws/install/tb3_description/share/ament_index/resource_index/packages/tb3_description
[0.567s] -- Up-to-date: /home/an/bao_ws/install/tb3_description/share/tb3_description/cmake/tb3_descriptionConfig.cmake
[0.567s] -- Up-to-date: /home/an/bao_ws/install/tb3_description/share/tb3_description/cmake/tb3_descriptionConfig-version.cmake
[0.568s] -- Up-to-date: /home/an/bao_ws/install/tb3_description/share/tb3_description/package.xml
[0.579s] Invoked command in '/home/an/bao_ws/build/tb3_description' returned '0': CMAKE_PREFIX_PATH=${CMAKE_PREFIX_PATH}:/home/an/ros2_ws/install/self_driving:/opt/ros/humble /usr/bin/cmake --install /home/an/bao_ws/build/tb3_description
